<?xml version="1.0" encoding="UTF-8"?>
<testsuite xmlns:xsi="http://www.w3.org/2001/XMLSchema-instance" xsi:noNamespaceSchemaLocation="https://maven.apache.org/surefire/maven-surefire-plugin/xsd/surefire-test-report-3.0.xsd" version="3.0" name="dev.fabiuscaesar.vendasonline.dao.VendaDAOTest" time="0.089" tests="11" errors="0" skipped="0" failures="0">
  <properties>
[...]
</properties>
  <testcase name="removerApenasUmProduto" classname="dev.fabiuscaesar.vendasonline.dao.VendaDAOTest" time="0.006">
    <system-out><![CDATA[Hibernate: 
    
    drop table if exists tb_cliente CASCADE 
Hibernate: 
    
    drop table if exists tb_estoque CASCADE 
Hibernate: 
    
    drop table if exists tb_produto CASCADE 
Hibernate: 
    
    drop table if exists tb_produto_quantidade CASCADE 
Hibernate: 
    
    drop table if exists tb_venda CASCADE 
Hibernate: 
    
    drop sequence if exists sq_cliente
Hibernate: 
    
    drop sequence if exists sq_estoque
Hibernate: 
    
    drop sequence if exists sq_prod_qtd
Hibernate: 
    
    drop sequence if exists sq_produto
Hibernate: 
    
    drop sequence if exists sq_venda
Hibernate: create sequence sq_cliente start with 1 increment by 1
Hibernate: create sequence sq_estoque start with 1 increment by 1
Hibernate: create sequence sq_prod_qtd start with 1 increment by 1
Hibernate: create sequence sq_produto start with 1 increment by 1
Hibernate: create sequence sq_venda start with 1 increment by 1
Hibernate: 
    
    create table tb_cliente (
       id bigint not null,
        cep varchar(9) not null,
        cidade varchar(50) not null,
        cpf bigint not null,
        endereco varchar(50) not null,
        estado varchar(50) not null,
        nome varchar(50) not null,
        numero bigint not null,
        tel bigint not null,
        primary key (id)
    )
Hibernate: 
    
    create table tb_estoque (
       id bigint not null,
        quantidade integer not null,
        updated_at timestamp,
        id_produto bigint not null,
        primary key (id)
    )
Hibernate: 
    
    create table tb_produto (
       id bigint not null,
        codigo varchar(10) not null,
        descricao varchar(100) not null,
        modelo varchar(50) not null,
        nome varchar(50) not null,
        valor numeric(10,2) not null,
        primary key (id)
    )
Hibernate: 
    
    create table tb_produto_quantidade (
       id bigint not null,
        quantidade integer not null,
        valor_total numeric(19,2) not null,
        id_produto bigint not null,
        id_venda bigint not null,
        primary key (id)
    )
Hibernate: 
    
    create table tb_venda (
       id bigint not null,
        codigo varchar(20) not null,
        data_venda timestamp not null,
        status varchar(20) not null,
        valor_total numeric(19,2) not null,
        id_cliente bigint not null,
        primary key (id)
    )
Hibernate: 
    
    alter table tb_cliente 
       add constraint uk_cliente_cpf unique (cpf)
Hibernate: 
    
    alter table tb_estoque 
       add constraint uk_estoque_produto unique (id_produto)
Hibernate: 
    
    alter table tb_produto 
       add constraint uk_produto_codigo unique (codigo)
Hibernate: 
    
    alter table tb_produto_quantidade 
       add constraint uk_prod_qtd_venda_prod unique (id_venda, id_produto)
Hibernate: 
    
    alter table tb_venda 
       add constraint uk_venda_codigo unique (codigo)
Hibernate: 
    
    alter table tb_estoque 
       add constraint fk_estoque_produto 
       foreign key (id_produto) 
       references tb_produto
Hibernate: 
    
    alter table tb_produto_quantidade 
       add constraint fk_prod_qtd_prod 
       foreign key (id_produto) 
       references tb_produto
Hibernate: 
    
    alter table tb_produto_quantidade 
       add constraint fk_prod_qtd_venda 
       foreign key (id_venda) 
       references tb_venda
Hibernate: 
    
    alter table tb_venda 
       add constraint fk_venda_cliente 
       foreign key (id_cliente) 
       references tb_cliente
Hibernate: 
    delete 
    from
        tb_produto_quantidade
Hibernate: 
    delete 
    from
        tb_venda
Hibernate: 
    delete 
    from
        tb_produto
Hibernate: 
    delete 
    from
        tb_cliente
Hibernate: 
    call next value for sq_cliente
Hibernate: 
    insert 
    into
        tb_cliente
        (cep, cidade, cpf, endereco, estado, nome, numero, tel, id) 
    values
        (?, ?, ?, ?, ?, ?, ?, ?, ?)
Hibernate: 
    call next value for sq_produto
Hibernate: 
    insert 
    into
        tb_produto
        (codigo, descricao, modelo, nome, valor, id) 
    values
        (?, ?, ?, ?, ?, ?)
Hibernate: 
    call next value for sq_venda
Hibernate: 
    call next value for sq_prod_qtd
Hibernate: 
    insert 
    into
        tb_venda
        (id_cliente, codigo, data_venda, status, valor_total, id) 
    values
        (?, ?, ?, ?, ?, ?)
Hibernate: 
    insert 
    into
        tb_produto_quantidade
        (id_produto, quantidade, valor_total, id_venda, id) 
    values
        (?, ?, ?, ?, ?)
Hibernate: 
    call next value for sq_produto
Hibernate: 
    insert 
    into
        tb_produto
        (codigo, descricao, modelo, nome, valor, id) 
    values
        (?, ?, ?, ?, ?, ?)
Hibernate: 
    select
        venda0_.id as id1_4_,
        venda0_.id_cliente as id_clien6_4_,
        venda0_.codigo as codigo2_4_,
        venda0_.data_venda as data_ven3_4_,
        venda0_.status as status4_4_,
        venda0_.valor_total as valor_to5_4_ 
    from
        tb_venda venda0_ 
    where
        venda0_.codigo=?
Hibernate: 
    delete 
    from
        tb_produto_quantidade
Hibernate: 
    delete 
    from
        tb_venda
Hibernate: 
    delete 
    from
        tb_produto
Hibernate: 
    delete 
    from
        tb_cliente
]]></system-out>
    <system-err><![CDATA[out 24, 2025 3:36:06 PM org.hibernate.jpa.internal.util.LogHelper logPersistenceUnitInformation
INFO: HHH000204: Processing PersistenceUnitInfo [name: test]
out 24, 2025 3:36:06 PM org.hibernate.engine.jdbc.connections.internal.DriverManagerConnectionProviderImpl configure
WARN: HHH10001002: Using Hibernate built-in connection pool (not for production use!)
out 24, 2025 3:36:06 PM org.hibernate.engine.jdbc.connections.internal.DriverManagerConnectionProviderImpl buildCreator
INFO: HHH10001005: using driver [org.h2.Driver] at URL [jdbc:h2:mem:vendasonline_test;MODE=PostgreSQL;DB_CLOSE_DELAY=0;DATABASE_TO_UPPER=false]
out 24, 2025 3:36:06 PM org.hibernate.engine.jdbc.connections.internal.DriverManagerConnectionProviderImpl buildCreator
INFO: HHH10001001: Connection properties: {password=****, user=sa}
out 24, 2025 3:36:06 PM org.hibernate.engine.jdbc.connections.internal.DriverManagerConnectionProviderImpl buildCreator
INFO: HHH10001003: Autocommit mode: false
out 24, 2025 3:36:06 PM org.hibernate.engine.jdbc.connections.internal.DriverManagerConnectionProviderImpl$PooledConnections <init>
INFO: HHH000115: Hibernate connection pool size: 20 (min=1)
out 24, 2025 3:36:06 PM org.hibernate.dialect.Dialect <init>
INFO: HHH000400: Using dialect: org.hibernate.dialect.H2Dialect
out 24, 2025 3:36:06 PM org.hibernate.resource.beans.spi.ManagedBeanRegistryInitiator resolveBeanContainer
INFO: HHH10005002: No explicit CDI BeanManager reference was passed to Hibernate, but CDI is available on the Hibernate ClassLoader.
out 24, 2025 3:36:07 PM org.hibernate.resource.transaction.backend.jdbc.internal.DdlTransactionIsolatorNonJtaImpl getIsolatedConnection
INFO: HHH10001501: Connection obtained from JdbcConnectionAccess [org.hibernate.engine.jdbc.env.internal.JdbcEnvironmentInitiator$ConnectionProviderJdbcConnectionAccess@4a6dd88e] for (non-JTA) DDL execution was not in auto-commit mode; the Connection 'local transaction' will be committed and the Connection will be set into auto-commit mode.
out 24, 2025 3:36:07 PM org.hibernate.resource.transaction.backend.jdbc.internal.DdlTransactionIsolatorNonJtaImpl getIsolatedConnection
INFO: HHH10001501: Connection obtained from JdbcConnectionAccess [org.hibernate.engine.jdbc.env.internal.JdbcEnvironmentInitiator$ConnectionProviderJdbcConnectionAccess@2c3c05ff] for (non-JTA) DDL execution was not in auto-commit mode; the Connection 'local transaction' will be committed and the Connection will be set into auto-commit mode.
out 24, 2025 3:36:07 PM org.hibernate.engine.transaction.jta.platform.internal.JtaPlatformInitiator initiateService
INFO: HHH000490: Using JtaPlatform implementation: [org.hibernate.engine.transaction.jta.platform.internal.NoJtaPlatform]
]]></system-err>
  </testcase>
  <testcase name="salvarVendaMesmoCodigoExistente" classname="dev.fabiuscaesar.vendasonline.dao.VendaDAOTest" time="0.004">
    <system-out><![CDATA[Hibernate: 
    delete 
    from
        tb_produto_quantidade
Hibernate: 
    delete 
    from
        tb_venda
Hibernate: 
    delete 
    from
        tb_produto
Hibernate: 
    delete 
    from
        tb_cliente
Hibernate: 
    call next value for sq_cliente
Hibernate: 
    insert 
    into
        tb_cliente
        (cep, cidade, cpf, endereco, estado, nome, numero, tel, id) 
    values
        (?, ?, ?, ?, ?, ?, ?, ?, ?)
Hibernate: 
    call next value for sq_produto
Hibernate: 
    insert 
    into
        tb_produto
        (codigo, descricao, modelo, nome, valor, id) 
    values
        (?, ?, ?, ?, ?, ?)
Hibernate: 
    call next value for sq_venda
Hibernate: 
    call next value for sq_prod_qtd
Hibernate: 
    insert 
    into
        tb_venda
        (id_cliente, codigo, data_venda, status, valor_total, id) 
    values
        (?, ?, ?, ?, ?, ?)
Hibernate: 
    insert 
    into
        tb_produto_quantidade
        (id_produto, quantidade, valor_total, id_venda, id) 
    values
        (?, ?, ?, ?, ?)
Hibernate: 
    call next value for sq_venda
Hibernate: 
    call next value for sq_prod_qtd
Hibernate: 
    insert 
    into
        tb_venda
        (id_cliente, codigo, data_venda, status, valor_total, id) 
    values
        (?, ?, ?, ?, ?, ?)
Hibernate: 
    delete 
    from
        tb_produto_quantidade
Hibernate: 
    delete 
    from
        tb_venda
Hibernate: 
    delete 
    from
        tb_produto
Hibernate: 
    delete 
    from
        tb_cliente
]]></system-out>
    <system-err><![CDATA[out 24, 2025 3:36:07 PM org.hibernate.engine.jdbc.spi.SqlExceptionHelper logExceptions
WARN: SQL Error: 23505, SQLState: 23505
out 24, 2025 3:36:07 PM org.hibernate.engine.jdbc.spi.SqlExceptionHelper logExceptions
ERROR: Unique index or primary key violation: "PUBLIC.uk_venda_codigo_INDEX_F ON PUBLIC.tb_venda(codigo NULLS FIRST) VALUES ( /* 2 */ 'DUP' )"; SQL statement:
insert into tb_venda (id_cliente, codigo, data_venda, status, valor_total, id) values (?, ?, ?, ?, ?, ?) [23505-224]
out 24, 2025 3:36:07 PM org.hibernate.engine.jdbc.batch.internal.AbstractBatchImpl release
INFO: HHH000010: On release of batch it still contained JDBC statements
]]></system-err>
  </testcase>
  <testcase name="finalizarVenda" classname="dev.fabiuscaesar.vendasonline.dao.VendaDAOTest" time="0.003">
    <system-out><![CDATA[Hibernate: 
    delete 
    from
        tb_produto_quantidade
Hibernate: 
    delete 
    from
        tb_venda
Hibernate: 
    delete 
    from
        tb_produto
Hibernate: 
    delete 
    from
        tb_cliente
Hibernate: 
    call next value for sq_cliente
Hibernate: 
    insert 
    into
        tb_cliente
        (cep, cidade, cpf, endereco, estado, nome, numero, tel, id) 
    values
        (?, ?, ?, ?, ?, ?, ?, ?, ?)
Hibernate: 
    call next value for sq_produto
Hibernate: 
    insert 
    into
        tb_produto
        (codigo, descricao, modelo, nome, valor, id) 
    values
        (?, ?, ?, ?, ?, ?)
Hibernate: 
    call next value for sq_venda
Hibernate: 
    call next value for sq_prod_qtd
Hibernate: 
    insert 
    into
        tb_venda
        (id_cliente, codigo, data_venda, status, valor_total, id) 
    values
        (?, ?, ?, ?, ?, ?)
Hibernate: 
    insert 
    into
        tb_produto_quantidade
        (id_produto, quantidade, valor_total, id_venda, id) 
    values
        (?, ?, ?, ?, ?)
Hibernate: 
    select
        venda0_.id as id1_4_,
        venda0_.id_cliente as id_clien6_4_,
        venda0_.codigo as codigo2_4_,
        venda0_.data_venda as data_ven3_4_,
        venda0_.status as status4_4_,
        venda0_.valor_total as valor_to5_4_ 
    from
        tb_venda venda0_ 
    where
        venda0_.codigo=?
Hibernate: 
    update
        tb_venda 
    set
        id_cliente=?,
        codigo=?,
        data_venda=?,
        status=?,
        valor_total=? 
    where
        id=?
Hibernate: 
    select
        venda0_.id as id1_4_,
        venda0_.id_cliente as id_clien6_4_,
        venda0_.codigo as codigo2_4_,
        venda0_.data_venda as data_ven3_4_,
        venda0_.status as status4_4_,
        venda0_.valor_total as valor_to5_4_ 
    from
        tb_venda venda0_ 
    where
        venda0_.codigo=?
Hibernate: 
    delete 
    from
        tb_produto_quantidade
Hibernate: 
    delete 
    from
        tb_venda
Hibernate: 
    delete 
    from
        tb_produto
Hibernate: 
    delete 
    from
        tb_cliente
]]></system-out>
  </testcase>
  <testcase name="cancelarVenda" classname="dev.fabiuscaesar.vendasonline.dao.VendaDAOTest" time="0.01">
    <system-out><![CDATA[Hibernate: 
    delete 
    from
        tb_produto_quantidade
Hibernate: 
    delete 
    from
        tb_venda
Hibernate: 
    delete 
    from
        tb_produto
Hibernate: 
    delete 
    from
        tb_cliente
Hibernate: 
    call next value for sq_cliente
Hibernate: 
    insert 
    into
        tb_cliente
        (cep, cidade, cpf, endereco, estado, nome, numero, tel, id) 
    values
        (?, ?, ?, ?, ?, ?, ?, ?, ?)
Hibernate: 
    call next value for sq_produto
Hibernate: 
    insert 
    into
        tb_produto
        (codigo, descricao, modelo, nome, valor, id) 
    values
        (?, ?, ?, ?, ?, ?)
Hibernate: 
    call next value for sq_venda
Hibernate: 
    call next value for sq_prod_qtd
Hibernate: 
    insert 
    into
        tb_venda
        (id_cliente, codigo, data_venda, status, valor_total, id) 
    values
        (?, ?, ?, ?, ?, ?)
Hibernate: 
    insert 
    into
        tb_produto_quantidade
        (id_produto, quantidade, valor_total, id_venda, id) 
    values
        (?, ?, ?, ?, ?)
Hibernate: 
    select
        venda0_.id as id1_4_,
        venda0_.id_cliente as id_clien6_4_,
        venda0_.codigo as codigo2_4_,
        venda0_.data_venda as data_ven3_4_,
        venda0_.status as status4_4_,
        venda0_.valor_total as valor_to5_4_ 
    from
        tb_venda venda0_ 
    where
        venda0_.codigo=?
Hibernate: 
    update
        tb_venda 
    set
        id_cliente=?,
        codigo=?,
        data_venda=?,
        status=?,
        valor_total=? 
    where
        id=?
Hibernate: 
    delete 
    from
        tb_produto_quantidade 
    where
        id=?
Hibernate: 
    select
        venda0_.id as id1_4_,
        venda0_.id_cliente as id_clien6_4_,
        venda0_.codigo as codigo2_4_,
        venda0_.data_venda as data_ven3_4_,
        venda0_.status as status4_4_,
        venda0_.valor_total as valor_to5_4_ 
    from
        tb_venda venda0_ 
    where
        venda0_.codigo=?
Hibernate: 
    delete 
    from
        tb_produto_quantidade
Hibernate: 
    delete 
    from
        tb_venda
Hibernate: 
    delete 
    from
        tb_produto
Hibernate: 
    delete 
    from
        tb_cliente
]]></system-out>
  </testcase>
  <testcase name="salvar" classname="dev.fabiuscaesar.vendasonline.dao.VendaDAOTest" time="0.002">
    <system-out><![CDATA[Hibernate: 
    delete 
    from
        tb_produto_quantidade
Hibernate: 
    delete 
    from
        tb_venda
Hibernate: 
    delete 
    from
        tb_produto
Hibernate: 
    delete 
    from
        tb_cliente
Hibernate: 
    call next value for sq_cliente
Hibernate: 
    insert 
    into
        tb_cliente
        (cep, cidade, cpf, endereco, estado, nome, numero, tel, id) 
    values
        (?, ?, ?, ?, ?, ?, ?, ?, ?)
Hibernate: 
    call next value for sq_produto
Hibernate: 
    insert 
    into
        tb_produto
        (codigo, descricao, modelo, nome, valor, id) 
    values
        (?, ?, ?, ?, ?, ?)
Hibernate: 
    call next value for sq_venda
Hibernate: 
    call next value for sq_prod_qtd
Hibernate: 
    insert 
    into
        tb_venda
        (id_cliente, codigo, data_venda, status, valor_total, id) 
    values
        (?, ?, ?, ?, ?, ?)
Hibernate: 
    insert 
    into
        tb_produto_quantidade
        (id_produto, quantidade, valor_total, id_venda, id) 
    values
        (?, ?, ?, ?, ?)
Hibernate: 
    select
        venda0_.id as id1_4_,
        venda0_.id_cliente as id_clien6_4_,
        venda0_.codigo as codigo2_4_,
        venda0_.data_venda as data_ven3_4_,
        venda0_.status as status4_4_,
        venda0_.valor_total as valor_to5_4_ 
    from
        tb_venda venda0_ 
    where
        venda0_.codigo=?
Hibernate: 
    delete 
    from
        tb_produto_quantidade
Hibernate: 
    delete 
    from
        tb_venda
Hibernate: 
    delete 
    from
        tb_produto
Hibernate: 
    delete 
    from
        tb_cliente
]]></system-out>
  </testcase>
  <testcase name="tentarAdicionarProdutosVendaFinalizada" classname="dev.fabiuscaesar.vendasonline.dao.VendaDAOTest" time="0.003">
    <system-out><![CDATA[Hibernate: 
    delete 
    from
        tb_produto_quantidade
Hibernate: 
    delete 
    from
        tb_venda
Hibernate: 
    delete 
    from
        tb_produto
Hibernate: 
    delete 
    from
        tb_cliente
Hibernate: 
    call next value for sq_cliente
Hibernate: 
    insert 
    into
        tb_cliente
        (cep, cidade, cpf, endereco, estado, nome, numero, tel, id) 
    values
        (?, ?, ?, ?, ?, ?, ?, ?, ?)
Hibernate: 
    call next value for sq_produto
Hibernate: 
    insert 
    into
        tb_produto
        (codigo, descricao, modelo, nome, valor, id) 
    values
        (?, ?, ?, ?, ?, ?)
Hibernate: 
    call next value for sq_venda
Hibernate: 
    call next value for sq_prod_qtd
Hibernate: 
    insert 
    into
        tb_venda
        (id_cliente, codigo, data_venda, status, valor_total, id) 
    values
        (?, ?, ?, ?, ?, ?)
Hibernate: 
    insert 
    into
        tb_produto_quantidade
        (id_produto, quantidade, valor_total, id_venda, id) 
    values
        (?, ?, ?, ?, ?)
Hibernate: 
    select
        venda0_.id as id1_4_,
        venda0_.id_cliente as id_clien6_4_,
        venda0_.codigo as codigo2_4_,
        venda0_.data_venda as data_ven3_4_,
        venda0_.status as status4_4_,
        venda0_.valor_total as valor_to5_4_ 
    from
        tb_venda venda0_ 
    where
        venda0_.codigo=?
Hibernate: 
    update
        tb_venda 
    set
        id_cliente=?,
        codigo=?,
        data_venda=?,
        status=?,
        valor_total=? 
    where
        id=?
Hibernate: 
    delete 
    from
        tb_produto_quantidade
Hibernate: 
    delete 
    from
        tb_venda
Hibernate: 
    delete 
    from
        tb_produto
Hibernate: 
    delete 
    from
        tb_cliente
]]></system-out>
  </testcase>
  <testcase name="removerTodosProdutos" classname="dev.fabiuscaesar.vendasonline.dao.VendaDAOTest" time="0.006">
    <system-out><![CDATA[Hibernate: 
    delete 
    from
        tb_produto_quantidade
Hibernate: 
    delete 
    from
        tb_venda
Hibernate: 
    delete 
    from
        tb_produto
Hibernate: 
    delete 
    from
        tb_cliente
Hibernate: 
    call next value for sq_cliente
Hibernate: 
    insert 
    into
        tb_cliente
        (cep, cidade, cpf, endereco, estado, nome, numero, tel, id) 
    values
        (?, ?, ?, ?, ?, ?, ?, ?, ?)
Hibernate: 
    call next value for sq_produto
Hibernate: 
    insert 
    into
        tb_produto
        (codigo, descricao, modelo, nome, valor, id) 
    values
        (?, ?, ?, ?, ?, ?)
Hibernate: 
    call next value for sq_venda
Hibernate: 
    call next value for sq_prod_qtd
Hibernate: 
    insert 
    into
        tb_venda
        (id_cliente, codigo, data_venda, status, valor_total, id) 
    values
        (?, ?, ?, ?, ?, ?)
Hibernate: 
    insert 
    into
        tb_produto_quantidade
        (id_produto, quantidade, valor_total, id_venda, id) 
    values
        (?, ?, ?, ?, ?)
Hibernate: 
    call next value for sq_produto
Hibernate: 
    insert 
    into
        tb_produto
        (codigo, descricao, modelo, nome, valor, id) 
    values
        (?, ?, ?, ?, ?, ?)
Hibernate: 
    select
        venda0_.id as id1_4_,
        venda0_.id_cliente as id_clien6_4_,
        venda0_.codigo as codigo2_4_,
        venda0_.data_venda as data_ven3_4_,
        venda0_.status as status4_4_,
        venda0_.valor_total as valor_to5_4_ 
    from
        tb_venda venda0_ 
    where
        venda0_.codigo=?
Hibernate: 
    update
        tb_venda 
    set
        id_cliente=?,
        codigo=?,
        data_venda=?,
        status=?,
        valor_total=? 
    where
        id=?
Hibernate: 
    delete 
    from
        tb_produto_quantidade 
    where
        id=?
Hibernate: 
    delete 
    from
        tb_produto_quantidade
Hibernate: 
    delete 
    from
        tb_venda
Hibernate: 
    delete 
    from
        tb_produto
Hibernate: 
    delete 
    from
        tb_cliente
]]></system-out>
  </testcase>
  <testcase name="adicionarMaisProdutosDiferentes" classname="dev.fabiuscaesar.vendasonline.dao.VendaDAOTest" time="0.002">
    <system-out><![CDATA[Hibernate: 
    delete 
    from
        tb_produto_quantidade
Hibernate: 
    delete 
    from
        tb_venda
Hibernate: 
    delete 
    from
        tb_produto
Hibernate: 
    delete 
    from
        tb_cliente
Hibernate: 
    call next value for sq_cliente
Hibernate: 
    insert 
    into
        tb_cliente
        (cep, cidade, cpf, endereco, estado, nome, numero, tel, id) 
    values
        (?, ?, ?, ?, ?, ?, ?, ?, ?)
Hibernate: 
    call next value for sq_produto
Hibernate: 
    insert 
    into
        tb_produto
        (codigo, descricao, modelo, nome, valor, id) 
    values
        (?, ?, ?, ?, ?, ?)
Hibernate: 
    call next value for sq_venda
Hibernate: 
    call next value for sq_prod_qtd
Hibernate: 
    insert 
    into
        tb_venda
        (id_cliente, codigo, data_venda, status, valor_total, id) 
    values
        (?, ?, ?, ?, ?, ?)
Hibernate: 
    insert 
    into
        tb_produto_quantidade
        (id_produto, quantidade, valor_total, id_venda, id) 
    values
        (?, ?, ?, ?, ?)
Hibernate: 
    call next value for sq_produto
Hibernate: 
    insert 
    into
        tb_produto
        (codigo, descricao, modelo, nome, valor, id) 
    values
        (?, ?, ?, ?, ?, ?)
Hibernate: 
    select
        venda0_.id as id1_4_,
        venda0_.id_cliente as id_clien6_4_,
        venda0_.codigo as codigo2_4_,
        venda0_.data_venda as data_ven3_4_,
        venda0_.status as status4_4_,
        venda0_.valor_total as valor_to5_4_ 
    from
        tb_venda venda0_ 
    where
        venda0_.codigo=?
Hibernate: 
    call next value for sq_prod_qtd
Hibernate: 
    insert 
    into
        tb_produto_quantidade
        (id_produto, quantidade, valor_total, id_venda, id) 
    values
        (?, ?, ?, ?, ?)
Hibernate: 
    update
        tb_venda 
    set
        id_cliente=?,
        codigo=?,
        data_venda=?,
        status=?,
        valor_total=? 
    where
        id=?
Hibernate: 
    delete 
    from
        tb_produto_quantidade
Hibernate: 
    delete 
    from
        tb_venda
Hibernate: 
    delete 
    from
        tb_produto
Hibernate: 
    delete 
    from
        tb_cliente
]]></system-out>
  </testcase>
  <testcase name="adicionarMaisProdutosDoMesmo" classname="dev.fabiuscaesar.vendasonline.dao.VendaDAOTest" time="0.02">
    <system-out><![CDATA[Hibernate: 
    delete 
    from
        tb_produto_quantidade
Hibernate: 
    delete 
    from
        tb_venda
Hibernate: 
    delete 
    from
        tb_produto
Hibernate: 
    delete 
    from
        tb_cliente
Hibernate: 
    call next value for sq_cliente
Hibernate: 
    insert 
    into
        tb_cliente
        (cep, cidade, cpf, endereco, estado, nome, numero, tel, id) 
    values
        (?, ?, ?, ?, ?, ?, ?, ?, ?)
Hibernate: 
    call next value for sq_produto
Hibernate: 
    insert 
    into
        tb_produto
        (codigo, descricao, modelo, nome, valor, id) 
    values
        (?, ?, ?, ?, ?, ?)
Hibernate: 
    call next value for sq_venda
Hibernate: 
    call next value for sq_prod_qtd
Hibernate: 
    insert 
    into
        tb_venda
        (id_cliente, codigo, data_venda, status, valor_total, id) 
    values
        (?, ?, ?, ?, ?, ?)
Hibernate: 
    insert 
    into
        tb_produto_quantidade
        (id_produto, quantidade, valor_total, id_venda, id) 
    values
        (?, ?, ?, ?, ?)
Hibernate: 
    select
        venda0_.id as id1_4_,
        venda0_.id_cliente as id_clien6_4_,
        venda0_.codigo as codigo2_4_,
        venda0_.data_venda as data_ven3_4_,
        venda0_.status as status4_4_,
        venda0_.valor_total as valor_to5_4_ 
    from
        tb_venda venda0_ 
    where
        venda0_.codigo=?
Hibernate: 
    update
        tb_venda 
    set
        id_cliente=?,
        codigo=?,
        data_venda=?,
        status=?,
        valor_total=? 
    where
        id=?
Hibernate: 
    update
        tb_produto_quantidade 
    set
        id_produto=?,
        quantidade=?,
        valor_total=?,
        id_venda=? 
    where
        id=?
Hibernate: 
    delete 
    from
        tb_produto_quantidade
Hibernate: 
    delete 
    from
        tb_venda
Hibernate: 
    delete 
    from
        tb_produto
Hibernate: 
    delete 
    from
        tb_cliente
]]></system-out>
  </testcase>
  <testcase name="removerProduto" classname="dev.fabiuscaesar.vendasonline.dao.VendaDAOTest" time="0.002">
    <system-out><![CDATA[Hibernate: 
    delete 
    from
        tb_produto_quantidade
Hibernate: 
    delete 
    from
        tb_venda
Hibernate: 
    delete 
    from
        tb_produto
Hibernate: 
    delete 
    from
        tb_cliente
Hibernate: 
    call next value for sq_cliente
Hibernate: 
    insert 
    into
        tb_cliente
        (cep, cidade, cpf, endereco, estado, nome, numero, tel, id) 
    values
        (?, ?, ?, ?, ?, ?, ?, ?, ?)
Hibernate: 
    call next value for sq_produto
Hibernate: 
    insert 
    into
        tb_produto
        (codigo, descricao, modelo, nome, valor, id) 
    values
        (?, ?, ?, ?, ?, ?)
Hibernate: 
    call next value for sq_venda
Hibernate: 
    call next value for sq_prod_qtd
Hibernate: 
    insert 
    into
        tb_venda
        (id_cliente, codigo, data_venda, status, valor_total, id) 
    values
        (?, ?, ?, ?, ?, ?)
Hibernate: 
    insert 
    into
        tb_produto_quantidade
        (id_produto, quantidade, valor_total, id_venda, id) 
    values
        (?, ?, ?, ?, ?)
Hibernate: 
    call next value for sq_produto
Hibernate: 
    insert 
    into
        tb_produto
        (codigo, descricao, modelo, nome, valor, id) 
    values
        (?, ?, ?, ?, ?, ?)
Hibernate: 
    select
        venda0_.id as id1_4_,
        venda0_.id_cliente as id_clien6_4_,
        venda0_.codigo as codigo2_4_,
        venda0_.data_venda as data_ven3_4_,
        venda0_.status as status4_4_,
        venda0_.valor_total as valor_to5_4_ 
    from
        tb_venda venda0_ 
    where
        venda0_.codigo=?
Hibernate: 
    delete 
    from
        tb_produto_quantidade
Hibernate: 
    delete 
    from
        tb_venda
Hibernate: 
    delete 
    from
        tb_produto
Hibernate: 
    delete 
    from
        tb_cliente
]]></system-out>
  </testcase>
  <testcase name="pesquisar" classname="dev.fabiuscaesar.vendasonline.dao.VendaDAOTest" time="0.002">
    <system-out><![CDATA[Hibernate: 
    delete 
    from
        tb_produto_quantidade
Hibernate: 
    delete 
    from
        tb_venda
Hibernate: 
    delete 
    from
        tb_produto
Hibernate: 
    delete 
    from
        tb_cliente
Hibernate: 
    call next value for sq_cliente
Hibernate: 
    insert 
    into
        tb_cliente
        (cep, cidade, cpf, endereco, estado, nome, numero, tel, id) 
    values
        (?, ?, ?, ?, ?, ?, ?, ?, ?)
Hibernate: 
    call next value for sq_produto
Hibernate: 
    insert 
    into
        tb_produto
        (codigo, descricao, modelo, nome, valor, id) 
    values
        (?, ?, ?, ?, ?, ?)
Hibernate: 
    call next value for sq_venda
Hibernate: 
    call next value for sq_prod_qtd
Hibernate: 
    insert 
    into
        tb_venda
        (id_cliente, codigo, data_venda, status, valor_total, id) 
    values
        (?, ?, ?, ?, ?, ?)
Hibernate: 
    insert 
    into
        tb_produto_quantidade
        (id_produto, quantidade, valor_total, id_venda, id) 
    values
        (?, ?, ?, ?, ?)
Hibernate: 
    select
        venda0_.id as id1_4_,
        venda0_.id_cliente as id_clien6_4_,
        venda0_.codigo as codigo2_4_,
        venda0_.data_venda as data_ven3_4_,
        venda0_.status as status4_4_,
        venda0_.valor_total as valor_to5_4_ 
    from
        tb_venda venda0_ 
    where
        venda0_.codigo=?
Hibernate: 
    delete 
    from
        tb_produto_quantidade
Hibernate: 
    delete 
    from
        tb_venda
Hibernate: 
    delete 
    from
        tb_produto
Hibernate: 
    delete 
    from
        tb_cliente
]]></system-out>
  </testcase>
</testsuite>