<?xml version="1.0" encoding="UTF-8"?>
<testsuite xmlns:xsi="http://www.w3.org/2001/XMLSchema-instance" xsi:noNamespaceSchemaLocation="https://maven.apache.org/surefire/maven-surefire-plugin/xsd/surefire-test-report-3.0.xsd" version="3.0" name="dev.fabiuscaesar.vendasonline.AllTests" time="21.101" tests="40" errors="0" skipped="0" failures="0">
  <properties>
[...]
</properties>
  <testcase name="salvarCliente" classname="dev.fabiuscaesar.vendasonline.dao.ClienteDAOTest" time="1.647">
    <system-out><![CDATA[Hibernate: 
    
    drop table if exists tb_cliente CASCADE 
Hibernate: 
    
    drop table if exists tb_estoque CASCADE 
Hibernate: 
    
    drop table if exists tb_produto CASCADE 
Hibernate: 
    
    drop table if exists tb_produto_quantidade CASCADE 
Hibernate: 
    
    drop table if exists tb_venda CASCADE 
Hibernate: 
    
    drop sequence if exists sq_cliente
Hibernate: 
    
    drop sequence if exists sq_estoque
Hibernate: 
    
    drop sequence if exists sq_prod_qtd
Hibernate: 
    
    drop sequence if exists sq_produto
Hibernate: 
    
    drop sequence if exists sq_venda
Hibernate: create sequence sq_cliente start with 1 increment by 1
Hibernate: create sequence sq_estoque start with 1 increment by 1
Hibernate: create sequence sq_prod_qtd start with 1 increment by 1
Hibernate: create sequence sq_produto start with 1 increment by 1
Hibernate: create sequence sq_venda start with 1 increment by 1
Hibernate: 
    
    create table tb_cliente (
       id bigint not null,
        cep varchar(9) not null,
        cidade varchar(50) not null,
        cpf bigint not null,
        endereco varchar(50) not null,
        estado varchar(50) not null,
        nome varchar(50) not null,
        numero bigint not null,
        tel bigint not null,
        primary key (id)
    )
Hibernate: 
    
    create table tb_estoque (
       id bigint not null,
        quantidade integer not null,
        updated_at timestamp,
        id_produto bigint not null,
        primary key (id)
    )
Hibernate: 
    
    create table tb_produto (
       id bigint not null,
        codigo varchar(10) not null,
        descricao varchar(100) not null,
        modelo varchar(50) not null,
        nome varchar(50) not null,
        valor numeric(10,2) not null,
        primary key (id)
    )
Hibernate: 
    
    create table tb_produto_quantidade (
       id bigint not null,
        quantidade integer not null,
        valor_total numeric(19,2) not null,
        id_produto bigint not null,
        id_venda bigint not null,
        primary key (id)
    )
Hibernate: 
    
    create table tb_venda (
       id bigint not null,
        codigo varchar(20) not null,
        data_venda timestamp not null,
        status varchar(20) not null,
        valor_total numeric(19,2) not null,
        id_cliente bigint not null,
        primary key (id)
    )
Hibernate: 
    
    alter table tb_cliente 
       add constraint uk_cliente_cpf unique (cpf)
Hibernate: 
    
    alter table tb_estoque 
       add constraint uk_estoque_produto unique (id_produto)
Hibernate: 
    
    alter table tb_produto 
       add constraint uk_produto_codigo unique (codigo)
Hibernate: 
    
    alter table tb_produto_quantidade 
       add constraint uk_prod_qtd_venda_prod unique (id_venda, id_produto)
Hibernate: 
    
    alter table tb_venda 
       add constraint uk_venda_codigo unique (codigo)
Hibernate: 
    
    alter table tb_estoque 
       add constraint fk_estoque_produto 
       foreign key (id_produto) 
       references tb_produto
Hibernate: 
    
    alter table tb_produto_quantidade 
       add constraint fk_prod_qtd_prod 
       foreign key (id_produto) 
       references tb_produto
Hibernate: 
    
    alter table tb_produto_quantidade 
       add constraint fk_prod_qtd_venda 
       foreign key (id_venda) 
       references tb_venda
Hibernate: 
    
    alter table tb_venda 
       add constraint fk_venda_cliente 
       foreign key (id_cliente) 
       references tb_cliente
Hibernate: 
    
    drop table if exists tb_cliente CASCADE 
Hibernate: 
    
    drop table if exists tb_estoque CASCADE 
Hibernate: 
    
    drop table if exists tb_produto CASCADE 
Hibernate: 
    
    drop table if exists tb_produto_quantidade CASCADE 
Hibernate: 
    
    drop table if exists tb_venda CASCADE 
Hibernate: 
    
    drop sequence if exists sq_cliente
Hibernate: 
    
    drop sequence if exists sq_estoque
Hibernate: 
    
    drop sequence if exists sq_prod_qtd
Hibernate: 
    
    drop sequence if exists sq_produto
Hibernate: 
    
    drop sequence if exists sq_venda
Hibernate: create sequence sq_cliente start with 1 increment by 1
Hibernate: create sequence sq_estoque start with 1 increment by 1
Hibernate: create sequence sq_prod_qtd start with 1 increment by 1
Hibernate: create sequence sq_produto start with 1 increment by 1
Hibernate: create sequence sq_venda start with 1 increment by 1
Hibernate: 
    
    create table tb_cliente (
       id bigint not null,
        cep varchar(9) not null,
        cidade varchar(50) not null,
        cpf bigint not null,
        endereco varchar(50) not null,
        estado varchar(50) not null,
        nome varchar(50) not null,
        numero bigint not null,
        tel bigint not null,
        primary key (id)
    )
Hibernate: 
    
    create table tb_estoque (
       id bigint not null,
        quantidade integer not null,
        updated_at timestamp,
        id_produto bigint not null,
        primary key (id)
    )
Hibernate: 
    
    create table tb_produto (
       id bigint not null,
        codigo varchar(10) not null,
        descricao varchar(100) not null,
        modelo varchar(50) not null,
        nome varchar(50) not null,
        valor numeric(10,2) not null,
        primary key (id)
    )
Hibernate: 
    
    create table tb_produto_quantidade (
       id bigint not null,
        quantidade integer not null,
        valor_total numeric(19,2) not null,
        id_produto bigint not null,
        id_venda bigint not null,
        primary key (id)
    )
Hibernate: 
    
    create table tb_venda (
       id bigint not null,
        codigo varchar(20) not null,
        data_venda timestamp not null,
        status varchar(20) not null,
        valor_total numeric(19,2) not null,
        id_cliente bigint not null,
        primary key (id)
    )
Hibernate: 
    
    alter table tb_cliente 
       add constraint uk_cliente_cpf unique (cpf)
Hibernate: 
    
    alter table tb_estoque 
       add constraint uk_estoque_produto unique (id_produto)
Hibernate: 
    
    alter table tb_produto 
       add constraint uk_produto_codigo unique (codigo)
Hibernate: 
    
    alter table tb_produto_quantidade 
       add constraint uk_prod_qtd_venda_prod unique (id_venda, id_produto)
Hibernate: 
    
    alter table tb_venda 
       add constraint uk_venda_codigo unique (codigo)
Hibernate: 
    
    alter table tb_estoque 
       add constraint fk_estoque_produto 
       foreign key (id_produto) 
       references tb_produto
Hibernate: 
    
    alter table tb_produto_quantidade 
       add constraint fk_prod_qtd_prod 
       foreign key (id_produto) 
       references tb_produto
Hibernate: 
    
    alter table tb_produto_quantidade 
       add constraint fk_prod_qtd_venda 
       foreign key (id_venda) 
       references tb_venda
Hibernate: 
    
    alter table tb_venda 
       add constraint fk_venda_cliente 
       foreign key (id_cliente) 
       references tb_cliente
Hibernate: 
    call next value for sq_cliente
Hibernate: 
    insert 
    into
        tb_cliente
        (cep, cidade, cpf, endereco, estado, nome, numero, tel, id) 
    values
        (?, ?, ?, ?, ?, ?, ?, ?, ?)
Hibernate: 
    select
        cliente0_.id as id1_0_,
        cliente0_.cep as cep2_0_,
        cliente0_.cidade as cidade3_0_,
        cliente0_.cpf as cpf4_0_,
        cliente0_.endereco as endereco5_0_,
        cliente0_.estado as estado6_0_,
        cliente0_.nome as nome7_0_,
        cliente0_.numero as numero8_0_,
        cliente0_.tel as tel9_0_ 
    from
        tb_cliente cliente0_ 
    where
        cliente0_.cpf=?
Hibernate: 
    delete 
    from
        tb_cliente 
    where
        id=?
Hibernate: 
    select
        cliente0_.id as id1_0_,
        cliente0_.cep as cep2_0_,
        cliente0_.cidade as cidade3_0_,
        cliente0_.cpf as cpf4_0_,
        cliente0_.endereco as endereco5_0_,
        cliente0_.estado as estado6_0_,
        cliente0_.nome as nome7_0_,
        cliente0_.numero as numero8_0_,
        cliente0_.tel as tel9_0_ 
    from
        tb_cliente cliente0_
]]></system-out>
    <system-err><![CDATA[out 24, 2025 3:35:43 PM org.hibernate.jpa.internal.util.LogHelper logPersistenceUnitInformation
INFO: HHH000204: Processing PersistenceUnitInfo [name: test]
out 24, 2025 3:35:43 PM org.hibernate.Version logVersion
INFO: HHH000412: Hibernate ORM core version 5.6.15.Final
out 24, 2025 3:35:44 PM org.hibernate.annotations.common.reflection.java.JavaReflectionManager <clinit>
INFO: HCANN000001: Hibernate Commons Annotations {5.1.2.Final}
out 24, 2025 3:35:46 PM org.hibernate.engine.jdbc.connections.internal.DriverManagerConnectionProviderImpl configure
WARN: HHH10001002: Using Hibernate built-in connection pool (not for production use!)
out 24, 2025 3:35:46 PM org.hibernate.engine.jdbc.connections.internal.DriverManagerConnectionProviderImpl buildCreator
INFO: HHH10001005: using driver [org.h2.Driver] at URL [jdbc:h2:mem:vendasonline_test;MODE=PostgreSQL;DB_CLOSE_DELAY=0;DATABASE_TO_UPPER=false]
out 24, 2025 3:35:46 PM org.hibernate.engine.jdbc.connections.internal.DriverManagerConnectionProviderImpl buildCreator
INFO: HHH10001001: Connection properties: {password=****, user=sa}
out 24, 2025 3:35:46 PM org.hibernate.engine.jdbc.connections.internal.DriverManagerConnectionProviderImpl buildCreator
INFO: HHH10001003: Autocommit mode: false
out 24, 2025 3:35:46 PM org.hibernate.engine.jdbc.connections.internal.DriverManagerConnectionProviderImpl$PooledConnections <init>
INFO: HHH000115: Hibernate connection pool size: 20 (min=1)
out 24, 2025 3:35:47 PM org.hibernate.dialect.Dialect <init>
INFO: HHH000400: Using dialect: org.hibernate.dialect.H2Dialect
out 24, 2025 3:35:47 PM org.hibernate.resource.beans.spi.ManagedBeanRegistryInitiator resolveBeanContainer
INFO: HHH10005002: No explicit CDI BeanManager reference was passed to Hibernate, but CDI is available on the Hibernate ClassLoader.
out 24, 2025 3:35:50 PM org.hibernate.resource.transaction.backend.jdbc.internal.DdlTransactionIsolatorNonJtaImpl getIsolatedConnection
INFO: HHH10001501: Connection obtained from JdbcConnectionAccess [org.hibernate.engine.jdbc.env.internal.JdbcEnvironmentInitiator$ConnectionProviderJdbcConnectionAccess@1934ad7c] for (non-JTA) DDL execution was not in auto-commit mode; the Connection 'local transaction' will be committed and the Connection will be set into auto-commit mode.
out 24, 2025 3:35:50 PM org.hibernate.resource.transaction.backend.jdbc.internal.DdlTransactionIsolatorNonJtaImpl getIsolatedConnection
INFO: HHH10001501: Connection obtained from JdbcConnectionAccess [org.hibernate.engine.jdbc.env.internal.JdbcEnvironmentInitiator$ConnectionProviderJdbcConnectionAccess@3453acd2] for (non-JTA) DDL execution was not in auto-commit mode; the Connection 'local transaction' will be committed and the Connection will be set into auto-commit mode.
out 24, 2025 3:35:50 PM org.hibernate.engine.transaction.jta.platform.internal.JtaPlatformInitiator initiateService
INFO: HHH000490: Using JtaPlatform implementation: [org.hibernate.engine.transaction.jta.platform.internal.NoJtaPlatform]
out 24, 2025 3:35:51 PM org.hibernate.jpa.internal.util.LogHelper logPersistenceUnitInformation
INFO: HHH000204: Processing PersistenceUnitInfo [name: test]
out 24, 2025 3:35:51 PM org.hibernate.engine.jdbc.connections.internal.DriverManagerConnectionProviderImpl configure
WARN: HHH10001002: Using Hibernate built-in connection pool (not for production use!)
out 24, 2025 3:35:51 PM org.hibernate.engine.jdbc.connections.internal.DriverManagerConnectionProviderImpl buildCreator
INFO: HHH10001005: using driver [org.h2.Driver] at URL [jdbc:h2:mem:vendasonline_test;MODE=PostgreSQL;DB_CLOSE_DELAY=0;DATABASE_TO_UPPER=false]
out 24, 2025 3:35:51 PM org.hibernate.engine.jdbc.connections.internal.DriverManagerConnectionProviderImpl buildCreator
INFO: HHH10001001: Connection properties: {password=****, user=sa}
out 24, 2025 3:35:51 PM org.hibernate.engine.jdbc.connections.internal.DriverManagerConnectionProviderImpl buildCreator
INFO: HHH10001003: Autocommit mode: false
out 24, 2025 3:35:51 PM org.hibernate.engine.jdbc.connections.internal.DriverManagerConnectionProviderImpl$PooledConnections <init>
INFO: HHH000115: Hibernate connection pool size: 20 (min=1)
out 24, 2025 3:35:51 PM org.hibernate.dialect.Dialect <init>
INFO: HHH000400: Using dialect: org.hibernate.dialect.H2Dialect
out 24, 2025 3:35:51 PM org.hibernate.resource.beans.spi.ManagedBeanRegistryInitiator resolveBeanContainer
INFO: HHH10005002: No explicit CDI BeanManager reference was passed to Hibernate, but CDI is available on the Hibernate ClassLoader.
out 24, 2025 3:35:52 PM org.hibernate.resource.transaction.backend.jdbc.internal.DdlTransactionIsolatorNonJtaImpl getIsolatedConnection
INFO: HHH10001501: Connection obtained from JdbcConnectionAccess [org.hibernate.engine.jdbc.env.internal.JdbcEnvironmentInitiator$ConnectionProviderJdbcConnectionAccess@4052b19f] for (non-JTA) DDL execution was not in auto-commit mode; the Connection 'local transaction' will be committed and the Connection will be set into auto-commit mode.
out 24, 2025 3:35:52 PM org.hibernate.resource.transaction.backend.jdbc.internal.DdlTransactionIsolatorNonJtaImpl getIsolatedConnection
INFO: HHH10001501: Connection obtained from JdbcConnectionAccess [org.hibernate.engine.jdbc.env.internal.JdbcEnvironmentInitiator$ConnectionProviderJdbcConnectionAccess@380ce5a3] for (non-JTA) DDL execution was not in auto-commit mode; the Connection 'local transaction' will be committed and the Connection will be set into auto-commit mode.
out 24, 2025 3:35:52 PM org.hibernate.engine.transaction.jta.platform.internal.JtaPlatformInitiator initiateService
INFO: HHH000490: Using JtaPlatform implementation: [org.hibernate.engine.transaction.jta.platform.internal.NoJtaPlatform]
out 24, 2025 3:35:52 PM org.hibernate.engine.jdbc.connections.internal.DriverManagerConnectionProviderImpl$PoolState stop
INFO: HHH10001008: Cleaning up connection pool [jdbc:h2:mem:vendasonline_test;MODE=PostgreSQL;DB_CLOSE_DELAY=0;DATABASE_TO_UPPER=false]
]]></system-err>
  </testcase>
  <testcase name="excluirCliente" classname="dev.fabiuscaesar.vendasonline.dao.ClienteDAOTest" time="0.932">
    <system-out><![CDATA[Hibernate: 
    
    drop table if exists tb_cliente CASCADE 
Hibernate: 
    
    drop table if exists tb_estoque CASCADE 
Hibernate: 
    
    drop table if exists tb_produto CASCADE 
Hibernate: 
    
    drop table if exists tb_produto_quantidade CASCADE 
Hibernate: 
    
    drop table if exists tb_venda CASCADE 
Hibernate: 
    
    drop sequence if exists sq_cliente
Hibernate: 
    
    drop sequence if exists sq_estoque
Hibernate: 
    
    drop sequence if exists sq_prod_qtd
Hibernate: 
    
    drop sequence if exists sq_produto
Hibernate: 
    
    drop sequence if exists sq_venda
Hibernate: create sequence sq_cliente start with 1 increment by 1
Hibernate: create sequence sq_estoque start with 1 increment by 1
Hibernate: create sequence sq_prod_qtd start with 1 increment by 1
Hibernate: create sequence sq_produto start with 1 increment by 1
Hibernate: create sequence sq_venda start with 1 increment by 1
Hibernate: 
    
    create table tb_cliente (
       id bigint not null,
        cep varchar(9) not null,
        cidade varchar(50) not null,
        cpf bigint not null,
        endereco varchar(50) not null,
        estado varchar(50) not null,
        nome varchar(50) not null,
        numero bigint not null,
        tel bigint not null,
        primary key (id)
    )
Hibernate: 
    
    create table tb_estoque (
       id bigint not null,
        quantidade integer not null,
        updated_at timestamp,
        id_produto bigint not null,
        primary key (id)
    )
Hibernate: 
    
    create table tb_produto (
       id bigint not null,
        codigo varchar(10) not null,
        descricao varchar(100) not null,
        modelo varchar(50) not null,
        nome varchar(50) not null,
        valor numeric(10,2) not null,
        primary key (id)
    )
Hibernate: 
    
    create table tb_produto_quantidade (
       id bigint not null,
        quantidade integer not null,
        valor_total numeric(19,2) not null,
        id_produto bigint not null,
        id_venda bigint not null,
        primary key (id)
    )
Hibernate: 
    
    create table tb_venda (
       id bigint not null,
        codigo varchar(20) not null,
        data_venda timestamp not null,
        status varchar(20) not null,
        valor_total numeric(19,2) not null,
        id_cliente bigint not null,
        primary key (id)
    )
Hibernate: 
    
    alter table tb_cliente 
       add constraint uk_cliente_cpf unique (cpf)
Hibernate: 
    
    alter table tb_estoque 
       add constraint uk_estoque_produto unique (id_produto)
Hibernate: 
    
    alter table tb_produto 
       add constraint uk_produto_codigo unique (codigo)
Hibernate: 
    
    alter table tb_produto_quantidade 
       add constraint uk_prod_qtd_venda_prod unique (id_venda, id_produto)
Hibernate: 
    
    alter table tb_venda 
       add constraint uk_venda_codigo unique (codigo)
Hibernate: 
    
    alter table tb_estoque 
       add constraint fk_estoque_produto 
       foreign key (id_produto) 
       references tb_produto
Hibernate: 
    
    alter table tb_produto_quantidade 
       add constraint fk_prod_qtd_prod 
       foreign key (id_produto) 
       references tb_produto
Hibernate: 
    
    alter table tb_produto_quantidade 
       add constraint fk_prod_qtd_venda 
       foreign key (id_venda) 
       references tb_venda
Hibernate: 
    
    alter table tb_venda 
       add constraint fk_venda_cliente 
       foreign key (id_cliente) 
       references tb_cliente
Hibernate: 
    call next value for sq_cliente
Hibernate: 
    insert 
    into
        tb_cliente
        (cep, cidade, cpf, endereco, estado, nome, numero, tel, id) 
    values
        (?, ?, ?, ?, ?, ?, ?, ?, ?)
Hibernate: 
    select
        cliente0_.id as id1_0_,
        cliente0_.cep as cep2_0_,
        cliente0_.cidade as cidade3_0_,
        cliente0_.cpf as cpf4_0_,
        cliente0_.endereco as endereco5_0_,
        cliente0_.estado as estado6_0_,
        cliente0_.nome as nome7_0_,
        cliente0_.numero as numero8_0_,
        cliente0_.tel as tel9_0_ 
    from
        tb_cliente cliente0_ 
    where
        cliente0_.cpf=?
Hibernate: 
    delete 
    from
        tb_cliente 
    where
        id=?
Hibernate: 
    select
        cliente0_.id as id1_0_,
        cliente0_.cep as cep2_0_,
        cliente0_.cidade as cidade3_0_,
        cliente0_.cpf as cpf4_0_,
        cliente0_.endereco as endereco5_0_,
        cliente0_.estado as estado6_0_,
        cliente0_.nome as nome7_0_,
        cliente0_.numero as numero8_0_,
        cliente0_.tel as tel9_0_ 
    from
        tb_cliente cliente0_ 
    where
        cliente0_.cpf=?
Hibernate: 
    select
        cliente0_.id as id1_0_,
        cliente0_.cep as cep2_0_,
        cliente0_.cidade as cidade3_0_,
        cliente0_.cpf as cpf4_0_,
        cliente0_.endereco as endereco5_0_,
        cliente0_.estado as estado6_0_,
        cliente0_.nome as nome7_0_,
        cliente0_.numero as numero8_0_,
        cliente0_.tel as tel9_0_ 
    from
        tb_cliente cliente0_
]]></system-out>
    <system-err><![CDATA[out 24, 2025 3:35:52 PM org.hibernate.jpa.internal.util.LogHelper logPersistenceUnitInformation
INFO: HHH000204: Processing PersistenceUnitInfo [name: test]
out 24, 2025 3:35:52 PM org.hibernate.engine.jdbc.connections.internal.DriverManagerConnectionProviderImpl configure
WARN: HHH10001002: Using Hibernate built-in connection pool (not for production use!)
out 24, 2025 3:35:52 PM org.hibernate.engine.jdbc.connections.internal.DriverManagerConnectionProviderImpl buildCreator
INFO: HHH10001005: using driver [org.h2.Driver] at URL [jdbc:h2:mem:vendasonline_test;MODE=PostgreSQL;DB_CLOSE_DELAY=0;DATABASE_TO_UPPER=false]
out 24, 2025 3:35:52 PM org.hibernate.engine.jdbc.connections.internal.DriverManagerConnectionProviderImpl buildCreator
INFO: HHH10001001: Connection properties: {password=****, user=sa}
out 24, 2025 3:35:52 PM org.hibernate.engine.jdbc.connections.internal.DriverManagerConnectionProviderImpl buildCreator
INFO: HHH10001003: Autocommit mode: false
out 24, 2025 3:35:52 PM org.hibernate.engine.jdbc.connections.internal.DriverManagerConnectionProviderImpl$PooledConnections <init>
INFO: HHH000115: Hibernate connection pool size: 20 (min=1)
out 24, 2025 3:35:52 PM org.hibernate.dialect.Dialect <init>
INFO: HHH000400: Using dialect: org.hibernate.dialect.H2Dialect
out 24, 2025 3:35:52 PM org.hibernate.resource.beans.spi.ManagedBeanRegistryInitiator resolveBeanContainer
INFO: HHH10005002: No explicit CDI BeanManager reference was passed to Hibernate, but CDI is available on the Hibernate ClassLoader.
out 24, 2025 3:35:53 PM org.hibernate.resource.transaction.backend.jdbc.internal.DdlTransactionIsolatorNonJtaImpl getIsolatedConnection
INFO: HHH10001501: Connection obtained from JdbcConnectionAccess [org.hibernate.engine.jdbc.env.internal.JdbcEnvironmentInitiator$ConnectionProviderJdbcConnectionAccess@2ab09943] for (non-JTA) DDL execution was not in auto-commit mode; the Connection 'local transaction' will be committed and the Connection will be set into auto-commit mode.
out 24, 2025 3:35:53 PM org.hibernate.resource.transaction.backend.jdbc.internal.DdlTransactionIsolatorNonJtaImpl getIsolatedConnection
INFO: HHH10001501: Connection obtained from JdbcConnectionAccess [org.hibernate.engine.jdbc.env.internal.JdbcEnvironmentInitiator$ConnectionProviderJdbcConnectionAccess@7d50f2a8] for (non-JTA) DDL execution was not in auto-commit mode; the Connection 'local transaction' will be committed and the Connection will be set into auto-commit mode.
out 24, 2025 3:35:53 PM org.hibernate.engine.transaction.jta.platform.internal.JtaPlatformInitiator initiateService
INFO: HHH000490: Using JtaPlatform implementation: [org.hibernate.engine.transaction.jta.platform.internal.NoJtaPlatform]
out 24, 2025 3:35:53 PM org.hibernate.engine.jdbc.connections.internal.DriverManagerConnectionProviderImpl$PoolState stop
INFO: HHH10001008: Cleaning up connection pool [jdbc:h2:mem:vendasonline_test;MODE=PostgreSQL;DB_CLOSE_DELAY=0;DATABASE_TO_UPPER=false]
]]></system-err>
  </testcase>
  <testcase name="pesquisarCliente" classname="dev.fabiuscaesar.vendasonline.dao.ClienteDAOTest" time="0.256">
    <system-out><![CDATA[Hibernate: 
    
    drop table if exists tb_cliente CASCADE 
Hibernate: 
    
    drop table if exists tb_estoque CASCADE 
Hibernate: 
    
    drop table if exists tb_produto CASCADE 
Hibernate: 
    
    drop table if exists tb_produto_quantidade CASCADE 
Hibernate: 
    
    drop table if exists tb_venda CASCADE 
Hibernate: 
    
    drop sequence if exists sq_cliente
Hibernate: 
    
    drop sequence if exists sq_estoque
Hibernate: 
    
    drop sequence if exists sq_prod_qtd
Hibernate: 
    
    drop sequence if exists sq_produto
Hibernate: 
    
    drop sequence if exists sq_venda
Hibernate: create sequence sq_cliente start with 1 increment by 1
Hibernate: create sequence sq_estoque start with 1 increment by 1
Hibernate: create sequence sq_prod_qtd start with 1 increment by 1
Hibernate: create sequence sq_produto start with 1 increment by 1
Hibernate: create sequence sq_venda start with 1 increment by 1
Hibernate: 
    
    create table tb_cliente (
       id bigint not null,
        cep varchar(9) not null,
        cidade varchar(50) not null,
        cpf bigint not null,
        endereco varchar(50) not null,
        estado varchar(50) not null,
        nome varchar(50) not null,
        numero bigint not null,
        tel bigint not null,
        primary key (id)
    )
Hibernate: 
    
    create table tb_estoque (
       id bigint not null,
        quantidade integer not null,
        updated_at timestamp,
        id_produto bigint not null,
        primary key (id)
    )
Hibernate: 
    
    create table tb_produto (
       id bigint not null,
        codigo varchar(10) not null,
        descricao varchar(100) not null,
        modelo varchar(50) not null,
        nome varchar(50) not null,
        valor numeric(10,2) not null,
        primary key (id)
    )
Hibernate: 
    
    create table tb_produto_quantidade (
       id bigint not null,
        quantidade integer not null,
        valor_total numeric(19,2) not null,
        id_produto bigint not null,
        id_venda bigint not null,
        primary key (id)
    )
Hibernate: 
    
    create table tb_venda (
       id bigint not null,
        codigo varchar(20) not null,
        data_venda timestamp not null,
        status varchar(20) not null,
        valor_total numeric(19,2) not null,
        id_cliente bigint not null,
        primary key (id)
    )
Hibernate: 
    
    alter table tb_cliente 
       add constraint uk_cliente_cpf unique (cpf)
Hibernate: 
    
    alter table tb_estoque 
       add constraint uk_estoque_produto unique (id_produto)
Hibernate: 
    
    alter table tb_produto 
       add constraint uk_produto_codigo unique (codigo)
Hibernate: 
    
    alter table tb_produto_quantidade 
       add constraint uk_prod_qtd_venda_prod unique (id_venda, id_produto)
Hibernate: 
    
    alter table tb_venda 
       add constraint uk_venda_codigo unique (codigo)
Hibernate: 
    
    alter table tb_estoque 
       add constraint fk_estoque_produto 
       foreign key (id_produto) 
       references tb_produto
Hibernate: 
    
    alter table tb_produto_quantidade 
       add constraint fk_prod_qtd_prod 
       foreign key (id_produto) 
       references tb_produto
Hibernate: 
    
    alter table tb_produto_quantidade 
       add constraint fk_prod_qtd_venda 
       foreign key (id_venda) 
       references tb_venda
Hibernate: 
    
    alter table tb_venda 
       add constraint fk_venda_cliente 
       foreign key (id_cliente) 
       references tb_cliente
Hibernate: 
    call next value for sq_cliente
Hibernate: 
    insert 
    into
        tb_cliente
        (cep, cidade, cpf, endereco, estado, nome, numero, tel, id) 
    values
        (?, ?, ?, ?, ?, ?, ?, ?, ?)
Hibernate: 
    select
        cliente0_.id as id1_0_,
        cliente0_.cep as cep2_0_,
        cliente0_.cidade as cidade3_0_,
        cliente0_.cpf as cpf4_0_,
        cliente0_.endereco as endereco5_0_,
        cliente0_.estado as estado6_0_,
        cliente0_.nome as nome7_0_,
        cliente0_.numero as numero8_0_,
        cliente0_.tel as tel9_0_ 
    from
        tb_cliente cliente0_ 
    where
        cliente0_.cpf=?
Hibernate: 
    delete 
    from
        tb_cliente 
    where
        id=?
Hibernate: 
    select
        cliente0_.id as id1_0_,
        cliente0_.cep as cep2_0_,
        cliente0_.cidade as cidade3_0_,
        cliente0_.cpf as cpf4_0_,
        cliente0_.endereco as endereco5_0_,
        cliente0_.estado as estado6_0_,
        cliente0_.nome as nome7_0_,
        cliente0_.numero as numero8_0_,
        cliente0_.tel as tel9_0_ 
    from
        tb_cliente cliente0_
]]></system-out>
    <system-err><![CDATA[out 24, 2025 3:35:53 PM org.hibernate.jpa.internal.util.LogHelper logPersistenceUnitInformation
INFO: HHH000204: Processing PersistenceUnitInfo [name: test]
out 24, 2025 3:35:53 PM org.hibernate.engine.jdbc.connections.internal.DriverManagerConnectionProviderImpl configure
WARN: HHH10001002: Using Hibernate built-in connection pool (not for production use!)
out 24, 2025 3:35:53 PM org.hibernate.engine.jdbc.connections.internal.DriverManagerConnectionProviderImpl buildCreator
INFO: HHH10001005: using driver [org.h2.Driver] at URL [jdbc:h2:mem:vendasonline_test;MODE=PostgreSQL;DB_CLOSE_DELAY=0;DATABASE_TO_UPPER=false]
out 24, 2025 3:35:53 PM org.hibernate.engine.jdbc.connections.internal.DriverManagerConnectionProviderImpl buildCreator
INFO: HHH10001001: Connection properties: {password=****, user=sa}
out 24, 2025 3:35:53 PM org.hibernate.engine.jdbc.connections.internal.DriverManagerConnectionProviderImpl buildCreator
INFO: HHH10001003: Autocommit mode: false
out 24, 2025 3:35:53 PM org.hibernate.engine.jdbc.connections.internal.DriverManagerConnectionProviderImpl$PooledConnections <init>
INFO: HHH000115: Hibernate connection pool size: 20 (min=1)
out 24, 2025 3:35:53 PM org.hibernate.dialect.Dialect <init>
INFO: HHH000400: Using dialect: org.hibernate.dialect.H2Dialect
out 24, 2025 3:35:53 PM org.hibernate.resource.beans.spi.ManagedBeanRegistryInitiator resolveBeanContainer
INFO: HHH10005002: No explicit CDI BeanManager reference was passed to Hibernate, but CDI is available on the Hibernate ClassLoader.
out 24, 2025 3:35:53 PM org.hibernate.resource.transaction.backend.jdbc.internal.DdlTransactionIsolatorNonJtaImpl getIsolatedConnection
INFO: HHH10001501: Connection obtained from JdbcConnectionAccess [org.hibernate.engine.jdbc.env.internal.JdbcEnvironmentInitiator$ConnectionProviderJdbcConnectionAccess@3855d9b2] for (non-JTA) DDL execution was not in auto-commit mode; the Connection 'local transaction' will be committed and the Connection will be set into auto-commit mode.
out 24, 2025 3:35:53 PM org.hibernate.resource.transaction.backend.jdbc.internal.DdlTransactionIsolatorNonJtaImpl getIsolatedConnection
INFO: HHH10001501: Connection obtained from JdbcConnectionAccess [org.hibernate.engine.jdbc.env.internal.JdbcEnvironmentInitiator$ConnectionProviderJdbcConnectionAccess@39f42d0e] for (non-JTA) DDL execution was not in auto-commit mode; the Connection 'local transaction' will be committed and the Connection will be set into auto-commit mode.
out 24, 2025 3:35:53 PM org.hibernate.engine.transaction.jta.platform.internal.JtaPlatformInitiator initiateService
INFO: HHH000490: Using JtaPlatform implementation: [org.hibernate.engine.transaction.jta.platform.internal.NoJtaPlatform]
out 24, 2025 3:35:53 PM org.hibernate.engine.jdbc.connections.internal.DriverManagerConnectionProviderImpl$PoolState stop
INFO: HHH10001008: Cleaning up connection pool [jdbc:h2:mem:vendasonline_test;MODE=PostgreSQL;DB_CLOSE_DELAY=0;DATABASE_TO_UPPER=false]
]]></system-err>
  </testcase>
  <testcase name="alterarCliente" classname="dev.fabiuscaesar.vendasonline.dao.ClienteDAOTest" time="0.447">
    <system-out><![CDATA[Hibernate: 
    
    drop table if exists tb_cliente CASCADE 
Hibernate: 
    
    drop table if exists tb_estoque CASCADE 
Hibernate: 
    
    drop table if exists tb_produto CASCADE 
Hibernate: 
    
    drop table if exists tb_produto_quantidade CASCADE 
Hibernate: 
    
    drop table if exists tb_venda CASCADE 
Hibernate: 
    
    drop sequence if exists sq_cliente
Hibernate: 
    
    drop sequence if exists sq_estoque
Hibernate: 
    
    drop sequence if exists sq_prod_qtd
Hibernate: 
    
    drop sequence if exists sq_produto
Hibernate: 
    
    drop sequence if exists sq_venda
Hibernate: create sequence sq_cliente start with 1 increment by 1
Hibernate: create sequence sq_estoque start with 1 increment by 1
Hibernate: create sequence sq_prod_qtd start with 1 increment by 1
Hibernate: create sequence sq_produto start with 1 increment by 1
Hibernate: create sequence sq_venda start with 1 increment by 1
Hibernate: 
    
    create table tb_cliente (
       id bigint not null,
        cep varchar(9) not null,
        cidade varchar(50) not null,
        cpf bigint not null,
        endereco varchar(50) not null,
        estado varchar(50) not null,
        nome varchar(50) not null,
        numero bigint not null,
        tel bigint not null,
        primary key (id)
    )
Hibernate: 
    
    create table tb_estoque (
       id bigint not null,
        quantidade integer not null,
        updated_at timestamp,
        id_produto bigint not null,
        primary key (id)
    )
Hibernate: 
    
    create table tb_produto (
       id bigint not null,
        codigo varchar(10) not null,
        descricao varchar(100) not null,
        modelo varchar(50) not null,
        nome varchar(50) not null,
        valor numeric(10,2) not null,
        primary key (id)
    )
Hibernate: 
    
    create table tb_produto_quantidade (
       id bigint not null,
        quantidade integer not null,
        valor_total numeric(19,2) not null,
        id_produto bigint not null,
        id_venda bigint not null,
        primary key (id)
    )
Hibernate: 
    
    create table tb_venda (
       id bigint not null,
        codigo varchar(20) not null,
        data_venda timestamp not null,
        status varchar(20) not null,
        valor_total numeric(19,2) not null,
        id_cliente bigint not null,
        primary key (id)
    )
Hibernate: 
    
    alter table tb_cliente 
       add constraint uk_cliente_cpf unique (cpf)
Hibernate: 
    
    alter table tb_estoque 
       add constraint uk_estoque_produto unique (id_produto)
Hibernate: 
    
    alter table tb_produto 
       add constraint uk_produto_codigo unique (codigo)
Hibernate: 
    
    alter table tb_produto_quantidade 
       add constraint uk_prod_qtd_venda_prod unique (id_venda, id_produto)
Hibernate: 
    
    alter table tb_venda 
       add constraint uk_venda_codigo unique (codigo)
Hibernate: 
    
    alter table tb_estoque 
       add constraint fk_estoque_produto 
       foreign key (id_produto) 
       references tb_produto
Hibernate: 
    
    alter table tb_produto_quantidade 
       add constraint fk_prod_qtd_prod 
       foreign key (id_produto) 
       references tb_produto
Hibernate: 
    
    alter table tb_produto_quantidade 
       add constraint fk_prod_qtd_venda 
       foreign key (id_venda) 
       references tb_venda
Hibernate: 
    
    alter table tb_venda 
       add constraint fk_venda_cliente 
       foreign key (id_cliente) 
       references tb_cliente
Hibernate: 
    call next value for sq_cliente
Hibernate: 
    insert 
    into
        tb_cliente
        (cep, cidade, cpf, endereco, estado, nome, numero, tel, id) 
    values
        (?, ?, ?, ?, ?, ?, ?, ?, ?)
Hibernate: 
    select
        cliente0_.id as id1_0_,
        cliente0_.cep as cep2_0_,
        cliente0_.cidade as cidade3_0_,
        cliente0_.cpf as cpf4_0_,
        cliente0_.endereco as endereco5_0_,
        cliente0_.estado as estado6_0_,
        cliente0_.nome as nome7_0_,
        cliente0_.numero as numero8_0_,
        cliente0_.tel as tel9_0_ 
    from
        tb_cliente cliente0_ 
    where
        cliente0_.cpf=?
Hibernate: 
    update
        tb_cliente 
    set
        cep=?,
        cidade=?,
        cpf=?,
        endereco=?,
        estado=?,
        nome=?,
        numero=?,
        tel=? 
    where
        id=?
Hibernate: 
    select
        cliente0_.id as id1_0_,
        cliente0_.cep as cep2_0_,
        cliente0_.cidade as cidade3_0_,
        cliente0_.cpf as cpf4_0_,
        cliente0_.endereco as endereco5_0_,
        cliente0_.estado as estado6_0_,
        cliente0_.nome as nome7_0_,
        cliente0_.numero as numero8_0_,
        cliente0_.tel as tel9_0_ 
    from
        tb_cliente cliente0_ 
    where
        cliente0_.cpf=?
Hibernate: 
    delete 
    from
        tb_cliente 
    where
        id=?
Hibernate: 
    select
        cliente0_.id as id1_0_,
        cliente0_.cep as cep2_0_,
        cliente0_.cidade as cidade3_0_,
        cliente0_.cpf as cpf4_0_,
        cliente0_.endereco as endereco5_0_,
        cliente0_.estado as estado6_0_,
        cliente0_.nome as nome7_0_,
        cliente0_.numero as numero8_0_,
        cliente0_.tel as tel9_0_ 
    from
        tb_cliente cliente0_ 
    where
        cliente0_.cpf=?
Hibernate: 
    select
        cliente0_.id as id1_0_,
        cliente0_.cep as cep2_0_,
        cliente0_.cidade as cidade3_0_,
        cliente0_.cpf as cpf4_0_,
        cliente0_.endereco as endereco5_0_,
        cliente0_.estado as estado6_0_,
        cliente0_.nome as nome7_0_,
        cliente0_.numero as numero8_0_,
        cliente0_.tel as tel9_0_ 
    from
        tb_cliente cliente0_
]]></system-out>
    <system-err><![CDATA[out 24, 2025 3:35:53 PM org.hibernate.jpa.internal.util.LogHelper logPersistenceUnitInformation
INFO: HHH000204: Processing PersistenceUnitInfo [name: test]
out 24, 2025 3:35:53 PM org.hibernate.engine.jdbc.connections.internal.DriverManagerConnectionProviderImpl configure
WARN: HHH10001002: Using Hibernate built-in connection pool (not for production use!)
out 24, 2025 3:35:53 PM org.hibernate.engine.jdbc.connections.internal.DriverManagerConnectionProviderImpl buildCreator
INFO: HHH10001005: using driver [org.h2.Driver] at URL [jdbc:h2:mem:vendasonline_test;MODE=PostgreSQL;DB_CLOSE_DELAY=0;DATABASE_TO_UPPER=false]
out 24, 2025 3:35:53 PM org.hibernate.engine.jdbc.connections.internal.DriverManagerConnectionProviderImpl buildCreator
INFO: HHH10001001: Connection properties: {password=****, user=sa}
out 24, 2025 3:35:53 PM org.hibernate.engine.jdbc.connections.internal.DriverManagerConnectionProviderImpl buildCreator
INFO: HHH10001003: Autocommit mode: false
out 24, 2025 3:35:53 PM org.hibernate.engine.jdbc.connections.internal.DriverManagerConnectionProviderImpl$PooledConnections <init>
INFO: HHH000115: Hibernate connection pool size: 20 (min=1)
out 24, 2025 3:35:53 PM org.hibernate.dialect.Dialect <init>
INFO: HHH000400: Using dialect: org.hibernate.dialect.H2Dialect
out 24, 2025 3:35:53 PM org.hibernate.resource.beans.spi.ManagedBeanRegistryInitiator resolveBeanContainer
INFO: HHH10005002: No explicit CDI BeanManager reference was passed to Hibernate, but CDI is available on the Hibernate ClassLoader.
out 24, 2025 3:35:54 PM org.hibernate.resource.transaction.backend.jdbc.internal.DdlTransactionIsolatorNonJtaImpl getIsolatedConnection
INFO: HHH10001501: Connection obtained from JdbcConnectionAccess [org.hibernate.engine.jdbc.env.internal.JdbcEnvironmentInitiator$ConnectionProviderJdbcConnectionAccess@5a4c98d7] for (non-JTA) DDL execution was not in auto-commit mode; the Connection 'local transaction' will be committed and the Connection will be set into auto-commit mode.
out 24, 2025 3:35:54 PM org.hibernate.resource.transaction.backend.jdbc.internal.DdlTransactionIsolatorNonJtaImpl getIsolatedConnection
INFO: HHH10001501: Connection obtained from JdbcConnectionAccess [org.hibernate.engine.jdbc.env.internal.JdbcEnvironmentInitiator$ConnectionProviderJdbcConnectionAccess@668a32a4] for (non-JTA) DDL execution was not in auto-commit mode; the Connection 'local transaction' will be committed and the Connection will be set into auto-commit mode.
out 24, 2025 3:35:54 PM org.hibernate.engine.transaction.jta.platform.internal.JtaPlatformInitiator initiateService
INFO: HHH000490: Using JtaPlatform implementation: [org.hibernate.engine.transaction.jta.platform.internal.NoJtaPlatform]
out 24, 2025 3:35:54 PM org.hibernate.engine.jdbc.connections.internal.DriverManagerConnectionProviderImpl$PoolState stop
INFO: HHH10001008: Cleaning up connection pool [jdbc:h2:mem:vendasonline_test;MODE=PostgreSQL;DB_CLOSE_DELAY=0;DATABASE_TO_UPPER=false]
]]></system-err>
  </testcase>
  <testcase name="buscarTodos" classname="dev.fabiuscaesar.vendasonline.dao.ClienteDAOTest" time="0.365">
    <system-out><![CDATA[Hibernate: 
    
    drop table if exists tb_cliente CASCADE 
Hibernate: 
    
    drop table if exists tb_estoque CASCADE 
Hibernate: 
    
    drop table if exists tb_produto CASCADE 
Hibernate: 
    
    drop table if exists tb_produto_quantidade CASCADE 
Hibernate: 
    
    drop table if exists tb_venda CASCADE 
Hibernate: 
    
    drop sequence if exists sq_cliente
Hibernate: 
    
    drop sequence if exists sq_estoque
Hibernate: 
    
    drop sequence if exists sq_prod_qtd
Hibernate: 
    
    drop sequence if exists sq_produto
Hibernate: 
    
    drop sequence if exists sq_venda
Hibernate: create sequence sq_cliente start with 1 increment by 1
Hibernate: create sequence sq_estoque start with 1 increment by 1
Hibernate: create sequence sq_prod_qtd start with 1 increment by 1
Hibernate: create sequence sq_produto start with 1 increment by 1
Hibernate: create sequence sq_venda start with 1 increment by 1
Hibernate: 
    
    create table tb_cliente (
       id bigint not null,
        cep varchar(9) not null,
        cidade varchar(50) not null,
        cpf bigint not null,
        endereco varchar(50) not null,
        estado varchar(50) not null,
        nome varchar(50) not null,
        numero bigint not null,
        tel bigint not null,
        primary key (id)
    )
Hibernate: 
    
    create table tb_estoque (
       id bigint not null,
        quantidade integer not null,
        updated_at timestamp,
        id_produto bigint not null,
        primary key (id)
    )
Hibernate: 
    
    create table tb_produto (
       id bigint not null,
        codigo varchar(10) not null,
        descricao varchar(100) not null,
        modelo varchar(50) not null,
        nome varchar(50) not null,
        valor numeric(10,2) not null,
        primary key (id)
    )
Hibernate: 
    
    create table tb_produto_quantidade (
       id bigint not null,
        quantidade integer not null,
        valor_total numeric(19,2) not null,
        id_produto bigint not null,
        id_venda bigint not null,
        primary key (id)
    )
Hibernate: 
    
    create table tb_venda (
       id bigint not null,
        codigo varchar(20) not null,
        data_venda timestamp not null,
        status varchar(20) not null,
        valor_total numeric(19,2) not null,
        id_cliente bigint not null,
        primary key (id)
    )
Hibernate: 
    
    alter table tb_cliente 
       add constraint uk_cliente_cpf unique (cpf)
Hibernate: 
    
    alter table tb_estoque 
       add constraint uk_estoque_produto unique (id_produto)
Hibernate: 
    
    alter table tb_produto 
       add constraint uk_produto_codigo unique (codigo)
Hibernate: 
    
    alter table tb_produto_quantidade 
       add constraint uk_prod_qtd_venda_prod unique (id_venda, id_produto)
Hibernate: 
    
    alter table tb_venda 
       add constraint uk_venda_codigo unique (codigo)
Hibernate: 
    
    alter table tb_estoque 
       add constraint fk_estoque_produto 
       foreign key (id_produto) 
       references tb_produto
Hibernate: 
    
    alter table tb_produto_quantidade 
       add constraint fk_prod_qtd_prod 
       foreign key (id_produto) 
       references tb_produto
Hibernate: 
    
    alter table tb_produto_quantidade 
       add constraint fk_prod_qtd_venda 
       foreign key (id_venda) 
       references tb_venda
Hibernate: 
    
    alter table tb_venda 
       add constraint fk_venda_cliente 
       foreign key (id_cliente) 
       references tb_cliente
Hibernate: 
    call next value for sq_cliente
Hibernate: 
    call next value for sq_cliente
Hibernate: 
    insert 
    into
        tb_cliente
        (cep, cidade, cpf, endereco, estado, nome, numero, tel, id) 
    values
        (?, ?, ?, ?, ?, ?, ?, ?, ?)
Hibernate: 
    insert 
    into
        tb_cliente
        (cep, cidade, cpf, endereco, estado, nome, numero, tel, id) 
    values
        (?, ?, ?, ?, ?, ?, ?, ?, ?)
Hibernate: 
    select
        cliente0_.id as id1_0_,
        cliente0_.cep as cep2_0_,
        cliente0_.cidade as cidade3_0_,
        cliente0_.cpf as cpf4_0_,
        cliente0_.endereco as endereco5_0_,
        cliente0_.estado as estado6_0_,
        cliente0_.nome as nome7_0_,
        cliente0_.numero as numero8_0_,
        cliente0_.tel as tel9_0_ 
    from
        tb_cliente cliente0_
Hibernate: 
    delete 
    from
        tb_cliente 
    where
        id=?
Hibernate: 
    delete 
    from
        tb_cliente 
    where
        id=?
Hibernate: 
    select
        cliente0_.id as id1_0_,
        cliente0_.cep as cep2_0_,
        cliente0_.cidade as cidade3_0_,
        cliente0_.cpf as cpf4_0_,
        cliente0_.endereco as endereco5_0_,
        cliente0_.estado as estado6_0_,
        cliente0_.nome as nome7_0_,
        cliente0_.numero as numero8_0_,
        cliente0_.tel as tel9_0_ 
    from
        tb_cliente cliente0_
Hibernate: 
    select
        cliente0_.id as id1_0_,
        cliente0_.cep as cep2_0_,
        cliente0_.cidade as cidade3_0_,
        cliente0_.cpf as cpf4_0_,
        cliente0_.endereco as endereco5_0_,
        cliente0_.estado as estado6_0_,
        cliente0_.nome as nome7_0_,
        cliente0_.numero as numero8_0_,
        cliente0_.tel as tel9_0_ 
    from
        tb_cliente cliente0_
]]></system-out>
    <system-err><![CDATA[out 24, 2025 3:35:54 PM org.hibernate.jpa.internal.util.LogHelper logPersistenceUnitInformation
INFO: HHH000204: Processing PersistenceUnitInfo [name: test]
out 24, 2025 3:35:54 PM org.hibernate.engine.jdbc.connections.internal.DriverManagerConnectionProviderImpl configure
WARN: HHH10001002: Using Hibernate built-in connection pool (not for production use!)
out 24, 2025 3:35:54 PM org.hibernate.engine.jdbc.connections.internal.DriverManagerConnectionProviderImpl buildCreator
INFO: HHH10001005: using driver [org.h2.Driver] at URL [jdbc:h2:mem:vendasonline_test;MODE=PostgreSQL;DB_CLOSE_DELAY=0;DATABASE_TO_UPPER=false]
out 24, 2025 3:35:54 PM org.hibernate.engine.jdbc.connections.internal.DriverManagerConnectionProviderImpl buildCreator
INFO: HHH10001001: Connection properties: {password=****, user=sa}
out 24, 2025 3:35:54 PM org.hibernate.engine.jdbc.connections.internal.DriverManagerConnectionProviderImpl buildCreator
INFO: HHH10001003: Autocommit mode: false
out 24, 2025 3:35:54 PM org.hibernate.engine.jdbc.connections.internal.DriverManagerConnectionProviderImpl$PooledConnections <init>
INFO: HHH000115: Hibernate connection pool size: 20 (min=1)
out 24, 2025 3:35:54 PM org.hibernate.dialect.Dialect <init>
INFO: HHH000400: Using dialect: org.hibernate.dialect.H2Dialect
out 24, 2025 3:35:54 PM org.hibernate.resource.beans.spi.ManagedBeanRegistryInitiator resolveBeanContainer
INFO: HHH10005002: No explicit CDI BeanManager reference was passed to Hibernate, but CDI is available on the Hibernate ClassLoader.
out 24, 2025 3:35:54 PM org.hibernate.resource.transaction.backend.jdbc.internal.DdlTransactionIsolatorNonJtaImpl getIsolatedConnection
INFO: HHH10001501: Connection obtained from JdbcConnectionAccess [org.hibernate.engine.jdbc.env.internal.JdbcEnvironmentInitiator$ConnectionProviderJdbcConnectionAccess@b5de9ac] for (non-JTA) DDL execution was not in auto-commit mode; the Connection 'local transaction' will be committed and the Connection will be set into auto-commit mode.
out 24, 2025 3:35:54 PM org.hibernate.resource.transaction.backend.jdbc.internal.DdlTransactionIsolatorNonJtaImpl getIsolatedConnection
INFO: HHH10001501: Connection obtained from JdbcConnectionAccess [org.hibernate.engine.jdbc.env.internal.JdbcEnvironmentInitiator$ConnectionProviderJdbcConnectionAccess@4ecd8ab1] for (non-JTA) DDL execution was not in auto-commit mode; the Connection 'local transaction' will be committed and the Connection will be set into auto-commit mode.
out 24, 2025 3:35:54 PM org.hibernate.engine.transaction.jta.platform.internal.JtaPlatformInitiator initiateService
INFO: HHH000490: Using JtaPlatform implementation: [org.hibernate.engine.transaction.jta.platform.internal.NoJtaPlatform]
out 24, 2025 3:35:54 PM org.hibernate.engine.jdbc.connections.internal.DriverManagerConnectionProviderImpl$PoolState stop
INFO: HHH10001008: Cleaning up connection pool [jdbc:h2:mem:vendasonline_test;MODE=PostgreSQL;DB_CLOSE_DELAY=0;DATABASE_TO_UPPER=false]
]]></system-err>
  </testcase>
  <testcase name="deveFalharSeSaldoInsuficiente" classname="dev.fabiuscaesar.vendasonline.dao.EstoqueDAOTest" time="0.191">
    <system-out><![CDATA[Hibernate: 
    
    drop table if exists tb_cliente CASCADE 
Hibernate: 
    
    drop table if exists tb_estoque CASCADE 
Hibernate: 
    
    drop table if exists tb_produto CASCADE 
Hibernate: 
    
    drop table if exists tb_produto_quantidade CASCADE 
Hibernate: 
    
    drop table if exists tb_venda CASCADE 
Hibernate: 
    
    drop sequence if exists sq_cliente
Hibernate: 
    
    drop sequence if exists sq_estoque
Hibernate: 
    
    drop sequence if exists sq_prod_qtd
Hibernate: 
    
    drop sequence if exists sq_produto
Hibernate: 
    
    drop sequence if exists sq_venda
Hibernate: create sequence sq_cliente start with 1 increment by 1
Hibernate: create sequence sq_estoque start with 1 increment by 1
Hibernate: create sequence sq_prod_qtd start with 1 increment by 1
Hibernate: create sequence sq_produto start with 1 increment by 1
Hibernate: create sequence sq_venda start with 1 increment by 1
Hibernate: 
    
    create table tb_cliente (
       id bigint not null,
        cep varchar(9) not null,
        cidade varchar(50) not null,
        cpf bigint not null,
        endereco varchar(50) not null,
        estado varchar(50) not null,
        nome varchar(50) not null,
        numero bigint not null,
        tel bigint not null,
        primary key (id)
    )
Hibernate: 
    
    create table tb_estoque (
       id bigint not null,
        quantidade integer not null,
        updated_at timestamp,
        id_produto bigint not null,
        primary key (id)
    )
Hibernate: 
    
    create table tb_produto (
       id bigint not null,
        codigo varchar(10) not null,
        descricao varchar(100) not null,
        modelo varchar(50) not null,
        nome varchar(50) not null,
        valor numeric(10,2) not null,
        primary key (id)
    )
Hibernate: 
    
    create table tb_produto_quantidade (
       id bigint not null,
        quantidade integer not null,
        valor_total numeric(19,2) not null,
        id_produto bigint not null,
        id_venda bigint not null,
        primary key (id)
    )
Hibernate: 
    
    create table tb_venda (
       id bigint not null,
        codigo varchar(20) not null,
        data_venda timestamp not null,
        status varchar(20) not null,
        valor_total numeric(19,2) not null,
        id_cliente bigint not null,
        primary key (id)
    )
Hibernate: 
    
    alter table tb_cliente 
       add constraint uk_cliente_cpf unique (cpf)
Hibernate: 
    
    alter table tb_estoque 
       add constraint uk_estoque_produto unique (id_produto)
Hibernate: 
    
    alter table tb_produto 
       add constraint uk_produto_codigo unique (codigo)
Hibernate: 
    
    alter table tb_produto_quantidade 
       add constraint uk_prod_qtd_venda_prod unique (id_venda, id_produto)
Hibernate: 
    
    alter table tb_venda 
       add constraint uk_venda_codigo unique (codigo)
Hibernate: 
    
    alter table tb_estoque 
       add constraint fk_estoque_produto 
       foreign key (id_produto) 
       references tb_produto
Hibernate: 
    
    alter table tb_produto_quantidade 
       add constraint fk_prod_qtd_prod 
       foreign key (id_produto) 
       references tb_produto
Hibernate: 
    
    alter table tb_produto_quantidade 
       add constraint fk_prod_qtd_venda 
       foreign key (id_venda) 
       references tb_venda
Hibernate: 
    
    alter table tb_venda 
       add constraint fk_venda_cliente 
       foreign key (id_cliente) 
       references tb_cliente
Hibernate: 
    delete 
    from
        tb_estoque
Hibernate: 
    delete 
    from
        tb_produto
Hibernate: 
    call next value for sq_produto
Hibernate: 
    insert 
    into
        tb_produto
        (codigo, descricao, modelo, nome, valor, id) 
    values
        (?, ?, ?, ?, ?, ?)
Hibernate: 
    call next value for sq_estoque
Hibernate: 
    insert 
    into
        tb_estoque
        (id_produto, quantidade, updated_at, id) 
    values
        (?, ?, ?, ?)
Hibernate: 
    select
        estoque0_.id as id1_1_,
        estoque0_.id_produto as id_produ4_1_,
        estoque0_.quantidade as quantida2_1_,
        estoque0_.updated_at as updated_3_1_ 
    from
        tb_estoque estoque0_ 
    where
        estoque0_.id_produto=?
Hibernate: 
    update
        tb_estoque 
    set
        quantidade=quantidade-?,
        updated_at=? 
    where
        id_produto=? 
        and quantidade>=?
Hibernate: 
    select
        estoque0_.id as id1_1_,
        estoque0_.id_produto as id_produ4_1_,
        estoque0_.quantidade as quantida2_1_,
        estoque0_.updated_at as updated_3_1_ 
    from
        tb_estoque estoque0_ 
    where
        estoque0_.id_produto=?
Hibernate: 
    delete 
    from
        tb_estoque
Hibernate: 
    delete 
    from
        tb_produto
]]></system-out>
    <system-err><![CDATA[out 24, 2025 3:35:54 PM org.hibernate.engine.jdbc.connections.internal.DriverManagerConnectionProviderImpl$PoolState stop
INFO: HHH10001008: Cleaning up connection pool [jdbc:h2:mem:vendasonline_test;MODE=PostgreSQL;DB_CLOSE_DELAY=0;DATABASE_TO_UPPER=false]
out 24, 2025 3:35:54 PM org.hibernate.jpa.internal.util.LogHelper logPersistenceUnitInformation
INFO: HHH000204: Processing PersistenceUnitInfo [name: test]
out 24, 2025 3:35:54 PM org.hibernate.engine.jdbc.connections.internal.DriverManagerConnectionProviderImpl configure
WARN: HHH10001002: Using Hibernate built-in connection pool (not for production use!)
out 24, 2025 3:35:54 PM org.hibernate.engine.jdbc.connections.internal.DriverManagerConnectionProviderImpl buildCreator
INFO: HHH10001005: using driver [org.h2.Driver] at URL [jdbc:h2:mem:vendasonline_test;MODE=PostgreSQL;DB_CLOSE_DELAY=0;DATABASE_TO_UPPER=false]
out 24, 2025 3:35:54 PM org.hibernate.engine.jdbc.connections.internal.DriverManagerConnectionProviderImpl buildCreator
INFO: HHH10001001: Connection properties: {password=****, user=sa}
out 24, 2025 3:35:54 PM org.hibernate.engine.jdbc.connections.internal.DriverManagerConnectionProviderImpl buildCreator
INFO: HHH10001003: Autocommit mode: false
out 24, 2025 3:35:54 PM org.hibernate.engine.jdbc.connections.internal.DriverManagerConnectionProviderImpl$PooledConnections <init>
INFO: HHH000115: Hibernate connection pool size: 20 (min=1)
out 24, 2025 3:35:54 PM org.hibernate.dialect.Dialect <init>
INFO: HHH000400: Using dialect: org.hibernate.dialect.H2Dialect
out 24, 2025 3:35:54 PM org.hibernate.resource.beans.spi.ManagedBeanRegistryInitiator resolveBeanContainer
INFO: HHH10005002: No explicit CDI BeanManager reference was passed to Hibernate, but CDI is available on the Hibernate ClassLoader.
out 24, 2025 3:35:54 PM org.hibernate.resource.transaction.backend.jdbc.internal.DdlTransactionIsolatorNonJtaImpl getIsolatedConnection
INFO: HHH10001501: Connection obtained from JdbcConnectionAccess [org.hibernate.engine.jdbc.env.internal.JdbcEnvironmentInitiator$ConnectionProviderJdbcConnectionAccess@632d4cf2] for (non-JTA) DDL execution was not in auto-commit mode; the Connection 'local transaction' will be committed and the Connection will be set into auto-commit mode.
out 24, 2025 3:35:54 PM org.hibernate.resource.transaction.backend.jdbc.internal.DdlTransactionIsolatorNonJtaImpl getIsolatedConnection
INFO: HHH10001501: Connection obtained from JdbcConnectionAccess [org.hibernate.engine.jdbc.env.internal.JdbcEnvironmentInitiator$ConnectionProviderJdbcConnectionAccess@f10d055] for (non-JTA) DDL execution was not in auto-commit mode; the Connection 'local transaction' will be committed and the Connection will be set into auto-commit mode.
out 24, 2025 3:35:55 PM org.hibernate.engine.transaction.jta.platform.internal.JtaPlatformInitiator initiateService
INFO: HHH000490: Using JtaPlatform implementation: [org.hibernate.engine.transaction.jta.platform.internal.NoJtaPlatform]
]]></system-err>
  </testcase>
  <testcase name="incrementarNaoAlteraQuandoQtdNaoPositiva" classname="dev.fabiuscaesar.vendasonline.dao.EstoqueDAOTest" time="0.03">
    <system-out><![CDATA[Hibernate: 
    delete 
    from
        tb_estoque
Hibernate: 
    delete 
    from
        tb_produto
Hibernate: 
    call next value for sq_produto
Hibernate: 
    insert 
    into
        tb_produto
        (codigo, descricao, modelo, nome, valor, id) 
    values
        (?, ?, ?, ?, ?, ?)
Hibernate: 
    call next value for sq_estoque
Hibernate: 
    insert 
    into
        tb_estoque
        (id_produto, quantidade, updated_at, id) 
    values
        (?, ?, ?, ?)
Hibernate: 
    select
        estoque0_.id as id1_1_,
        estoque0_.id_produto as id_produ4_1_,
        estoque0_.quantidade as quantida2_1_,
        estoque0_.updated_at as updated_3_1_ 
    from
        tb_estoque estoque0_ 
    where
        estoque0_.id_produto=?
Hibernate: 
    select
        estoque0_.id as id1_1_,
        estoque0_.id_produto as id_produ4_1_,
        estoque0_.quantidade as quantida2_1_,
        estoque0_.updated_at as updated_3_1_ 
    from
        tb_estoque estoque0_ 
    where
        estoque0_.id_produto=?
Hibernate: 
    delete 
    from
        tb_estoque
Hibernate: 
    delete 
    from
        tb_produto
]]></system-out>
  </testcase>
  <testcase name="deveIncrementar" classname="dev.fabiuscaesar.vendasonline.dao.EstoqueDAOTest" time="0.048">
    <system-out><![CDATA[Hibernate: 
    delete 
    from
        tb_estoque
Hibernate: 
    delete 
    from
        tb_produto
Hibernate: 
    call next value for sq_produto
Hibernate: 
    insert 
    into
        tb_produto
        (codigo, descricao, modelo, nome, valor, id) 
    values
        (?, ?, ?, ?, ?, ?)
Hibernate: 
    call next value for sq_estoque
Hibernate: 
    insert 
    into
        tb_estoque
        (id_produto, quantidade, updated_at, id) 
    values
        (?, ?, ?, ?)
Hibernate: 
    select
        estoque0_.id as id1_1_,
        estoque0_.id_produto as id_produ4_1_,
        estoque0_.quantidade as quantida2_1_,
        estoque0_.updated_at as updated_3_1_ 
    from
        tb_estoque estoque0_ 
    where
        estoque0_.id_produto=?
Hibernate: 
    update
        tb_estoque 
    set
        quantidade=quantidade+?,
        updated_at=? 
    where
        id_produto=?
Hibernate: 
    select
        estoque0_.id as id1_1_,
        estoque0_.id_produto as id_produ4_1_,
        estoque0_.quantidade as quantida2_1_,
        estoque0_.updated_at as updated_3_1_ 
    from
        tb_estoque estoque0_ 
    where
        estoque0_.id_produto=?
Hibernate: 
    delete 
    from
        tb_estoque
Hibernate: 
    delete 
    from
        tb_produto
]]></system-out>
  </testcase>
  <testcase name="decrementarFalhaSeNaoExisteEstoque" classname="dev.fabiuscaesar.vendasonline.dao.EstoqueDAOTest" time="0.018">
    <system-out><![CDATA[Hibernate: 
    delete 
    from
        tb_estoque
Hibernate: 
    delete 
    from
        tb_produto
Hibernate: 
    call next value for sq_produto
Hibernate: 
    insert 
    into
        tb_produto
        (codigo, descricao, modelo, nome, valor, id) 
    values
        (?, ?, ?, ?, ?, ?)
Hibernate: 
    select
        estoque0_.id as id1_1_,
        estoque0_.id_produto as id_produ4_1_,
        estoque0_.quantidade as quantida2_1_,
        estoque0_.updated_at as updated_3_1_ 
    from
        tb_estoque estoque0_ 
    where
        estoque0_.id_produto=?
Hibernate: 
    update
        tb_estoque 
    set
        quantidade=quantidade-?,
        updated_at=? 
    where
        id_produto=? 
        and quantidade>=?
Hibernate: 
    select
        estoque0_.id as id1_1_,
        estoque0_.id_produto as id_produ4_1_,
        estoque0_.quantidade as quantida2_1_,
        estoque0_.updated_at as updated_3_1_ 
    from
        tb_estoque estoque0_ 
    where
        estoque0_.id_produto=?
Hibernate: 
    delete 
    from
        tb_estoque
Hibernate: 
    delete 
    from
        tb_produto
]]></system-out>
  </testcase>
  <testcase name="decrementarNaoAlteraQuandoQtdNaoPositiva" classname="dev.fabiuscaesar.vendasonline.dao.EstoqueDAOTest" time="0.021">
    <system-out><![CDATA[Hibernate: 
    delete 
    from
        tb_estoque
Hibernate: 
    delete 
    from
        tb_produto
Hibernate: 
    call next value for sq_produto
Hibernate: 
    insert 
    into
        tb_produto
        (codigo, descricao, modelo, nome, valor, id) 
    values
        (?, ?, ?, ?, ?, ?)
Hibernate: 
    call next value for sq_estoque
Hibernate: 
    insert 
    into
        tb_estoque
        (id_produto, quantidade, updated_at, id) 
    values
        (?, ?, ?, ?)
Hibernate: 
    select
        estoque0_.id as id1_1_,
        estoque0_.id_produto as id_produ4_1_,
        estoque0_.quantidade as quantida2_1_,
        estoque0_.updated_at as updated_3_1_ 
    from
        tb_estoque estoque0_ 
    where
        estoque0_.id_produto=?
Hibernate: 
    select
        estoque0_.id as id1_1_,
        estoque0_.id_produto as id_produ4_1_,
        estoque0_.quantidade as quantida2_1_,
        estoque0_.updated_at as updated_3_1_ 
    from
        tb_estoque estoque0_ 
    where
        estoque0_.id_produto=?
Hibernate: 
    delete 
    from
        tb_estoque
Hibernate: 
    delete 
    from
        tb_produto
]]></system-out>
  </testcase>
  <testcase name="deveDecrementarComSaldoSuficiente" classname="dev.fabiuscaesar.vendasonline.dao.EstoqueDAOTest" time="0.036">
    <system-out><![CDATA[Hibernate: 
    delete 
    from
        tb_estoque
Hibernate: 
    delete 
    from
        tb_produto
Hibernate: 
    call next value for sq_produto
Hibernate: 
    insert 
    into
        tb_produto
        (codigo, descricao, modelo, nome, valor, id) 
    values
        (?, ?, ?, ?, ?, ?)
Hibernate: 
    call next value for sq_estoque
Hibernate: 
    insert 
    into
        tb_estoque
        (id_produto, quantidade, updated_at, id) 
    values
        (?, ?, ?, ?)
Hibernate: 
    select
        estoque0_.id as id1_1_,
        estoque0_.id_produto as id_produ4_1_,
        estoque0_.quantidade as quantida2_1_,
        estoque0_.updated_at as updated_3_1_ 
    from
        tb_estoque estoque0_ 
    where
        estoque0_.id_produto=?
Hibernate: 
    update
        tb_estoque 
    set
        quantidade=quantidade-?,
        updated_at=? 
    where
        id_produto=? 
        and quantidade>=?
Hibernate: 
    select
        estoque0_.id as id1_1_,
        estoque0_.id_produto as id_produ4_1_,
        estoque0_.quantidade as quantida2_1_,
        estoque0_.updated_at as updated_3_1_ 
    from
        tb_estoque estoque0_ 
    where
        estoque0_.id_produto=?
Hibernate: 
    delete 
    from
        tb_estoque
Hibernate: 
    delete 
    from
        tb_produto
]]></system-out>
  </testcase>
  <testcase name="excluir" classname="dev.fabiuscaesar.vendasonline.dao.ProdutoDAOTest" time="0.472">
    <system-out><![CDATA[Hibernate: 
    
    drop table if exists tb_cliente CASCADE 
Hibernate: 
    
    drop table if exists tb_estoque CASCADE 
Hibernate: 
    
    drop table if exists tb_produto CASCADE 
Hibernate: 
    
    drop table if exists tb_produto_quantidade CASCADE 
Hibernate: 
    
    drop table if exists tb_venda CASCADE 
Hibernate: 
    
    drop sequence if exists sq_cliente
Hibernate: 
    
    drop sequence if exists sq_estoque
Hibernate: 
    
    drop sequence if exists sq_prod_qtd
Hibernate: 
    
    drop sequence if exists sq_produto
Hibernate: 
    
    drop sequence if exists sq_venda
Hibernate: create sequence sq_cliente start with 1 increment by 1
Hibernate: create sequence sq_estoque start with 1 increment by 1
Hibernate: create sequence sq_prod_qtd start with 1 increment by 1
Hibernate: create sequence sq_produto start with 1 increment by 1
Hibernate: create sequence sq_venda start with 1 increment by 1
Hibernate: 
    
    create table tb_cliente (
       id bigint not null,
        cep varchar(9) not null,
        cidade varchar(50) not null,
        cpf bigint not null,
        endereco varchar(50) not null,
        estado varchar(50) not null,
        nome varchar(50) not null,
        numero bigint not null,
        tel bigint not null,
        primary key (id)
    )
Hibernate: 
    
    create table tb_estoque (
       id bigint not null,
        quantidade integer not null,
        updated_at timestamp,
        id_produto bigint not null,
        primary key (id)
    )
Hibernate: 
    
    create table tb_produto (
       id bigint not null,
        codigo varchar(10) not null,
        descricao varchar(100) not null,
        modelo varchar(50) not null,
        nome varchar(50) not null,
        valor numeric(10,2) not null,
        primary key (id)
    )
Hibernate: 
    
    create table tb_produto_quantidade (
       id bigint not null,
        quantidade integer not null,
        valor_total numeric(19,2) not null,
        id_produto bigint not null,
        id_venda bigint not null,
        primary key (id)
    )
Hibernate: 
    
    create table tb_venda (
       id bigint not null,
        codigo varchar(20) not null,
        data_venda timestamp not null,
        status varchar(20) not null,
        valor_total numeric(19,2) not null,
        id_cliente bigint not null,
        primary key (id)
    )
Hibernate: 
    
    alter table tb_cliente 
       add constraint uk_cliente_cpf unique (cpf)
Hibernate: 
    
    alter table tb_estoque 
       add constraint uk_estoque_produto unique (id_produto)
Hibernate: 
    
    alter table tb_produto 
       add constraint uk_produto_codigo unique (codigo)
Hibernate: 
    
    alter table tb_produto_quantidade 
       add constraint uk_prod_qtd_venda_prod unique (id_venda, id_produto)
Hibernate: 
    
    alter table tb_venda 
       add constraint uk_venda_codigo unique (codigo)
Hibernate: 
    
    alter table tb_estoque 
       add constraint fk_estoque_produto 
       foreign key (id_produto) 
       references tb_produto
Hibernate: 
    
    alter table tb_produto_quantidade 
       add constraint fk_prod_qtd_prod 
       foreign key (id_produto) 
       references tb_produto
Hibernate: 
    
    alter table tb_produto_quantidade 
       add constraint fk_prod_qtd_venda 
       foreign key (id_venda) 
       references tb_venda
Hibernate: 
    
    alter table tb_venda 
       add constraint fk_venda_cliente 
       foreign key (id_cliente) 
       references tb_cliente
Hibernate: 
    call next value for sq_produto
Hibernate: 
    insert 
    into
        tb_produto
        (codigo, descricao, modelo, nome, valor, id) 
    values
        (?, ?, ?, ?, ?, ?)
Hibernate: 
    select
        produto0_.id as id1_2_,
        produto0_.codigo as codigo2_2_,
        produto0_.descricao as descrica3_2_,
        produto0_.modelo as modelo4_2_,
        produto0_.nome as nome5_2_,
        produto0_.valor as valor6_2_ 
    from
        tb_produto produto0_ 
    where
        produto0_.codigo=?
Hibernate: 
    delete 
    from
        tb_produto 
    where
        id=?
Hibernate: 
    select
        produto0_.id as id1_2_,
        produto0_.codigo as codigo2_2_,
        produto0_.descricao as descrica3_2_,
        produto0_.modelo as modelo4_2_,
        produto0_.nome as nome5_2_,
        produto0_.valor as valor6_2_ 
    from
        tb_produto produto0_ 
    where
        produto0_.codigo=?
Hibernate: 
    select
        produto0_.id as id1_2_,
        produto0_.codigo as codigo2_2_,
        produto0_.descricao as descrica3_2_,
        produto0_.modelo as modelo4_2_,
        produto0_.nome as nome5_2_,
        produto0_.valor as valor6_2_ 
    from
        tb_produto produto0_
]]></system-out>
    <system-err><![CDATA[out 24, 2025 3:35:55 PM org.hibernate.engine.jdbc.connections.internal.DriverManagerConnectionProviderImpl$PoolState stop
INFO: HHH10001008: Cleaning up connection pool [jdbc:h2:mem:vendasonline_test;MODE=PostgreSQL;DB_CLOSE_DELAY=0;DATABASE_TO_UPPER=false]
out 24, 2025 3:35:55 PM org.hibernate.jpa.internal.util.LogHelper logPersistenceUnitInformation
INFO: HHH000204: Processing PersistenceUnitInfo [name: test]
out 24, 2025 3:35:55 PM org.hibernate.engine.jdbc.connections.internal.DriverManagerConnectionProviderImpl configure
WARN: HHH10001002: Using Hibernate built-in connection pool (not for production use!)
out 24, 2025 3:35:55 PM org.hibernate.engine.jdbc.connections.internal.DriverManagerConnectionProviderImpl buildCreator
INFO: HHH10001005: using driver [org.h2.Driver] at URL [jdbc:h2:mem:vendasonline_test;MODE=PostgreSQL;DB_CLOSE_DELAY=0;DATABASE_TO_UPPER=false]
out 24, 2025 3:35:55 PM org.hibernate.engine.jdbc.connections.internal.DriverManagerConnectionProviderImpl buildCreator
INFO: HHH10001001: Connection properties: {password=****, user=sa}
out 24, 2025 3:35:55 PM org.hibernate.engine.jdbc.connections.internal.DriverManagerConnectionProviderImpl buildCreator
INFO: HHH10001003: Autocommit mode: false
out 24, 2025 3:35:55 PM org.hibernate.engine.jdbc.connections.internal.DriverManagerConnectionProviderImpl$PooledConnections <init>
INFO: HHH000115: Hibernate connection pool size: 20 (min=1)
out 24, 2025 3:35:55 PM org.hibernate.dialect.Dialect <init>
INFO: HHH000400: Using dialect: org.hibernate.dialect.H2Dialect
out 24, 2025 3:35:55 PM org.hibernate.resource.beans.spi.ManagedBeanRegistryInitiator resolveBeanContainer
INFO: HHH10005002: No explicit CDI BeanManager reference was passed to Hibernate, but CDI is available on the Hibernate ClassLoader.
out 24, 2025 3:35:55 PM org.hibernate.resource.transaction.backend.jdbc.internal.DdlTransactionIsolatorNonJtaImpl getIsolatedConnection
INFO: HHH10001501: Connection obtained from JdbcConnectionAccess [org.hibernate.engine.jdbc.env.internal.JdbcEnvironmentInitiator$ConnectionProviderJdbcConnectionAccess@5ad0c70a] for (non-JTA) DDL execution was not in auto-commit mode; the Connection 'local transaction' will be committed and the Connection will be set into auto-commit mode.
out 24, 2025 3:35:55 PM org.hibernate.resource.transaction.backend.jdbc.internal.DdlTransactionIsolatorNonJtaImpl getIsolatedConnection
INFO: HHH10001501: Connection obtained from JdbcConnectionAccess [org.hibernate.engine.jdbc.env.internal.JdbcEnvironmentInitiator$ConnectionProviderJdbcConnectionAccess@2a16d4dc] for (non-JTA) DDL execution was not in auto-commit mode; the Connection 'local transaction' will be committed and the Connection will be set into auto-commit mode.
out 24, 2025 3:35:55 PM org.hibernate.engine.transaction.jta.platform.internal.JtaPlatformInitiator initiateService
INFO: HHH000490: Using JtaPlatform implementation: [org.hibernate.engine.transaction.jta.platform.internal.NoJtaPlatform]
out 24, 2025 3:35:55 PM org.hibernate.engine.jdbc.connections.internal.DriverManagerConnectionProviderImpl$PoolState stop
INFO: HHH10001008: Cleaning up connection pool [jdbc:h2:mem:vendasonline_test;MODE=PostgreSQL;DB_CLOSE_DELAY=0;DATABASE_TO_UPPER=false]
]]></system-err>
  </testcase>
  <testcase name="salvar" classname="dev.fabiuscaesar.vendasonline.dao.ProdutoDAOTest" time="0.451">
    <system-out><![CDATA[Hibernate: 
    
    drop table if exists tb_cliente CASCADE 
Hibernate: 
    
    drop table if exists tb_estoque CASCADE 
Hibernate: 
    
    drop table if exists tb_produto CASCADE 
Hibernate: 
    
    drop table if exists tb_produto_quantidade CASCADE 
Hibernate: 
    
    drop table if exists tb_venda CASCADE 
Hibernate: 
    
    drop sequence if exists sq_cliente
Hibernate: 
    
    drop sequence if exists sq_estoque
Hibernate: 
    
    drop sequence if exists sq_prod_qtd
Hibernate: 
    
    drop sequence if exists sq_produto
Hibernate: 
    
    drop sequence if exists sq_venda
Hibernate: create sequence sq_cliente start with 1 increment by 1
Hibernate: create sequence sq_estoque start with 1 increment by 1
Hibernate: create sequence sq_prod_qtd start with 1 increment by 1
Hibernate: create sequence sq_produto start with 1 increment by 1
Hibernate: create sequence sq_venda start with 1 increment by 1
Hibernate: 
    
    create table tb_cliente (
       id bigint not null,
        cep varchar(9) not null,
        cidade varchar(50) not null,
        cpf bigint not null,
        endereco varchar(50) not null,
        estado varchar(50) not null,
        nome varchar(50) not null,
        numero bigint not null,
        tel bigint not null,
        primary key (id)
    )
Hibernate: 
    
    create table tb_estoque (
       id bigint not null,
        quantidade integer not null,
        updated_at timestamp,
        id_produto bigint not null,
        primary key (id)
    )
Hibernate: 
    
    create table tb_produto (
       id bigint not null,
        codigo varchar(10) not null,
        descricao varchar(100) not null,
        modelo varchar(50) not null,
        nome varchar(50) not null,
        valor numeric(10,2) not null,
        primary key (id)
    )
Hibernate: 
    
    create table tb_produto_quantidade (
       id bigint not null,
        quantidade integer not null,
        valor_total numeric(19,2) not null,
        id_produto bigint not null,
        id_venda bigint not null,
        primary key (id)
    )
Hibernate: 
    
    create table tb_venda (
       id bigint not null,
        codigo varchar(20) not null,
        data_venda timestamp not null,
        status varchar(20) not null,
        valor_total numeric(19,2) not null,
        id_cliente bigint not null,
        primary key (id)
    )
Hibernate: 
    
    alter table tb_cliente 
       add constraint uk_cliente_cpf unique (cpf)
Hibernate: 
    
    alter table tb_estoque 
       add constraint uk_estoque_produto unique (id_produto)
Hibernate: 
    
    alter table tb_produto 
       add constraint uk_produto_codigo unique (codigo)
Hibernate: 
    
    alter table tb_produto_quantidade 
       add constraint uk_prod_qtd_venda_prod unique (id_venda, id_produto)
Hibernate: 
    
    alter table tb_venda 
       add constraint uk_venda_codigo unique (codigo)
Hibernate: 
    
    alter table tb_estoque 
       add constraint fk_estoque_produto 
       foreign key (id_produto) 
       references tb_produto
Hibernate: 
    
    alter table tb_produto_quantidade 
       add constraint fk_prod_qtd_prod 
       foreign key (id_produto) 
       references tb_produto
Hibernate: 
    
    alter table tb_produto_quantidade 
       add constraint fk_prod_qtd_venda 
       foreign key (id_venda) 
       references tb_venda
Hibernate: 
    
    alter table tb_venda 
       add constraint fk_venda_cliente 
       foreign key (id_cliente) 
       references tb_cliente
Hibernate: 
    call next value for sq_produto
Hibernate: 
    insert 
    into
        tb_produto
        (codigo, descricao, modelo, nome, valor, id) 
    values
        (?, ?, ?, ?, ?, ?)
Hibernate: 
    select
        produto0_.id as id1_2_,
        produto0_.codigo as codigo2_2_,
        produto0_.descricao as descrica3_2_,
        produto0_.modelo as modelo4_2_,
        produto0_.nome as nome5_2_,
        produto0_.valor as valor6_2_ 
    from
        tb_produto produto0_ 
    where
        produto0_.codigo=?
Hibernate: 
    delete 
    from
        tb_produto 
    where
        id=?
Hibernate: 
    select
        produto0_.id as id1_2_,
        produto0_.codigo as codigo2_2_,
        produto0_.descricao as descrica3_2_,
        produto0_.modelo as modelo4_2_,
        produto0_.nome as nome5_2_,
        produto0_.valor as valor6_2_ 
    from
        tb_produto produto0_
]]></system-out>
    <system-err><![CDATA[out 24, 2025 3:35:55 PM org.hibernate.jpa.internal.util.LogHelper logPersistenceUnitInformation
INFO: HHH000204: Processing PersistenceUnitInfo [name: test]
out 24, 2025 3:35:55 PM org.hibernate.engine.jdbc.connections.internal.DriverManagerConnectionProviderImpl configure
WARN: HHH10001002: Using Hibernate built-in connection pool (not for production use!)
out 24, 2025 3:35:55 PM org.hibernate.engine.jdbc.connections.internal.DriverManagerConnectionProviderImpl buildCreator
INFO: HHH10001005: using driver [org.h2.Driver] at URL [jdbc:h2:mem:vendasonline_test;MODE=PostgreSQL;DB_CLOSE_DELAY=0;DATABASE_TO_UPPER=false]
out 24, 2025 3:35:55 PM org.hibernate.engine.jdbc.connections.internal.DriverManagerConnectionProviderImpl buildCreator
INFO: HHH10001001: Connection properties: {password=****, user=sa}
out 24, 2025 3:35:55 PM org.hibernate.engine.jdbc.connections.internal.DriverManagerConnectionProviderImpl buildCreator
INFO: HHH10001003: Autocommit mode: false
out 24, 2025 3:35:55 PM org.hibernate.engine.jdbc.connections.internal.DriverManagerConnectionProviderImpl$PooledConnections <init>
INFO: HHH000115: Hibernate connection pool size: 20 (min=1)
out 24, 2025 3:35:56 PM org.hibernate.dialect.Dialect <init>
INFO: HHH000400: Using dialect: org.hibernate.dialect.H2Dialect
out 24, 2025 3:35:56 PM org.hibernate.resource.beans.spi.ManagedBeanRegistryInitiator resolveBeanContainer
INFO: HHH10005002: No explicit CDI BeanManager reference was passed to Hibernate, but CDI is available on the Hibernate ClassLoader.
out 24, 2025 3:35:56 PM org.hibernate.resource.transaction.backend.jdbc.internal.DdlTransactionIsolatorNonJtaImpl getIsolatedConnection
INFO: HHH10001501: Connection obtained from JdbcConnectionAccess [org.hibernate.engine.jdbc.env.internal.JdbcEnvironmentInitiator$ConnectionProviderJdbcConnectionAccess@4f8900b0] for (non-JTA) DDL execution was not in auto-commit mode; the Connection 'local transaction' will be committed and the Connection will be set into auto-commit mode.
out 24, 2025 3:35:56 PM org.hibernate.resource.transaction.backend.jdbc.internal.DdlTransactionIsolatorNonJtaImpl getIsolatedConnection
INFO: HHH10001501: Connection obtained from JdbcConnectionAccess [org.hibernate.engine.jdbc.env.internal.JdbcEnvironmentInitiator$ConnectionProviderJdbcConnectionAccess@e7e455d] for (non-JTA) DDL execution was not in auto-commit mode; the Connection 'local transaction' will be committed and the Connection will be set into auto-commit mode.
out 24, 2025 3:35:56 PM org.hibernate.engine.transaction.jta.platform.internal.JtaPlatformInitiator initiateService
INFO: HHH000490: Using JtaPlatform implementation: [org.hibernate.engine.transaction.jta.platform.internal.NoJtaPlatform]
out 24, 2025 3:35:56 PM org.hibernate.engine.jdbc.connections.internal.DriverManagerConnectionProviderImpl$PoolState stop
INFO: HHH10001008: Cleaning up connection pool [jdbc:h2:mem:vendasonline_test;MODE=PostgreSQL;DB_CLOSE_DELAY=0;DATABASE_TO_UPPER=false]
]]></system-err>
  </testcase>
  <testcase name="alterarProduto" classname="dev.fabiuscaesar.vendasonline.dao.ProdutoDAOTest" time="0.568">
    <system-out><![CDATA[Hibernate: 
    
    drop table if exists tb_cliente CASCADE 
Hibernate: 
    
    drop table if exists tb_estoque CASCADE 
Hibernate: 
    
    drop table if exists tb_produto CASCADE 
Hibernate: 
    
    drop table if exists tb_produto_quantidade CASCADE 
Hibernate: 
    
    drop table if exists tb_venda CASCADE 
Hibernate: 
    
    drop sequence if exists sq_cliente
Hibernate: 
    
    drop sequence if exists sq_estoque
Hibernate: 
    
    drop sequence if exists sq_prod_qtd
Hibernate: 
    
    drop sequence if exists sq_produto
Hibernate: 
    
    drop sequence if exists sq_venda
Hibernate: create sequence sq_cliente start with 1 increment by 1
Hibernate: create sequence sq_estoque start with 1 increment by 1
Hibernate: create sequence sq_prod_qtd start with 1 increment by 1
Hibernate: create sequence sq_produto start with 1 increment by 1
Hibernate: create sequence sq_venda start with 1 increment by 1
Hibernate: 
    
    create table tb_cliente (
       id bigint not null,
        cep varchar(9) not null,
        cidade varchar(50) not null,
        cpf bigint not null,
        endereco varchar(50) not null,
        estado varchar(50) not null,
[...]
        valor_total numeric(19,2) not null,
        id_cliente bigint not null,
        primary key (id)
    )
Hibernate: 
    
    alter table tb_cliente 
       add constraint uk_cliente_cpf unique (cpf)
Hibernate: 
    
    alter table tb_estoque 
       add constraint uk_estoque_produto unique (id_produto)
Hibernate: 
    
    alter table tb_produto 
       add constraint uk_produto_codigo unique (codigo)
Hibernate: 
    
    alter table tb_produto_quantidade 
       add constraint uk_prod_qtd_venda_prod unique (id_venda, id_produto)
Hibernate: 
    
    alter table tb_venda 
       add constraint uk_venda_codigo unique (codigo)
Hibernate: 
    
    alter table tb_estoque 
       add constraint fk_estoque_produto 
       foreign key (id_produto) 
       references tb_produto
Hibernate: 
    
    alter table tb_produto_quantidade 
       add constraint fk_prod_qtd_prod 
       foreign key (id_produto) 
       references tb_produto
Hibernate: 
    
    alter table tb_produto_quantidade 
       add constraint fk_prod_qtd_venda 
       foreign key (id_venda) 
       references tb_venda
Hibernate: 
    
    alter table tb_venda 
       add constraint fk_venda_cliente 
       foreign key (id_cliente) 
       references tb_cliente
Hibernate: 
    delete 
    from
        tb_produto_quantidade
Hibernate: 
    delete 
    from
        tb_venda
Hibernate: 
    delete 
    from
        tb_estoque
Hibernate: 
    delete 
    from
        tb_produto
Hibernate: 
    delete 
    from
        tb_cliente
Hibernate: 
    call next value for sq_cliente
Hibernate: 
    insert 
    into
        tb_cliente
        (cep, cidade, cpf, endereco, estado, nome, numero, tel, id) 
    values
        (?, ?, ?, ?, ?, ?, ?, ?, ?)
Hibernate: 
    select
        cliente0_.id as id1_0_,
        cliente0_.cep as cep2_0_,
        cliente0_.cidade as cidade3_0_,
        cliente0_.cpf as cpf4_0_,
        cliente0_.endereco as endereco5_0_,
        cliente0_.estado as estado6_0_,
        cliente0_.nome as nome7_0_,
        cliente0_.numero as numero8_0_,
        cliente0_.tel as tel9_0_ 
    from
        tb_cliente cliente0_ 
    where
        cliente0_.cpf=?
Hibernate: 
    call next value for sq_produto
Hibernate: 
    insert 
    into
        tb_produto
        (codigo, descricao, modelo, nome, valor, id) 
    values
        (?, ?, ?, ?, ?, ?)
Hibernate: 
    select
        estoque0_.id as id1_1_,
        estoque0_.id_produto as id_produ4_1_,
        estoque0_.quantidade as quantida2_1_,
        estoque0_.updated_at as updated_3_1_ 
    from
        tb_estoque estoque0_ 
    where
        estoque0_.id_produto=?
Hibernate: 
    call next value for sq_estoque
Hibernate: 
    insert 
    into
        tb_estoque
        (id_produto, quantidade, updated_at, id) 
    values
        (?, ?, ?, ?)
Hibernate: 
    select
        estoque0_.id as id1_1_,
        estoque0_.id_produto as id_produ4_1_,
        estoque0_.quantidade as quantida2_1_,
        estoque0_.updated_at as updated_3_1_ 
    from
        tb_estoque estoque0_ 
    where
        estoque0_.id_produto=?
Hibernate: 
    update
        tb_estoque 
    set
        quantidade=quantidade+?,
        updated_at=? 
    where
        id_produto=?
Hibernate: 
    call next value for sq_venda
Hibernate: 
    call next value for sq_prod_qtd
Hibernate: 
    insert 
    into
        tb_venda
        (id_cliente, codigo, data_venda, status, valor_total, id) 
    values
        (?, ?, ?, ?, ?, ?)
Hibernate: 
    insert 
    into
        tb_produto_quantidade
        (id_produto, quantidade, valor_total, id_venda, id) 
    values
        (?, ?, ?, ?, ?)
Hibernate: 
    select
        venda0_.id as id1_4_,
        venda0_.id_cliente as id_clien6_4_,
        venda0_.codigo as codigo2_4_,
        venda0_.data_venda as data_ven3_4_,
        venda0_.status as status4_4_,
        venda0_.valor_total as valor_to5_4_ 
    from
        tb_venda venda0_ 
    where
        venda0_.codigo=?
Hibernate: 
    select
        distinct venda0_.id as id1_4_0_,
        cliente1_.id as id1_0_1_,
        produtos2_.id as id1_3_2_,
        produto3_.id as id1_2_3_,
        venda0_.id_cliente as id_clien6_4_0_,
        venda0_.codigo as codigo2_4_0_,
        venda0_.data_venda as data_ven3_4_0_,
        venda0_.status as status4_4_0_,
        venda0_.valor_total as valor_to5_4_0_,
        cliente1_.cep as cep2_0_1_,
        cliente1_.cidade as cidade3_0_1_,
        cliente1_.cpf as cpf4_0_1_,
        cliente1_.endereco as endereco5_0_1_,
        cliente1_.estado as estado6_0_1_,
        cliente1_.nome as nome7_0_1_,
        cliente1_.numero as numero8_0_1_,
        cliente1_.tel as tel9_0_1_,
        produtos2_.id_produto as id_produ4_3_2_,
        produtos2_.quantidade as quantida2_3_2_,
        produtos2_.valor_total as valor_to3_3_2_,
        produtos2_.id_venda as id_venda5_3_2_,
        produtos2_.id_venda as id_venda5_3_0__,
        produtos2_.id as id1_3_0__,
        produto3_.codigo as codigo2_2_3_,
        produto3_.descricao as descrica3_2_3_,
        produto3_.modelo as modelo4_2_3_,
        produto3_.nome as nome5_2_3_,
        produto3_.valor as valor6_2_3_ 
    from
        tb_venda venda0_ 
    inner join
        tb_cliente cliente1_ 
            on venda0_.id_cliente=cliente1_.id 
    left outer join
        tb_produto_quantidade produtos2_ 
            on venda0_.id=produtos2_.id_venda 
    left outer join
        tb_produto produto3_ 
            on produtos2_.id_produto=produto3_.id 
    where
        venda0_.codigo=?
Hibernate: 
    update
        tb_estoque 
    set
        quantidade=quantidade-?,
        updated_at=? 
    where
        id_produto=? 
        and quantidade>=?
Hibernate: 
    select
        venda0_.id as id1_4_0_,
        venda0_.id_cliente as id_clien6_4_0_,
        venda0_.codigo as codigo2_4_0_,
        venda0_.data_venda as data_ven3_4_0_,
        venda0_.status as status4_4_0_,
        venda0_.valor_total as valor_to5_4_0_,
        cliente1_.id as id1_0_1_,
        cliente1_.cep as cep2_0_1_,
        cliente1_.cidade as cidade3_0_1_,
        cliente1_.cpf as cpf4_0_1_,
        cliente1_.endereco as endereco5_0_1_,
        cliente1_.estado as estado6_0_1_,
        cliente1_.nome as nome7_0_1_,
        cliente1_.numero as numero8_0_1_,
        cliente1_.tel as tel9_0_1_ 
    from
        tb_venda venda0_ 
    inner join
        tb_cliente cliente1_ 
            on venda0_.id_cliente=cliente1_.id 
    where
        venda0_.id=?
Hibernate: 
    update
        tb_venda 
    set
        id_cliente=?,
        codigo=?,
        data_venda=?,
        status=?,
        valor_total=? 
    where
        id=?
Hibernate: 
    select
        venda0_.id as id1_4_,
        venda0_.id_cliente as id_clien6_4_,
        venda0_.codigo as codigo2_4_,
        venda0_.data_venda as data_ven3_4_,
        venda0_.status as status4_4_,
        venda0_.valor_total as valor_to5_4_ 
    from
        tb_venda venda0_ 
    where
        venda0_.codigo=?
Hibernate: 
    select
        estoque0_.id as id1_1_,
        estoque0_.id_produto as id_produ4_1_,
        estoque0_.quantidade as quantida2_1_,
        estoque0_.updated_at as updated_3_1_ 
    from
        tb_estoque estoque0_ 
    where
        estoque0_.id_produto=?
Hibernate: 
    delete 
    from
        tb_produto_quantidade
Hibernate: 
    delete 
    from
        tb_venda
Hibernate: 
    delete 
    from
        tb_estoque
Hibernate: 
    delete 
    from
        tb_produto
Hibernate: 
    delete 
    from
        tb_cliente
]]></system-out>
    <system-err><![CDATA[out 24, 2025 3:36:01 PM org.hibernate.engine.jdbc.connections.internal.DriverManagerConnectionProviderImpl$PoolState stop
INFO: HHH10001008: Cleaning up connection pool [jdbc:h2:mem:vendasonline_test;MODE=PostgreSQL;DB_CLOSE_DELAY=0;DATABASE_TO_UPPER=false]
out 24, 2025 3:36:01 PM org.hibernate.jpa.internal.util.LogHelper logPersistenceUnitInformation
INFO: HHH000204: Processing PersistenceUnitInfo [name: test]
out 24, 2025 3:36:01 PM org.hibernate.engine.jdbc.connections.internal.DriverManagerConnectionProviderImpl configure
WARN: HHH10001002: Using Hibernate built-in connection pool (not for production use!)
out 24, 2025 3:36:01 PM org.hibernate.engine.jdbc.connections.internal.DriverManagerConnectionProviderImpl buildCreator
INFO: HHH10001005: using driver [org.h2.Driver] at URL [jdbc:h2:mem:vendasonline_test;MODE=PostgreSQL;DB_CLOSE_DELAY=0;DATABASE_TO_UPPER=false]
out 24, 2025 3:36:01 PM org.hibernate.engine.jdbc.connections.internal.DriverManagerConnectionProviderImpl buildCreator
INFO: HHH10001001: Connection properties: {password=****, user=sa}
out 24, 2025 3:36:01 PM org.hibernate.engine.jdbc.connections.internal.DriverManagerConnectionProviderImpl buildCreator
INFO: HHH10001003: Autocommit mode: false
out 24, 2025 3:36:01 PM org.hibernate.engine.jdbc.connections.internal.DriverManagerConnectionProviderImpl$PooledConnections <init>
INFO: HHH000115: Hibernate connection pool size: 20 (min=1)
out 24, 2025 3:36:01 PM org.hibernate.dialect.Dialect <init>
INFO: HHH000400: Using dialect: org.hibernate.dialect.H2Dialect
out 24, 2025 3:36:01 PM org.hibernate.resource.beans.spi.ManagedBeanRegistryInitiator resolveBeanContainer
INFO: HHH10005002: No explicit CDI BeanManager reference was passed to Hibernate, but CDI is available on the Hibernate ClassLoader.
out 24, 2025 3:36:01 PM org.hibernate.resource.transaction.backend.jdbc.internal.DdlTransactionIsolatorNonJtaImpl getIsolatedConnection
INFO: HHH10001501: Connection obtained from JdbcConnectionAccess [org.hibernate.engine.jdbc.env.internal.JdbcEnvironmentInitiator$ConnectionProviderJdbcConnectionAccess@f1e1d66] for (non-JTA) DDL execution was not in auto-commit mode; the Connection 'local transaction' will be committed and the Connection will be set into auto-commit mode.
out 24, 2025 3:36:01 PM org.hibernate.resource.transaction.backend.jdbc.internal.DdlTransactionIsolatorNonJtaImpl getIsolatedConnection
INFO: HHH10001501: Connection obtained from JdbcConnectionAccess [org.hibernate.engine.jdbc.env.internal.JdbcEnvironmentInitiator$ConnectionProviderJdbcConnectionAccess@3cd28235] for (non-JTA) DDL execution was not in auto-commit mode; the Connection 'local transaction' will be committed and the Connection will be set into auto-commit mode.
out 24, 2025 3:36:01 PM org.hibernate.engine.transaction.jta.platform.internal.JtaPlatformInitiator initiateService
INFO: HHH000490: Using JtaPlatform implementation: [org.hibernate.engine.transaction.jta.platform.internal.NoJtaPlatform]
]]></system-err>
  </testcase>
  <testcase name="deveCancelarVendaFinalizadaEDevolverEstoque" classname="dev.fabiuscaesar.vendasonline.service.VendaServiceTest" time="0.099">
    <system-out><![CDATA[Hibernate: 
    delete 
    from
        tb_produto_quantidade
Hibernate: 
    delete 
    from
        tb_venda
Hibernate: 
    delete 
    from
        tb_estoque
Hibernate: 
    delete 
    from
        tb_produto
Hibernate: 
    delete 
    from
        tb_cliente
Hibernate: 
    call next value for sq_cliente
Hibernate: 
    insert 
    into
        tb_cliente
        (cep, cidade, cpf, endereco, estado, nome, numero, tel, id) 
    values
        (?, ?, ?, ?, ?, ?, ?, ?, ?)
Hibernate: 
    select
        cliente0_.id as id1_0_,
        cliente0_.cep as cep2_0_,
        cliente0_.cidade as cidade3_0_,
        cliente0_.cpf as cpf4_0_,
        cliente0_.endereco as endereco5_0_,
        cliente0_.estado as estado6_0_,
        cliente0_.nome as nome7_0_,
        cliente0_.numero as numero8_0_,
        cliente0_.tel as tel9_0_ 
    from
        tb_cliente cliente0_ 
    where
        cliente0_.cpf=?
Hibernate: 
    call next value for sq_produto
Hibernate: 
    insert 
    into
        tb_produto
        (codigo, descricao, modelo, nome, valor, id) 
    values
        (?, ?, ?, ?, ?, ?)
Hibernate: 
    select
        estoque0_.id as id1_1_,
        estoque0_.id_produto as id_produ4_1_,
        estoque0_.quantidade as quantida2_1_,
        estoque0_.updated_at as updated_3_1_ 
    from
        tb_estoque estoque0_ 
    where
        estoque0_.id_produto=?
Hibernate: 
    call next value for sq_estoque
Hibernate: 
    insert 
    into
        tb_estoque
        (id_produto, quantidade, updated_at, id) 
    values
        (?, ?, ?, ?)
Hibernate: 
    select
        estoque0_.id as id1_1_,
        estoque0_.id_produto as id_produ4_1_,
        estoque0_.quantidade as quantida2_1_,
        estoque0_.updated_at as updated_3_1_ 
    from
        tb_estoque estoque0_ 
    where
        estoque0_.id_produto=?
Hibernate: 
    update
        tb_estoque 
    set
        quantidade=quantidade+?,
        updated_at=? 
    where
        id_produto=?
Hibernate: 
    call next value for sq_venda
Hibernate: 
    call next value for sq_prod_qtd
Hibernate: 
    insert 
    into
        tb_venda
        (id_cliente, codigo, data_venda, status, valor_total, id) 
    values
        (?, ?, ?, ?, ?, ?)
Hibernate: 
    insert 
    into
        tb_produto_quantidade
        (id_produto, quantidade, valor_total, id_venda, id) 
    values
        (?, ?, ?, ?, ?)
Hibernate: 
    select
        venda0_.id as id1_4_,
        venda0_.id_cliente as id_clien6_4_,
        venda0_.codigo as codigo2_4_,
        venda0_.data_venda as data_ven3_4_,
        venda0_.status as status4_4_,
        venda0_.valor_total as valor_to5_4_ 
    from
        tb_venda venda0_ 
    where
        venda0_.codigo=?
Hibernate: 
    select
        distinct venda0_.id as id1_4_0_,
        cliente1_.id as id1_0_1_,
        produtos2_.id as id1_3_2_,
        produto3_.id as id1_2_3_,
        venda0_.id_cliente as id_clien6_4_0_,
        venda0_.codigo as codigo2_4_0_,
        venda0_.data_venda as data_ven3_4_0_,
        venda0_.status as status4_4_0_,
        venda0_.valor_total as valor_to5_4_0_,
        cliente1_.cep as cep2_0_1_,
        cliente1_.cidade as cidade3_0_1_,
        cliente1_.cpf as cpf4_0_1_,
        cliente1_.endereco as endereco5_0_1_,
        cliente1_.estado as estado6_0_1_,
        cliente1_.nome as nome7_0_1_,
        cliente1_.numero as numero8_0_1_,
        cliente1_.tel as tel9_0_1_,
        produtos2_.id_produto as id_produ4_3_2_,
        produtos2_.quantidade as quantida2_3_2_,
        produtos2_.valor_total as valor_to3_3_2_,
        produtos2_.id_venda as id_venda5_3_2_,
        produtos2_.id_venda as id_venda5_3_0__,
        produtos2_.id as id1_3_0__,
        produto3_.codigo as codigo2_2_3_,
        produto3_.descricao as descrica3_2_3_,
        produto3_.modelo as modelo4_2_3_,
        produto3_.nome as nome5_2_3_,
        produto3_.valor as valor6_2_3_ 
    from
        tb_venda venda0_ 
    inner join
        tb_cliente cliente1_ 
            on venda0_.id_cliente=cliente1_.id 
    left outer join
        tb_produto_quantidade produtos2_ 
            on venda0_.id=produtos2_.id_venda 
    left outer join
        tb_produto produto3_ 
            on produtos2_.id_produto=produto3_.id 
    where
        venda0_.codigo=?
Hibernate: 
    update
        tb_estoque 
    set
        quantidade=quantidade-?,
        updated_at=? 
    where
        id_produto=? 
        and quantidade>=?
Hibernate: 
    select
        venda0_.id as id1_4_0_,
        venda0_.id_cliente as id_clien6_4_0_,
        venda0_.codigo as codigo2_4_0_,
        venda0_.data_venda as data_ven3_4_0_,
        venda0_.status as status4_4_0_,
        venda0_.valor_total as valor_to5_4_0_,
        cliente1_.id as id1_0_1_,
        cliente1_.cep as cep2_0_1_,
        cliente1_.cidade as cidade3_0_1_,
        cliente1_.cpf as cpf4_0_1_,
        cliente1_.endereco as endereco5_0_1_,
        cliente1_.estado as estado6_0_1_,
        cliente1_.nome as nome7_0_1_,
        cliente1_.numero as numero8_0_1_,
        cliente1_.tel as tel9_0_1_ 
    from
        tb_venda venda0_ 
    inner join
        tb_cliente cliente1_ 
            on venda0_.id_cliente=cliente1_.id 
    where
        venda0_.id=?
Hibernate: 
    update
        tb_venda 
    set
        id_cliente=?,
        codigo=?,
        data_venda=?,
        status=?,
        valor_total=? 
    where
        id=?
Hibernate: 
    select
        distinct venda0_.id as id1_4_0_,
        cliente1_.id as id1_0_1_,
        produtos2_.id as id1_3_2_,
        produto3_.id as id1_2_3_,
        venda0_.id_cliente as id_clien6_4_0_,
        venda0_.codigo as codigo2_4_0_,
        venda0_.data_venda as data_ven3_4_0_,
        venda0_.status as status4_4_0_,
        venda0_.valor_total as valor_to5_4_0_,
        cliente1_.cep as cep2_0_1_,
        cliente1_.cidade as cidade3_0_1_,
        cliente1_.cpf as cpf4_0_1_,
        cliente1_.endereco as endereco5_0_1_,
        cliente1_.estado as estado6_0_1_,
        cliente1_.nome as nome7_0_1_,
        cliente1_.numero as numero8_0_1_,
        cliente1_.tel as tel9_0_1_,
        produtos2_.id_produto as id_produ4_3_2_,
        produtos2_.quantidade as quantida2_3_2_,
        produtos2_.valor_total as valor_to3_3_2_,
        produtos2_.id_venda as id_venda5_3_2_,
        produtos2_.id_venda as id_venda5_3_0__,
        produtos2_.id as id1_3_0__,
        produto3_.codigo as codigo2_2_3_,
        produto3_.descricao as descrica3_2_3_,
        produto3_.modelo as modelo4_2_3_,
        produto3_.nome as nome5_2_3_,
        produto3_.valor as valor6_2_3_ 
    from
        tb_venda venda0_ 
    inner join
        tb_cliente cliente1_ 
            on venda0_.id_cliente=cliente1_.id 
    left outer join
        tb_produto_quantidade produtos2_ 
            on venda0_.id=produtos2_.id_venda 
    left outer join
        tb_produto produto3_ 
            on produtos2_.id_produto=produto3_.id 
    where
        venda0_.codigo=?
Hibernate: 
    select
        estoque0_.id as id1_1_,
        estoque0_.id_produto as id_produ4_1_,
        estoque0_.quantidade as quantida2_1_,
        estoque0_.updated_at as updated_3_1_ 
    from
        tb_estoque estoque0_ 
    where
        estoque0_.id_produto=?
Hibernate: 
    update
        tb_estoque 
    set
        quantidade=quantidade+?,
        updated_at=? 
    where
        id_produto=?
Hibernate: 
    select
        venda0_.id as id1_4_0_,
        venda0_.id_cliente as id_clien6_4_0_,
        venda0_.codigo as codigo2_4_0_,
        venda0_.data_venda as data_ven3_4_0_,
        venda0_.status as status4_4_0_,
        venda0_.valor_total as valor_to5_4_0_,
        cliente1_.id as id1_0_1_,
        cliente1_.cep as cep2_0_1_,
        cliente1_.cidade as cidade3_0_1_,
        cliente1_.cpf as cpf4_0_1_,
        cliente1_.endereco as endereco5_0_1_,
        cliente1_.estado as estado6_0_1_,
        cliente1_.nome as nome7_0_1_,
        cliente1_.numero as numero8_0_1_,
        cliente1_.tel as tel9_0_1_ 
    from
        tb_venda venda0_ 
    inner join
        tb_cliente cliente1_ 
            on venda0_.id_cliente=cliente1_.id 
    where
        venda0_.id=?
Hibernate: 
    update
        tb_venda 
    set
        id_cliente=?,
        codigo=?,
        data_venda=?,
        status=?,
        valor_total=? 
    where
        id=?
Hibernate: 
    select
        estoque0_.id as id1_1_,
        estoque0_.id_produto as id_produ4_1_,
        estoque0_.quantidade as quantida2_1_,
        estoque0_.updated_at as updated_3_1_ 
    from
        tb_estoque estoque0_ 
    where
        estoque0_.id_produto=?
Hibernate: 
    select
        venda0_.id as id1_4_,
        venda0_.id_cliente as id_clien6_4_,
        venda0_.codigo as codigo2_4_,
        venda0_.data_venda as data_ven3_4_,
        venda0_.status as status4_4_,
        venda0_.valor_total as valor_to5_4_ 
    from
        tb_venda venda0_ 
    where
        venda0_.codigo=?
Hibernate: 
    delete 
    from
        tb_produto_quantidade
Hibernate: 
    delete 
    from
        tb_venda
Hibernate: 
    delete 
    from
        tb_estoque
Hibernate: 
    delete 
    from
        tb_produto
Hibernate: 
    delete 
    from
        tb_cliente
]]></system-out>
  </testcase>
</testsuite>