<?xml version="1.0" encoding="UTF-8"?>
<testsuite xmlns:xsi="http://www.w3.org/2001/XMLSchema-instance" xsi:noNamespaceSchemaLocation="https://maven.apache.org/surefire/maven-surefire-plugin/xsd/surefire-test-report-3.0.xsd" version="3.0" name="dev.fabiuscaesar.vendasonline.AllTests" time="12.696" tests="40" errors="0" skipped="0" failures="0">
  <properties>
[...]
</properties>
  <testcase name="salvarCliente" classname="dev.fabiuscaesar.vendasonline.dao.ClienteDAOTest" time="0.721">
    <system-out><![CDATA[Hibernate: 
    
    drop table tb_cliente if exists
Hibernate: 
    
    drop table tb_estoque if exists
Hibernate: 
    
    drop table tb_produto if exists
Hibernate: 
    
    drop table tb_produto_quantidade if exists
Hibernate: 
    
    drop table tb_venda if exists
Hibernate: 
    
    drop sequence if exists sq_cliente
Hibernate: 
    
    drop sequence if exists sq_estoque
Hibernate: 
    
    drop sequence if exists sq_prod_qtd
Hibernate: 
    
    drop sequence if exists sq_produto
Hibernate: 
    
    drop sequence if exists sq_venda
Hibernate: create sequence sq_cliente start with 1 increment by 1
Hibernate: create sequence sq_estoque start with 1 increment by 1
Hibernate: create sequence sq_prod_qtd start with 1 increment by 1
Hibernate: create sequence sq_produto start with 1 increment by 1
Hibernate: create sequence sq_venda start with 1 increment by 1
Hibernate: 
    
    create table tb_cliente (
       id bigint not null,
        cep varchar(9) not null,
        cidade varchar(50) not null,
        cpf bigint not null,
        endereco varchar(50) not null,
        estado varchar(50) not null,
        nome varchar(50) not null,
        numero bigint not null,
        tel bigint not null,
        primary key (id)
    )
Hibernate: 
    
    create table tb_estoque (
       id bigint not null,
        quantidade integer not null,
        updated_at timestamp,
        id_produto bigint not null,
        primary key (id)
    )
Hibernate: 
    
    create table tb_produto (
       id bigint not null,
        codigo varchar(10) not null,
        descricao varchar(100) not null,
        modelo varchar(50) not null,
        nome varchar(50) not null,
        valor decimal(10,2) not null,
        primary key (id)
    )
Hibernate: 
    
    create table tb_produto_quantidade (
       id bigint not null,
        quantidade integer not null,
        valor_total decimal(19,2) not null,
        id_produto bigint not null,
        id_venda bigint not null,
        primary key (id)
    )
Hibernate: 
    
    create table tb_venda (
       id bigint not null,
        codigo varchar(20) not null,
        data_venda timestamp not null,
        status varchar(20) not null,
        valor_total decimal(19,2) not null,
        id_cliente bigint not null,
        primary key (id)
    )
Hibernate: 
    
    alter table tb_cliente 
       add constraint uk_cliente_cpf unique (cpf)
Hibernate: 
    
    alter table tb_estoque 
       add constraint uk_estoque_produto unique (id_produto)
Hibernate: 
    
    alter table tb_produto 
       add constraint uk_produto_codigo unique (codigo)
Hibernate: 
    
    alter table tb_produto_quantidade 
       add constraint uk_prod_qtd_venda_prod unique (id_venda, id_produto)
Hibernate: 
    
    alter table tb_venda 
       add constraint uk_venda_codigo unique (codigo)
Hibernate: 
    
    alter table tb_estoque 
       add constraint fk_estoque_produto 
       foreign key (id_produto) 
       references tb_produto
Hibernate: 
    
    alter table tb_produto_quantidade 
       add constraint fk_prod_qtd_prod 
       foreign key (id_produto) 
       references tb_produto
Hibernate: 
    
    alter table tb_produto_quantidade 
       add constraint fk_prod_qtd_venda 
       foreign key (id_venda) 
       references tb_venda
Hibernate: 
    
    alter table tb_venda 
       add constraint fk_venda_cliente 
       foreign key (id_cliente) 
       references tb_cliente
Hibernate: 
    
    drop table tb_cliente if exists
Hibernate: 
    
    drop table tb_estoque if exists
Hibernate: 
    
    drop table tb_produto if exists
Hibernate: 
    
    drop table tb_produto_quantidade if exists
Hibernate: 
    
    drop table tb_venda if exists
Hibernate: 
    
    drop sequence if exists sq_cliente
Hibernate: 
    
    drop sequence if exists sq_estoque
Hibernate: 
    
    drop sequence if exists sq_prod_qtd
Hibernate: 
    
    drop sequence if exists sq_produto
Hibernate: 
    
    drop sequence if exists sq_venda
Hibernate: create sequence sq_cliente start with 1 increment by 1
Hibernate: create sequence sq_estoque start with 1 increment by 1
Hibernate: create sequence sq_prod_qtd start with 1 increment by 1
Hibernate: create sequence sq_produto start with 1 increment by 1
Hibernate: create sequence sq_venda start with 1 increment by 1
Hibernate: 
    
    create table tb_cliente (
       id bigint not null,
        cep varchar(9) not null,
        cidade varchar(50) not null,
        cpf bigint not null,
        endereco varchar(50) not null,
        estado varchar(50) not null,
        nome varchar(50) not null,
        numero bigint not null,
        tel bigint not null,
        primary key (id)
    )
Hibernate: 
    
    create table tb_estoque (
       id bigint not null,
        quantidade integer not null,
        updated_at timestamp,
        id_produto bigint not null,
        primary key (id)
    )
Hibernate: 
    
    create table tb_produto (
       id bigint not null,
        codigo varchar(10) not null,
        descricao varchar(100) not null,
        modelo varchar(50) not null,
        nome varchar(50) not null,
        valor decimal(10,2) not null,
        primary key (id)
    )
Hibernate: 
    
    create table tb_produto_quantidade (
       id bigint not null,
        quantidade integer not null,
        valor_total decimal(19,2) not null,
        id_produto bigint not null,
        id_venda bigint not null,
        primary key (id)
    )
Hibernate: 
    
    create table tb_venda (
       id bigint not null,
        codigo varchar(20) not null,
        data_venda timestamp not null,
        status varchar(20) not null,
        valor_total decimal(19,2) not null,
        id_cliente bigint not null,
        primary key (id)
    )
Hibernate: 
    
    alter table tb_cliente 
       add constraint uk_cliente_cpf unique (cpf)
Hibernate: 
    
    alter table tb_estoque 
       add constraint uk_estoque_produto unique (id_produto)
Hibernate: 
    
    alter table tb_produto 
       add constraint uk_produto_codigo unique (codigo)
Hibernate: 
    
    alter table tb_produto_quantidade 
       add constraint uk_prod_qtd_venda_prod unique (id_venda, id_produto)
Hibernate: 
    
    alter table tb_venda 
       add constraint uk_venda_codigo unique (codigo)
Hibernate: 
    
    alter table tb_estoque 
       add constraint fk_estoque_produto 
       foreign key (id_produto) 
       references tb_produto
Hibernate: 
    
    alter table tb_produto_quantidade 
       add constraint fk_prod_qtd_prod 
       foreign key (id_produto) 
       references tb_produto
Hibernate: 
    
    alter table tb_produto_quantidade 
       add constraint fk_prod_qtd_venda 
       foreign key (id_venda) 
       references tb_venda
Hibernate: 
    
    alter table tb_venda 
       add constraint fk_venda_cliente 
       foreign key (id_cliente) 
       references tb_cliente
Hibernate: 
    call next value for sq_cliente
Hibernate: 
    insert 
    into
        tb_cliente
        (cep, cidade, cpf, endereco, estado, nome, numero, tel, id) 
    values
        (?, ?, ?, ?, ?, ?, ?, ?, ?)
Hibernate: 
    select
        cliente0_.id as id1_0_,
        cliente0_.cep as cep2_0_,
        cliente0_.cidade as cidade3_0_,
        cliente0_.cpf as cpf4_0_,
        cliente0_.endereco as endereco5_0_,
        cliente0_.estado as estado6_0_,
        cliente0_.nome as nome7_0_,
        cliente0_.numero as numero8_0_,
        cliente0_.tel as tel9_0_ 
    from
        tb_cliente cliente0_ 
    where
        cliente0_.cpf=?
Hibernate: 
    delete 
    from
        tb_cliente 
    where
        id=?
Hibernate: 
    select
        cliente0_.id as id1_0_,
        cliente0_.cep as cep2_0_,
        cliente0_.cidade as cidade3_0_,
        cliente0_.cpf as cpf4_0_,
        cliente0_.endereco as endereco5_0_,
        cliente0_.estado as estado6_0_,
        cliente0_.nome as nome7_0_,
        cliente0_.numero as numero8_0_,
        cliente0_.tel as tel9_0_ 
    from
        tb_cliente cliente0_
]]></system-out>
    <system-err><![CDATA[out 22, 2025 7:04:33 PM org.hibernate.jpa.internal.util.LogHelper logPersistenceUnitInformation
INFO: HHH000204: Processing PersistenceUnitInfo [
	name: test
	...]
out 22, 2025 7:04:33 PM org.hibernate.Version logVersion
INFO: HHH000412: Hibernate Core {5.3.20.Final}
out 22, 2025 7:04:33 PM org.hibernate.cfg.Environment <clinit>
INFO: HHH000206: hibernate.properties not found
out 22, 2025 7:04:34 PM org.hibernate.annotations.common.reflection.java.JavaReflectionManager <clinit>
INFO: HCANN000001: Hibernate Commons Annotations {5.0.4.Final}
out 22, 2025 7:04:35 PM org.hibernate.engine.jdbc.connections.internal.DriverManagerConnectionProviderImpl configure
WARN: HHH10001002: Using Hibernate built-in connection pool (not for production use!)
out 22, 2025 7:04:35 PM org.hibernate.engine.jdbc.connections.internal.DriverManagerConnectionProviderImpl buildCreator
INFO: HHH10001005: using driver [org.h2.Driver] at URL [jdbc:h2:mem:vendasonline_test;MODE=PostgreSQL;DB_CLOSE_DELAY=0;DATABASE_TO_UPPER=false]
out 22, 2025 7:04:35 PM org.hibernate.engine.jdbc.connections.internal.DriverManagerConnectionProviderImpl buildCreator
INFO: HHH10001001: Connection properties: {password=****, user=sa}
out 22, 2025 7:04:35 PM org.hibernate.engine.jdbc.connections.internal.DriverManagerConnectionProviderImpl buildCreator
INFO: HHH10001003: Autocommit mode: false
out 22, 2025 7:04:35 PM org.hibernate.engine.jdbc.connections.internal.DriverManagerConnectionProviderImpl$PooledConnections <init>
INFO: HHH000115: Hibernate connection pool size: 20 (min=1)
out 22, 2025 7:04:36 PM org.hibernate.dialect.Dialect <init>
INFO: HHH000400: Using dialect: org.hibernate.dialect.H2Dialect
out 22, 2025 7:04:36 PM org.hibernate.resource.beans.spi.ManagedBeanRegistryInitiator resoveBeanContainer
INFO: HHH10005002: No explicit CDI BeanManager reference was passed to Hibernate, but CDI is available on the Hibernate ClassLoader.
out 22, 2025 7:04:38 PM org.hibernate.resource.transaction.backend.jdbc.internal.DdlTransactionIsolatorNonJtaImpl getIsolatedConnection
INFO: HHH10001501: Connection obtained from JdbcConnectionAccess [org.hibernate.engine.jdbc.env.internal.JdbcEnvironmentInitiator$ConnectionProviderJdbcConnectionAccess@75023c53] for (non-JTA) DDL execution was not in auto-commit mode; the Connection 'local transaction' will be committed and the Connection will be set into auto-commit mode.
out 22, 2025 7:04:38 PM org.hibernate.resource.transaction.backend.jdbc.internal.DdlTransactionIsolatorNonJtaImpl getIsolatedConnection
INFO: HHH10001501: Connection obtained from JdbcConnectionAccess [org.hibernate.engine.jdbc.env.internal.JdbcEnvironmentInitiator$ConnectionProviderJdbcConnectionAccess@991cbde] for (non-JTA) DDL execution was not in auto-commit mode; the Connection 'local transaction' will be committed and the Connection will be set into auto-commit mode.
out 22, 2025 7:04:38 PM org.hibernate.tool.schema.internal.SchemaCreatorImpl applyImportSources
INFO: HHH000476: Executing import script 'org.hibernate.tool.schema.internal.exec.ScriptSourceInputNonExistentImpl@1e84f3c8'
out 22, 2025 7:04:38 PM org.hibernate.hql.internal.QueryTranslatorFactoryInitiator initiateService
INFO: HHH000397: Using ASTQueryTranslatorFactory
out 22, 2025 7:04:38 PM org.hibernate.jpa.internal.util.LogHelper logPersistenceUnitInformation
INFO: HHH000204: Processing PersistenceUnitInfo [
	name: test
	...]
out 22, 2025 7:04:38 PM org.hibernate.engine.jdbc.connections.internal.DriverManagerConnectionProviderImpl configure
WARN: HHH10001002: Using Hibernate built-in connection pool (not for production use!)
out 22, 2025 7:04:38 PM org.hibernate.engine.jdbc.connections.internal.DriverManagerConnectionProviderImpl buildCreator
INFO: HHH10001005: using driver [org.h2.Driver] at URL [jdbc:h2:mem:vendasonline_test;MODE=PostgreSQL;DB_CLOSE_DELAY=0;DATABASE_TO_UPPER=false]
out 22, 2025 7:04:38 PM org.hibernate.engine.jdbc.connections.internal.DriverManagerConnectionProviderImpl buildCreator
INFO: HHH10001001: Connection properties: {password=****, user=sa}
out 22, 2025 7:04:38 PM org.hibernate.engine.jdbc.connections.internal.DriverManagerConnectionProviderImpl buildCreator
INFO: HHH10001003: Autocommit mode: false
out 22, 2025 7:04:38 PM org.hibernate.engine.jdbc.connections.internal.DriverManagerConnectionProviderImpl$PooledConnections <init>
INFO: HHH000115: Hibernate connection pool size: 20 (min=1)
out 22, 2025 7:04:38 PM org.hibernate.dialect.Dialect <init>
INFO: HHH000400: Using dialect: org.hibernate.dialect.H2Dialect
out 22, 2025 7:04:38 PM org.hibernate.resource.beans.spi.ManagedBeanRegistryInitiator resoveBeanContainer
INFO: HHH10005002: No explicit CDI BeanManager reference was passed to Hibernate, but CDI is available on the Hibernate ClassLoader.
out 22, 2025 7:04:38 PM org.hibernate.resource.transaction.backend.jdbc.internal.DdlTransactionIsolatorNonJtaImpl getIsolatedConnection
INFO: HHH10001501: Connection obtained from JdbcConnectionAccess [org.hibernate.engine.jdbc.env.internal.JdbcEnvironmentInitiator$ConnectionProviderJdbcConnectionAccess@198536f6] for (non-JTA) DDL execution was not in auto-commit mode; the Connection 'local transaction' will be committed and the Connection will be set into auto-commit mode.
out 22, 2025 7:04:38 PM org.hibernate.tool.schema.internal.ExceptionHandlerLoggedImpl handleException
WARN: GenerationTarget encountered exception accepting command : Error executing DDL "
    drop table tb_cliente if exists" via JDBC Statement
org.hibernate.tool.schema.spi.CommandAcceptanceException: Error executing DDL "
    drop table tb_cliente if exists" via JDBC Statement
	at org.hibernate.tool.schema.internal.exec.GenerationTargetToDatabase.accept(GenerationTargetToDatabase.java:67)
	at org.hibernate.tool.schema.internal.SchemaDropperImpl.applySqlString(SchemaDropperImpl.java:375)
	at org.hibernate.tool.schema.internal.SchemaDropperImpl.applySqlStrings(SchemaDropperImpl.java:359)
	at org.hibernate.tool.schema.internal.SchemaDropperImpl.dropFromMetadata(SchemaDropperImpl.java:241)
	at org.hibernate.tool.schema.internal.SchemaDropperImpl.performDrop(SchemaDropperImpl.java:154)
	at org.hibernate.tool.schema.internal.SchemaDropperImpl.doDrop(SchemaDropperImpl.java:126)
	at org.hibernate.tool.schema.internal.SchemaDropperImpl.doDrop(SchemaDropperImpl.java:112)
	at org.hibernate.tool.schema.spi.SchemaManagementToolCoordinator.performDatabaseAction(SchemaManagementToolCoordinator.java:144)
	at org.hibernate.tool.schema.spi.SchemaManagementToolCoordinator.process(SchemaManagementToolCoordinator.java:72)
	at org.hibernate.internal.SessionFactoryImpl.<init>(SessionFactoryImpl.java:310)
	at org.hibernate.boot.internal.SessionFactoryBuilderImpl.build(SessionFactoryBuilderImpl.java:467)
	at org.hibernate.jpa.boot.internal.EntityManagerFactoryBuilderImpl.build(EntityManagerFactoryBuilderImpl.java:1250)
	at org.hibernate.jpa.HibernatePersistenceProvider.createEntityManagerFactory(HibernatePersistenceProvider.java:56)
	at javax.persistence.Persistence.createEntityManagerFactory(Persistence.java:79)
	at javax.persistence.Persistence.createEntityManagerFactory(Persistence.java:54)
	at dev.fabiuscaesar.vendasonline.dao.ClienteDAOTest.setUp(ClienteDAOTest.java:41)
	at java.base/jdk.internal.reflect.NativeMethodAccessorImpl.invoke0(Native Method)
	at java.base/jdk.internal.reflect.NativeMethodAccessorImpl.invoke(NativeMethodAccessorImpl.java:62)
	at java.base/jdk.internal.reflect.DelegatingMethodAccessorImpl.invoke(DelegatingMethodAccessorImpl.java:43)
	at java.base/java.lang.reflect.Method.invoke(Method.java:566)
	at org.junit.runners.model.FrameworkMethod$1.runReflectiveCall(FrameworkMethod.java:59)
	at org.junit.internal.runners.model.ReflectiveCallable.run(ReflectiveCallable.java:12)
	at org.junit.runners.model.FrameworkMethod.invokeExplosively(FrameworkMethod.java:56)
	at org.junit.internal.runners.statements.RunBefores.invokeMethod(RunBefores.java:33)
	at org.junit.internal.runners.statements.RunBefores.evaluate(RunBefores.java:24)
	at org.junit.internal.runners.statements.RunAfters.evaluate(RunAfters.java:27)
	at org.junit.runners.ParentRunner$3.evaluate(ParentRunner.java:306)
	at org.junit.runners.BlockJUnit4ClassRunner$1.evaluate(BlockJUnit4ClassRunner.java:100)
	at org.junit.runners.ParentRunner.runLeaf(ParentRunner.java:366)
	at org.junit.runners.BlockJUnit4ClassRunner.runChild(BlockJUnit4ClassRunner.java:103)
	at org.junit.runners.BlockJUnit4ClassRunner.runChild(BlockJUnit4ClassRunner.java:63)
	at org.junit.runners.ParentRunner$4.run(ParentRunner.java:331)
	at org.junit.runners.ParentRunner$1.schedule(ParentRunner.java:79)
	at org.junit.runners.ParentRunner.runChildren(ParentRunner.java:329)
	at org.junit.runners.ParentRunner.access$100(ParentRunner.java:66)
	at org.junit.runners.ParentRunner$2.evaluate(ParentRunner.java:293)
	at org.junit.internal.runners.statements.RunBefores.evaluate(RunBefores.java:26)
	at org.junit.internal.runners.statements.RunAfters.evaluate(RunAfters.java:27)
	at org.junit.runners.ParentRunner$3.evaluate(ParentRunner.java:306)
	at org.junit.runners.ParentRunner.run(ParentRunner.java:413)
	at org.junit.runners.Suite.runChild(Suite.java:128)
	at org.junit.runners.Suite.runChild(Suite.java:27)
	at org.junit.runners.ParentRunner$4.run(ParentRunner.java:331)
	at org.junit.runners.ParentRunner$1.schedule(ParentRunner.java:79)
	at org.junit.runners.ParentRunner.runChildren(ParentRunner.java:329)
	at org.junit.runners.ParentRunner.access$100(ParentRunner.java:66)
	at org.junit.runners.ParentRunner$2.evaluate(ParentRunner.java:293)
	at org.junit.runners.ParentRunner$3.evaluate(ParentRunner.java:306)
	at org.junit.runners.ParentRunner.run(ParentRunner.java:413)
	at org.apache.maven.surefire.junit4.JUnit4Provider.execute(JUnit4Provider.java:316)
	at org.apache.maven.surefire.junit4.JUnit4Provider.executeWithRerun(JUnit4Provider.java:240)
	at org.apache.maven.surefire.junit4.JUnit4Provider.executeTestSet(JUnit4Provider.java:214)
	at org.apache.maven.surefire.junit4.JUnit4Provider.invoke(JUnit4Provider.java:155)
	at org.apache.maven.surefire.booter.ForkedBooter.runSuitesInProcess(ForkedBooter.java:385)
	at org.apache.maven.surefire.booter.ForkedBooter.execute(ForkedBooter.java:162)
	at org.apache.maven.surefire.booter.ForkedBooter.run(ForkedBooter.java:507)
	at org.apache.maven.surefire.booter.ForkedBooter.main(ForkedBooter.java:495)
Caused by: org.h2.jdbc.JdbcSQLSyntaxErrorException: Cannot drop "tb_cliente" because "fk_venda_cliente" depends on it; SQL statement:

    drop table tb_cliente if  [90107-224]
	at org.h2.message.DbException.getJdbcSQLException(DbException.java:644)
	at org.h2.message.DbException.getJdbcSQLException(DbException.java:489)
	at org.h2.message.DbException.get(DbException.java:223)
	at org.h2.command.ddl.DropTable.prepareDrop(DropTable.java:108)
	at org.h2.command.ddl.DropTable.update(DropTable.java:133)
	at org.h2.command.CommandContainer.update(CommandContainer.java:169)
	at org.h2.command.Command.executeUpdate(Command.java:256)
	at org.h2.jdbc.JdbcStatement.executeInternal(JdbcStatement.java:262)
	at org.h2.jdbc.JdbcStatement.execute(JdbcStatement.java:231)
	at org.hibernate.tool.schema.internal.exec.GenerationTargetToDatabase.accept(GenerationTargetToDatabase.java:54)
	... 56 more

out 22, 2025 7:04:38 PM org.hibernate.tool.schema.internal.ExceptionHandlerLoggedImpl handleException
WARN: GenerationTarget encountered exception accepting command : Error executing DDL "
    drop table tb_produto if exists" via JDBC Statement
org.hibernate.tool.schema.spi.CommandAcceptanceException: Error executing DDL "
    drop table tb_produto if exists" via JDBC Statement
	at org.hibernate.tool.schema.internal.exec.GenerationTargetToDatabase.accept(GenerationTargetToDatabase.java:67)
	at org.hibernate.tool.schema.internal.SchemaDropperImpl.applySqlString(SchemaDropperImpl.java:375)
	at org.hibernate.tool.schema.internal.SchemaDropperImpl.applySqlStrings(SchemaDropperImpl.java:359)
	at org.hibernate.tool.schema.internal.SchemaDropperImpl.dropFromMetadata(SchemaDropperImpl.java:241)
	at org.hibernate.tool.schema.internal.SchemaDropperImpl.performDrop(SchemaDropperImpl.java:154)
	at org.hibernate.tool.schema.internal.SchemaDropperImpl.doDrop(SchemaDropperImpl.java:126)
	at org.hibernate.tool.schema.internal.SchemaDropperImpl.doDrop(SchemaDropperImpl.java:112)
	at org.hibernate.tool.schema.spi.SchemaManagementToolCoordinator.performDatabaseAction(SchemaManagementToolCoordinator.java:144)
	at org.hibernate.tool.schema.spi.SchemaManagementToolCoordinator.process(SchemaManagementToolCoordinator.java:72)
	at org.hibernate.internal.SessionFactoryImpl.<init>(SessionFactoryImpl.java:310)
	at org.hibernate.boot.internal.SessionFactoryBuilderImpl.build(SessionFactoryBuilderImpl.java:467)
	at org.hibernate.jpa.boot.internal.EntityManagerFactoryBuilderImpl.build(EntityManagerFactoryBuilderImpl.java:1250)
	at org.hibernate.jpa.HibernatePersistenceProvider.createEntityManagerFactory(HibernatePersistenceProvider.java:56)
	at javax.persistence.Persistence.createEntityManagerFactory(Persistence.java:79)
	at javax.persistence.Persistence.createEntityManagerFactory(Persistence.java:54)
	at dev.fabiuscaesar.vendasonline.dao.ClienteDAOTest.setUp(ClienteDAOTest.java:41)
	at java.base/jdk.internal.reflect.NativeMethodAccessorImpl.invoke0(Native Method)
	at java.base/jdk.internal.reflect.NativeMethodAccessorImpl.invoke(NativeMethodAccessorImpl.java:62)
	at java.base/jdk.internal.reflect.DelegatingMethodAccessorImpl.invoke(DelegatingMethodAccessorImpl.java:43)
	at java.base/java.lang.reflect.Method.invoke(Method.java:566)
	at org.junit.runners.model.FrameworkMethod$1.runReflectiveCall(FrameworkMethod.java:59)
	at org.junit.internal.runners.model.ReflectiveCallable.run(ReflectiveCallable.java:12)
	at org.junit.runners.model.FrameworkMethod.invokeExplosively(FrameworkMethod.java:56)
	at org.junit.internal.runners.statements.RunBefores.invokeMethod(RunBefores.java:33)
	at org.junit.internal.runners.statements.RunBefores.evaluate(RunBefores.java:24)
	at org.junit.internal.runners.statements.RunAfters.evaluate(RunAfters.java:27)
	at org.junit.runners.ParentRunner$3.evaluate(ParentRunner.java:306)
	at org.junit.runners.BlockJUnit4ClassRunner$1.evaluate(BlockJUnit4ClassRunner.java:100)
	at org.junit.runners.ParentRunner.runLeaf(ParentRunner.java:366)
	at org.junit.runners.BlockJUnit4ClassRunner.runChild(BlockJUnit4ClassRunner.java:103)
	at org.junit.runners.BlockJUnit4ClassRunner.runChild(BlockJUnit4ClassRunner.java:63)
	at org.junit.runners.ParentRunner$4.run(ParentRunner.java:331)
	at org.junit.runners.ParentRunner$1.schedule(ParentRunner.java:79)
	at org.junit.runners.ParentRunner.runChildren(ParentRunner.java:329)
	at org.junit.runners.ParentRunner.access$100(ParentRunner.java:66)
	at org.junit.runners.ParentRunner$2.evaluate(ParentRunner.java:293)
	at org.junit.internal.runners.statements.RunBefores.evaluate(RunBefores.java:26)
	at org.junit.internal.runners.statements.RunAfters.evaluate(RunAfters.java:27)
	at org.junit.runners.ParentRunner$3.evaluate(ParentRunner.java:306)
	at org.junit.runners.ParentRunner.run(ParentRunner.java:413)
	at org.junit.runners.Suite.runChild(Suite.java:128)
	at org.junit.runners.Suite.runChild(Suite.java:27)
	at org.junit.runners.ParentRunner$4.run(ParentRunner.java:331)
	at org.junit.runners.ParentRunner$1.schedule(ParentRunner.java:79)
	at org.junit.runners.ParentRunner.runChildren(ParentRunner.java:329)
	at org.junit.runners.ParentRunner.access$100(ParentRunner.java:66)
	at org.junit.runners.ParentRunner$2.evaluate(ParentRunner.java:293)
	at org.junit.runners.ParentRunner$3.evaluate(ParentRunner.java:306)
	at org.junit.runners.ParentRunner.run(ParentRunner.java:413)
	at org.apache.maven.surefire.junit4.JUnit4Provider.execute(JUnit4Provider.java:316)
	at org.apache.maven.surefire.junit4.JUnit4Provider.executeWithRerun(JUnit4Provider.java:240)
	at org.apache.maven.surefire.junit4.JUnit4Provider.executeTestSet(JUnit4Provider.java:214)
	at org.apache.maven.surefire.junit4.JUnit4Provider.invoke(JUnit4Provider.java:155)
	at org.apache.maven.surefire.booter.ForkedBooter.runSuitesInProcess(ForkedBooter.java:385)
	at org.apache.maven.surefire.booter.ForkedBooter.execute(ForkedBooter.java:162)
	at org.apache.maven.surefire.booter.ForkedBooter.run(ForkedBooter.java:507)
	at org.apache.maven.surefire.booter.ForkedBooter.main(ForkedBooter.java:495)
Caused by: org.h2.jdbc.JdbcSQLSyntaxErrorException: Cannot drop "tb_produto" because "fk_prod_qtd_prod" depends on it; SQL statement:

    drop table tb_produto if  [90107-224]
	at org.h2.message.DbException.getJdbcSQLException(DbException.java:644)
	at org.h2.message.DbException.getJdbcSQLException(DbException.java:489)
	at org.h2.message.DbException.get(DbException.java:223)
	at org.h2.command.ddl.DropTable.prepareDrop(DropTable.java:108)
	at org.h2.command.ddl.DropTable.update(DropTable.java:133)
	at org.h2.command.CommandContainer.update(CommandContainer.java:169)
	at org.h2.command.Command.executeUpdate(Command.java:256)
	at org.h2.jdbc.JdbcStatement.executeInternal(JdbcStatement.java:262)
	at org.h2.jdbc.JdbcStatement.execute(JdbcStatement.java:231)
	at org.hibernate.tool.schema.internal.exec.GenerationTargetToDatabase.accept(GenerationTargetToDatabase.java:54)
	... 56 more

out 22, 2025 7:04:38 PM org.hibernate.resource.transaction.backend.jdbc.internal.DdlTransactionIsolatorNonJtaImpl getIsolatedConnection
INFO: HHH10001501: Connection obtained from JdbcConnectionAccess [org.hibernate.engine.jdbc.env.internal.JdbcEnvironmentInitiator$ConnectionProviderJdbcConnectionAccess@1ac6dd3d] for (non-JTA) DDL execution was not in auto-commit mode; the Connection 'local transaction' will be committed and the Connection will be set into auto-commit mode.
out 22, 2025 7:04:38 PM org.hibernate.tool.schema.internal.ExceptionHandlerLoggedImpl handleException
WARN: GenerationTarget encountered exception accepting command : Error executing DDL "
    create table tb_cliente (
       id bigint not null,
        cep varchar(9) not null,
        cidade varchar(50) not null,
        cpf bigint not null,
        endereco varchar(50) not null,
        estado varchar(50) not null,
        nome varchar(50) not null,
        numero bigint not null,
        tel bigint not null,
        primary key (id)
    )" via JDBC Statement
org.hibernate.tool.schema.spi.CommandAcceptanceException: Error executing DDL "
    create table tb_cliente (
       id bigint not null,
        cep varchar(9) not null,
        cidade varchar(50) not null,
        cpf bigint not null,
        endereco varchar(50) not null,
        estado varchar(50) not null,
        nome varchar(50) not null,
        numero bigint not null,
        tel bigint not null,
        primary key (id)
    )" via JDBC Statement
	at org.hibernate.tool.schema.internal.exec.GenerationTargetToDatabase.accept(GenerationTargetToDatabase.java:67)
	at org.hibernate.tool.schema.internal.SchemaCreatorImpl.applySqlString(SchemaCreatorImpl.java:440)
	at org.hibernate.tool.schema.internal.SchemaCreatorImpl.applySqlStrings(SchemaCreatorImpl.java:424)
	at org.hibernate.tool.schema.internal.SchemaCreatorImpl.createFromMetadata(SchemaCreatorImpl.java:315)
	at org.hibernate.tool.schema.internal.SchemaCreatorImpl.performCreation(SchemaCreatorImpl.java:166)
	at org.hibernate.tool.schema.internal.SchemaCreatorImpl.doCreation(SchemaCreatorImpl.java:135)
	at org.hibernate.tool.schema.internal.SchemaCreatorImpl.doCreation(SchemaCreatorImpl.java:121)
	at org.hibernate.tool.schema.spi.SchemaManagementToolCoordinator.performDatabaseAction(SchemaManagementToolCoordinator.java:155)
	at org.hibernate.tool.schema.spi.SchemaManagementToolCoordinator.process(SchemaManagementToolCoordinator.java:72)
	at org.hibernate.internal.SessionFactoryImpl.<init>(SessionFactoryImpl.java:310)
	at org.hibernate.boot.internal.SessionFactoryBuilderImpl.build(SessionFactoryBuilderImpl.java:467)
	at org.hibernate.jpa.boot.internal.EntityManagerFactoryBuilderImpl.build(EntityManagerFactoryBuilderImpl.java:1250)
	at org.hibernate.jpa.HibernatePersistenceProvider.createEntityManagerFactory(HibernatePersistenceProvider.java:56)
	at javax.persistence.Persistence.createEntityManagerFactory(Persistence.java:79)
	at javax.persistence.Persistence.createEntityManagerFactory(Persistence.java:54)
	at dev.fabiuscaesar.vendasonline.dao.ClienteDAOTest.setUp(ClienteDAOTest.java:41)
	at java.base/jdk.internal.reflect.NativeMethodAccessorImpl.invoke0(Native Method)
	at java.base/jdk.internal.reflect.NativeMethodAccessorImpl.invoke(NativeMethodAccessorImpl.java:62)
	at java.base/jdk.internal.reflect.DelegatingMethodAccessorImpl.invoke(DelegatingMethodAccessorImpl.java:43)
	at java.base/java.lang.reflect.Method.invoke(Method.java:566)
	at org.junit.runners.model.FrameworkMethod$1.runReflectiveCall(FrameworkMethod.java:59)
	at org.junit.internal.runners.model.ReflectiveCallable.run(ReflectiveCallable.java:12)
	at org.junit.runners.model.FrameworkMethod.invokeExplosively(FrameworkMethod.java:56)
	at org.junit.internal.runners.statements.RunBefores.invokeMethod(RunBefores.java:33)
	at org.junit.internal.runners.statements.RunBefores.evaluate(RunBefores.java:24)
	at org.junit.internal.runners.statements.RunAfters.evaluate(RunAfters.java:27)
	at org.junit.runners.ParentRunner$3.evaluate(ParentRunner.java:306)
	at org.junit.runners.BlockJUnit4ClassRunner$1.evaluate(BlockJUnit4ClassRunner.java:100)
	at org.junit.runners.ParentRunner.runLeaf(ParentRunner.java:366)
	at org.junit.runners.BlockJUnit4ClassRunner.runChild(BlockJUnit4ClassRunner.java:103)
	at org.junit.runners.BlockJUnit4ClassRunner.runChild(BlockJUnit4ClassRunner.java:63)
	at org.junit.runners.ParentRunner$4.run(ParentRunner.java:331)
	at org.junit.runners.ParentRunner$1.schedule(ParentRunner.java:79)
	at org.junit.runners.ParentRunner.runChildren(ParentRunner.java:329)
	at org.junit.runners.ParentRunner.access$100(ParentRunner.java:66)
	at org.junit.runners.ParentRunner$2.evaluate(ParentRunner.java:293)
	at org.junit.internal.runners.statements.RunBefores.evaluate(RunBefores.java:26)
	at org.junit.internal.runners.statements.RunAfters.evaluate(RunAfters.java:27)
	at org.junit.runners.ParentRunner$3.evaluate(ParentRunner.java:306)
	at org.junit.runners.ParentRunner.run(ParentRunner.java:413)
	at org.junit.runners.Suite.runChild(Suite.java:128)
	at org.junit.runners.Suite.runChild(Suite.java:27)
	at org.junit.runners.ParentRunner$4.run(ParentRunner.java:331)
	at org.junit.runners.ParentRunner$1.schedule(ParentRunner.java:79)
	at org.junit.runners.ParentRunner.runChildren(ParentRunner.java:329)
	at org.junit.runners.ParentRunner.access$100(ParentRunner.java:66)
	at org.junit.runners.ParentRunner$2.evaluate(ParentRunner.java:293)
	at org.junit.runners.ParentRunner$3.evaluate(ParentRunner.java:306)
	at org.junit.runners.ParentRunner.run(ParentRunner.java:413)
	at org.apache.maven.surefire.junit4.JUnit4Provider.execute(JUnit4Provider.java:316)
	at org.apache.maven.surefire.junit4.JUnit4Provider.executeWithRerun(JUnit4Provider.java:240)
	at org.apache.maven.surefire.junit4.JUnit4Provider.executeTestSet(JUnit4Provider.java:214)
	at org.apache.maven.surefire.junit4.JUnit4Provider.invoke(JUnit4Provider.java:155)
	at org.apache.maven.surefire.booter.ForkedBooter.runSuitesInProcess(ForkedBooter.java:385)
	at org.apache.maven.surefire.booter.ForkedBooter.execute(ForkedBooter.java:162)
	at org.apache.maven.surefire.booter.ForkedBooter.run(ForkedBooter.java:507)
	at org.apache.maven.surefire.booter.ForkedBooter.main(ForkedBooter.java:495)
Caused by: org.h2.jdbc.JdbcSQLSyntaxErrorException: Table "tb_cliente" already exists; SQL statement:

    create table tb_cliente (
       id bigint not null,
        cep varchar(9) not null,
        cidade varchar(50) not null,
        cpf bigint not null,
        endereco varchar(50) not null,
        estado varchar(50) not null,
        nome varchar(50) not null,
        numero bigint not null,
        tel bigint not null,
        primary key (id) [42101-224]
	at org.h2.message.DbException.getJdbcSQLException(DbException.java:514)
	at org.h2.message.DbException.getJdbcSQLException(DbException.java:489)
	at org.h2.message.DbException.get(DbException.java:223)
	at org.h2.message.DbException.get(DbException.java:199)
	at org.h2.command.ddl.CreateTable.update(CreateTable.java:91)
	at org.h2.command.CommandContainer.update(CommandContainer.java:169)
	at org.h2.command.Command.executeUpdate(Command.java:256)
	at org.h2.jdbc.JdbcStatement.executeInternal(JdbcStatement.java:262)
	at org.h2.jdbc.JdbcStatement.execute(JdbcStatement.java:231)
	at org.hibernate.tool.schema.internal.exec.GenerationTargetToDatabase.accept(GenerationTargetToDatabase.java:54)
	... 56 more

out 22, 2025 7:04:38 PM org.hibernate.tool.schema.internal.ExceptionHandlerLoggedImpl handleException
WARN: GenerationTarget encountered exception accepting command : Error executing DDL "
    create table tb_produto (
       id bigint not null,
        codigo varchar(10) not null,
        descricao varchar(100) not null,
        modelo varchar(50) not null,
        nome varchar(50) not null,
        valor decimal(10,2) not null,
        primary key (id)
    )" via JDBC Statement
org.hibernate.tool.schema.spi.CommandAcceptanceException: Error executing DDL "
    create table tb_produto (
       id bigint not null,
        codigo varchar(10) not null,
        descricao varchar(100) not null,
        modelo varchar(50) not null,
        nome varchar(50) not null,
        valor decimal(10,2) not null,
        primary key (id)
    )" via JDBC Statement
	at org.hibernate.tool.schema.internal.exec.GenerationTargetToDatabase.accept(GenerationTargetToDatabase.java:67)
	at org.hibernate.tool.schema.internal.SchemaCreatorImpl.applySqlString(SchemaCreatorImpl.java:440)
	at org.hibernate.tool.schema.internal.SchemaCreatorImpl.applySqlStrings(SchemaCreatorImpl.java:424)
	at org.hibernate.tool.schema.internal.SchemaCreatorImpl.createFromMetadata(SchemaCreatorImpl.java:315)
	at org.hibernate.tool.schema.internal.SchemaCreatorImpl.performCreation(SchemaCreatorImpl.java:166)
	at org.hibernate.tool.schema.internal.SchemaCreatorImpl.doCreation(SchemaCreatorImpl.java:135)
	at org.hibernate.tool.schema.internal.SchemaCreatorImpl.doCreation(SchemaCreatorImpl.java:121)
	at org.hibernate.tool.schema.spi.SchemaManagementToolCoordinator.performDatabaseAction(SchemaManagementToolCoordinator.java:155)
	at org.hibernate.tool.schema.spi.SchemaManagementToolCoordinator.process(SchemaManagementToolCoordinator.java:72)
	at org.hibernate.internal.SessionFactoryImpl.<init>(SessionFactoryImpl.java:310)
	at org.hibernate.boot.internal.SessionFactoryBuilderImpl.build(SessionFactoryBuilderImpl.java:467)
	at org.hibernate.jpa.boot.internal.EntityManagerFactoryBuilderImpl.build(EntityManagerFactoryBuilderImpl.java:1250)
	at org.hibernate.jpa.HibernatePersistenceProvider.createEntityManagerFactory(HibernatePersistenceProvider.java:56)
	at javax.persistence.Persistence.createEntityManagerFactory(Persistence.java:79)
	at javax.persistence.Persistence.createEntityManagerFactory(Persistence.java:54)
	at dev.fabiuscaesar.vendasonline.dao.ClienteDAOTest.setUp(ClienteDAOTest.java:41)
	at java.base/jdk.internal.reflect.NativeMethodAccessorImpl.invoke0(Native Method)
	at java.base/jdk.internal.reflect.NativeMethodAccessorImpl.invoke(NativeMethodAccessorImpl.java:62)
	at java.base/jdk.internal.reflect.DelegatingMethodAccessorImpl.invoke(DelegatingMethodAccessorImpl.java:43)
	at java.base/java.lang.reflect.Method.invoke(Method.java:566)
	at org.junit.runners.model.FrameworkMethod$1.runReflectiveCall(FrameworkMethod.java:59)
	at org.junit.internal.runners.model.ReflectiveCallable.run(ReflectiveCallable.java:12)
	at org.junit.runners.model.FrameworkMethod.invokeExplosively(FrameworkMethod.java:56)
	at org.junit.internal.runners.statements.RunBefores.invokeMethod(RunBefores.java:33)
	at org.junit.internal.runners.statements.RunBefores.evaluate(RunBefores.java:24)
	at org.junit.internal.runners.statements.RunAfters.evaluate(RunAfters.java:27)
	at org.junit.runners.ParentRunner$3.evaluate(ParentRunner.java:306)
	at org.junit.runners.BlockJUnit4ClassRunner$1.evaluate(BlockJUnit4ClassRunner.java:100)
	at org.junit.runners.ParentRunner.runLeaf(ParentRunner.java:366)
	at org.junit.runners.BlockJUnit4ClassRunner.runChild(BlockJUnit4ClassRunner.java:103)
	at org.junit.runners.BlockJUnit4ClassRunner.runChild(BlockJUnit4ClassRunner.java:63)
	at org.junit.runners.ParentRunner$4.run(ParentRunner.java:331)
	at org.junit.runners.ParentRunner$1.schedule(ParentRunner.java:79)
	at org.junit.runners.ParentRunner.runChildren(ParentRunner.java:329)
	at org.junit.runners.ParentRunner.access$100(ParentRunner.java:66)
	at org.junit.runners.ParentRunner$2.evaluate(ParentRunner.java:293)
	at org.junit.internal.runners.statements.RunBefores.evaluate(RunBefores.java:26)
	at org.junit.internal.runners.statements.RunAfters.evaluate(RunAfters.java:27)
	at org.junit.runners.ParentRunner$3.evaluate(ParentRunner.java:306)
	at org.junit.runners.ParentRunner.run(ParentRunner.java:413)
	at org.junit.runners.Suite.runChild(Suite.java:128)
	at org.junit.runners.Suite.runChild(Suite.java:27)
	at org.junit.runners.ParentRunner$4.run(ParentRunner.java:331)
	at org.junit.runners.ParentRunner$1.schedule(ParentRunner.java:79)
	at org.junit.runners.ParentRunner.runChildren(ParentRunner.java:329)
	at org.junit.runners.ParentRunner.access$100(ParentRunner.java:66)
	at org.junit.runners.ParentRunner$2.evaluate(ParentRunner.java:293)
	at org.junit.runners.ParentRunner$3.evaluate(ParentRunner.java:306)
	at org.junit.runners.ParentRunner.run(ParentRunner.java:413)
	at org.apache.maven.surefire.junit4.JUnit4Provider.execute(JUnit4Provider.java:316)
	at org.apache.maven.surefire.junit4.JUnit4Provider.executeWithRerun(JUnit4Provider.java:240)
	at org.apache.maven.surefire.junit4.JUnit4Provider.executeTestSet(JUnit4Provider.java:214)
	at org.apache.maven.surefire.junit4.JUnit4Provider.invoke(JUnit4Provider.java:155)
	at org.apache.maven.surefire.booter.ForkedBooter.runSuitesInProcess(ForkedBooter.java:385)
	at org.apache.maven.surefire.booter.ForkedBooter.execute(ForkedBooter.java:162)
	at org.apache.maven.surefire.booter.ForkedBooter.run(ForkedBooter.java:507)
	at org.apache.maven.surefire.booter.ForkedBooter.main(ForkedBooter.java:495)
Caused by: org.h2.jdbc.JdbcSQLSyntaxErrorException: Table "tb_produto" already exists; SQL statement:

    create table tb_produto (
       id bigint not null,
        codigo varchar(10) not null,
        descricao varchar(100) not null,
        modelo varchar(50) not null,
        nome varchar(50) not null,
        valor decimal(10,2) not null,
        primary key (id) [42101-224]
	at org.h2.message.DbException.getJdbcSQLException(DbException.java:514)
	at org.h2.message.DbException.getJdbcSQLException(DbException.java:489)
	at org.h2.message.DbException.get(DbException.java:223)
	at org.h2.message.DbException.get(DbException.java:199)
	at org.h2.command.ddl.CreateTable.update(CreateTable.java:91)
	at org.h2.command.CommandContainer.update(CommandContainer.java:169)
	at org.h2.command.Command.executeUpdate(Command.java:256)
	at org.h2.jdbc.JdbcStatement.executeInternal(JdbcStatement.java:262)
	at org.h2.jdbc.JdbcStatement.execute(JdbcStatement.java:231)
	at org.hibernate.tool.schema.internal.exec.GenerationTargetToDatabase.accept(GenerationTargetToDatabase.java:54)
	... 56 more

out 22, 2025 7:04:38 PM org.hibernate.tool.schema.internal.ExceptionHandlerLoggedImpl handleException
WARN: GenerationTarget encountered exception accepting command : Error executing DDL "
    alter table tb_cliente 
       add constraint uk_cliente_cpf unique (cpf)" via JDBC Statement
org.hibernate.tool.schema.spi.CommandAcceptanceException: Error executing DDL "
    alter table tb_cliente 
       add constraint uk_cliente_cpf unique (cpf)" via JDBC Statement
	at org.hibernate.tool.schema.internal.exec.GenerationTargetToDatabase.accept(GenerationTargetToDatabase.java:67)
	at org.hibernate.tool.schema.internal.SchemaCreatorImpl.applySqlString(SchemaCreatorImpl.java:440)
	at org.hibernate.tool.schema.internal.SchemaCreatorImpl.applySqlStrings(SchemaCreatorImpl.java:424)
	at org.hibernate.tool.schema.internal.SchemaCreatorImpl.createFromMetadata(SchemaCreatorImpl.java:349)
	at org.hibernate.tool.schema.internal.SchemaCreatorImpl.performCreation(SchemaCreatorImpl.java:166)
	at org.hibernate.tool.schema.internal.SchemaCreatorImpl.doCreation(SchemaCreatorImpl.java:135)
	at org.hibernate.tool.schema.internal.SchemaCreatorImpl.doCreation(SchemaCreatorImpl.java:121)
	at org.hibernate.tool.schema.spi.SchemaManagementToolCoordinator.performDatabaseAction(SchemaManagementToolCoordinator.java:155)
	at org.hibernate.tool.schema.spi.SchemaManagementToolCoordinator.process(SchemaManagementToolCoordinator.java:72)
	at org.hibernate.internal.SessionFactoryImpl.<init>(SessionFactoryImpl.java:310)
	at org.hibernate.boot.internal.SessionFactoryBuilderImpl.build(SessionFactoryBuilderImpl.java:467)
	at org.hibernate.jpa.boot.internal.EntityManagerFactoryBuilderImpl.build(EntityManagerFactoryBuilderImpl.java:1250)
	at org.hibernate.jpa.HibernatePersistenceProvider.createEntityManagerFactory(HibernatePersistenceProvider.java:56)
	at javax.persistence.Persistence.createEntityManagerFactory(Persistence.java:79)
	at javax.persistence.Persistence.createEntityManagerFactory(Persistence.java:54)
	at dev.fabiuscaesar.vendasonline.dao.ClienteDAOTest.setUp(ClienteDAOTest.java:41)
	at java.base/jdk.internal.reflect.NativeMethodAccessorImpl.invoke0(Native Method)
	at java.base/jdk.internal.reflect.NativeMethodAccessorImpl.invoke(NativeMethodAccessorImpl.java:62)
	at java.base/jdk.internal.reflect.DelegatingMethodAccessorImpl.invoke(DelegatingMethodAccessorImpl.java:43)
	at java.base/java.lang.reflect.Method.invoke(Method.java:566)
	at org.junit.runners.model.FrameworkMethod$1.runReflectiveCall(FrameworkMethod.java:59)
	at org.junit.internal.runners.model.ReflectiveCallable.run(ReflectiveCallable.java:12)
	at org.junit.runners.model.FrameworkMethod.invokeExplosively(FrameworkMethod.java:56)
	at org.junit.internal.runners.statements.RunBefores.invokeMethod(RunBefores.java:33)
	at org.junit.internal.runners.statements.RunBefores.evaluate(RunBefores.java:24)
	at org.junit.internal.runners.statements.RunAfters.evaluate(RunAfters.java:27)
	at org.junit.runners.ParentRunner$3.evaluate(ParentRunner.java:306)
	at org.junit.runners.BlockJUnit4ClassRunner$1.evaluate(BlockJUnit4ClassRunner.java:100)
	at org.junit.runners.ParentRunner.runLeaf(ParentRunner.java:366)
	at org.junit.runners.BlockJUnit4ClassRunner.runChild(BlockJUnit4ClassRunner.java:103)
	at org.junit.runners.BlockJUnit4ClassRunner.runChild(BlockJUnit4ClassRunner.java:63)
	at org.junit.runners.ParentRunner$4.run(ParentRunner.java:331)
	at org.junit.runners.ParentRunner$1.schedule(ParentRunner.java:79)
	at org.junit.runners.ParentRunner.runChildren(ParentRunner.java:329)
	at org.junit.runners.ParentRunner.access$100(ParentRunner.java:66)
	at org.junit.runners.ParentRunner$2.evaluate(ParentRunner.java:293)
	at org.junit.internal.runners.statements.RunBefores.evaluate(RunBefores.java:26)
	at org.junit.internal.runners.statements.RunAfters.evaluate(RunAfters.java:27)
	at org.junit.runners.ParentRunner$3.evaluate(ParentRunner.java:306)
	at org.junit.runners.ParentRunner.run(ParentRunner.java:413)
	at org.junit.runners.Suite.runChild(Suite.java:128)
	at org.junit.runners.Suite.runChild(Suite.java:27)
	at org.junit.runners.ParentRunner$4.run(ParentRunner.java:331)
	at org.junit.runners.ParentRunner$1.schedule(ParentRunner.java:79)
	at org.junit.runners.ParentRunner.runChildren(ParentRunner.java:329)
	at org.junit.runners.ParentRunner.access$100(ParentRunner.java:66)
	at org.junit.runners.ParentRunner$2.evaluate(ParentRunner.java:293)
	at org.junit.runners.ParentRunner$3.evaluate(ParentRunner.java:306)
	at org.junit.runners.ParentRunner.run(ParentRunner.java:413)
	at org.apache.maven.surefire.junit4.JUnit4Provider.execute(JUnit4Provider.java:316)
	at org.apache.maven.surefire.junit4.JUnit4Provider.executeWithRerun(JUnit4Provider.java:240)
	at org.apache.maven.surefire.junit4.JUnit4Provider.executeTestSet(JUnit4Provider.java:214)
	at org.apache.maven.surefire.junit4.JUnit4Provider.invoke(JUnit4Provider.java:155)
	at org.apache.maven.surefire.booter.ForkedBooter.runSuitesInProcess(ForkedBooter.java:385)
	at org.apache.maven.surefire.booter.ForkedBooter.execute(ForkedBooter.java:162)
	at org.apache.maven.surefire.booter.ForkedBooter.run(ForkedBooter.java:507)
	at org.apache.maven.surefire.booter.ForkedBooter.main(ForkedBooter.java:495)
Caused by: org.h2.jdbc.JdbcSQLSyntaxErrorException: Constraint "uk_cliente_cpf" already exists; SQL statement:

    alter table tb_cliente 
       add constraint uk_cliente_cpf unique [90045-224]
	at org.h2.message.DbException.getJdbcSQLException(DbException.java:644)
	at org.h2.message.DbException.getJdbcSQLException(DbException.java:489)
	at org.h2.message.DbException.get(DbException.java:223)
	at org.h2.message.DbException.get(DbException.java:199)
	at org.h2.command.ddl.AlterTableAddConstraint.tryUpdate(AlterTableAddConstraint.java:111)
	at org.h2.command.ddl.AlterTableAddConstraint.update(AlterTableAddConstraint.java:74)
	at org.h2.command.ddl.AlterTable.update(AlterTable.java:46)
	at org.h2.command.CommandContainer.update(CommandContainer.java:169)
	at org.h2.command.Command.executeUpdate(Command.java:256)
	at org.h2.jdbc.JdbcStatement.executeInternal(JdbcStatement.java:262)
	at org.h2.jdbc.JdbcStatement.execute(JdbcStatement.java:231)
	at org.hibernate.tool.schema.internal.exec.GenerationTargetToDatabase.accept(GenerationTargetToDatabase.java:54)
	... 56 more

out 22, 2025 7:04:38 PM org.hibernate.tool.schema.internal.ExceptionHandlerLoggedImpl handleException
WARN: GenerationTarget encountered exception accepting command : Error executing DDL "
    alter table tb_produto 
       add constraint uk_produto_codigo unique (codigo)" via JDBC Statement
org.hibernate.tool.schema.spi.CommandAcceptanceException: Error executing DDL "
    alter table tb_produto 
       add constraint uk_produto_codigo unique (codigo)" via JDBC Statement
	at org.hibernate.tool.schema.internal.exec.GenerationTargetToDatabase.accept(GenerationTargetToDatabase.java:67)
	at org.hibernate.tool.schema.internal.SchemaCreatorImpl.applySqlString(SchemaCreatorImpl.java:440)
	at org.hibernate.tool.schema.internal.SchemaCreatorImpl.applySqlStrings(SchemaCreatorImpl.java:424)
	at org.hibernate.tool.schema.internal.SchemaCreatorImpl.createFromMetadata(SchemaCreatorImpl.java:349)
	at org.hibernate.tool.schema.internal.SchemaCreatorImpl.performCreation(SchemaCreatorImpl.java:166)
	at org.hibernate.tool.schema.internal.SchemaCreatorImpl.doCreation(SchemaCreatorImpl.java:135)
	at org.hibernate.tool.schema.internal.SchemaCreatorImpl.doCreation(SchemaCreatorImpl.java:121)
	at org.hibernate.tool.schema.spi.SchemaManagementToolCoordinator.performDatabaseAction(SchemaManagementToolCoordinator.java:155)
	at org.hibernate.tool.schema.spi.SchemaManagementToolCoordinator.process(SchemaManagementToolCoordinator.java:72)
	at org.hibernate.internal.SessionFactoryImpl.<init>(SessionFactoryImpl.java:310)
	at org.hibernate.boot.internal.SessionFactoryBuilderImpl.build(SessionFactoryBuilderImpl.java:467)
	at org.hibernate.jpa.boot.internal.EntityManagerFactoryBuilderImpl.build(EntityManagerFactoryBuilderImpl.java:1250)
	at org.hibernate.jpa.HibernatePersistenceProvider.createEntityManagerFactory(HibernatePersistenceProvider.java:56)
	at javax.persistence.Persistence.createEntityManagerFactory(Persistence.java:79)
	at javax.persistence.Persistence.createEntityManagerFactory(Persistence.java:54)
	at dev.fabiuscaesar.vendasonline.dao.ClienteDAOTest.setUp(ClienteDAOTest.java:41)
	at java.base/jdk.internal.reflect.NativeMethodAccessorImpl.invoke0(Native Method)
	at java.base/jdk.internal.reflect.NativeMethodAccessorImpl.invoke(NativeMethodAccessorImpl.java:62)
	at java.base/jdk.internal.reflect.DelegatingMethodAccessorImpl.invoke(DelegatingMethodAccessorImpl.java:43)
	at java.base/java.lang.reflect.Method.invoke(Method.java:566)
	at org.junit.runners.model.FrameworkMethod$1.runReflectiveCall(FrameworkMethod.java:59)
	at org.junit.internal.runners.model.ReflectiveCallable.run(ReflectiveCallable.java:12)
	at org.junit.runners.model.FrameworkMethod.invokeExplosively(FrameworkMethod.java:56)
	at org.junit.internal.runners.statements.RunBefores.invokeMethod(RunBefores.java:33)
	at org.junit.internal.runners.statements.RunBefores.evaluate(RunBefores.java:24)
	at org.junit.internal.runners.statements.RunAfters.evaluate(RunAfters.java:27)
	at org.junit.runners.ParentRunner$3.evaluate(ParentRunner.java:306)
	at org.junit.runners.BlockJUnit4ClassRunner$1.evaluate(BlockJUnit4ClassRunner.java:100)
	at org.junit.runners.ParentRunner.runLeaf(ParentRunner.java:366)
	at org.junit.runners.BlockJUnit4ClassRunner.runChild(BlockJUnit4ClassRunner.java:103)
	at org.junit.runners.BlockJUnit4ClassRunner.runChild(BlockJUnit4ClassRunner.java:63)
	at org.junit.runners.ParentRunner$4.run(ParentRunner.java:331)
	at org.junit.runners.ParentRunner$1.schedule(ParentRunner.java:79)
	at org.junit.runners.ParentRunner.runChildren(ParentRunner.java:329)
	at org.junit.runners.ParentRunner.access$100(ParentRunner.java:66)
	at org.junit.runners.ParentRunner$2.evaluate(ParentRunner.java:293)
	at org.junit.internal.runners.statements.RunBefores.evaluate(RunBefores.java:26)
	at org.junit.internal.runners.statements.RunAfters.evaluate(RunAfters.java:27)
	at org.junit.runners.ParentRunner$3.evaluate(ParentRunner.java:306)
	at org.junit.runners.ParentRunner.run(ParentRunner.java:413)
	at org.junit.runners.Suite.runChild(Suite.java:128)
	at org.junit.runners.Suite.runChild(Suite.java:27)
	at org.junit.runners.ParentRunner$4.run(ParentRunner.java:331)
	at org.junit.runners.ParentRunner$1.schedule(ParentRunner.java:79)
	at org.junit.runners.ParentRunner.runChildren(ParentRunner.java:329)
	at org.junit.runners.ParentRunner.access$100(ParentRunner.java:66)
	at org.junit.runners.ParentRunner$2.evaluate(ParentRunner.java:293)
	at org.junit.runners.ParentRunner$3.evaluate(ParentRunner.java:306)
	at org.junit.runners.ParentRunner.run(ParentRunner.java:413)
	at org.apache.maven.surefire.junit4.JUnit4Provider.execute(JUnit4Provider.java:316)
	at org.apache.maven.surefire.junit4.JUnit4Provider.executeWithRerun(JUnit4Provider.java:240)
	at org.apache.maven.surefire.junit4.JUnit4Provider.executeTestSet(JUnit4Provider.java:214)
	at org.apache.maven.surefire.junit4.JUnit4Provider.invoke(JUnit4Provider.java:155)
	at org.apache.maven.surefire.booter.ForkedBooter.runSuitesInProcess(ForkedBooter.java:385)
	at org.apache.maven.surefire.booter.ForkedBooter.execute(ForkedBooter.java:162)
	at org.apache.maven.surefire.booter.ForkedBooter.run(ForkedBooter.java:507)
	at org.apache.maven.surefire.booter.ForkedBooter.main(ForkedBooter.java:495)
Caused by: org.h2.jdbc.JdbcSQLSyntaxErrorException: Constraint "uk_produto_codigo" already exists; SQL statement:

    alter table tb_produto 
       add constraint uk_produto_codigo unique (c [90045-224]
	at org.h2.message.DbException.getJdbcSQLException(DbException.java:644)
	at org.h2.message.DbException.getJdbcSQLException(DbException.java:489)
	at org.h2.message.DbException.get(DbException.java:223)
	at org.h2.message.DbException.get(DbException.java:199)
	at org.h2.command.ddl.AlterTableAddConstraint.tryUpdate(AlterTableAddConstraint.java:111)
	at org.h2.command.ddl.AlterTableAddConstraint.update(AlterTableAddConstraint.java:74)
	at org.h2.command.ddl.AlterTable.update(AlterTable.java:46)
	at org.h2.command.CommandContainer.update(CommandContainer.java:169)
	at org.h2.command.Command.executeUpdate(Command.java:256)
	at org.h2.jdbc.JdbcStatement.executeInternal(JdbcStatement.java:262)
	at org.h2.jdbc.JdbcStatement.execute(JdbcStatement.java:231)
	at org.hibernate.tool.schema.internal.exec.GenerationTargetToDatabase.accept(GenerationTargetToDatabase.java:54)
	... 56 more

out 22, 2025 7:04:39 PM org.hibernate.tool.schema.internal.SchemaCreatorImpl applyImportSources
INFO: HHH000476: Executing import script 'org.hibernate.tool.schema.internal.exec.ScriptSourceInputNonExistentImpl@1e84f3c8'
out 22, 2025 7:04:39 PM org.hibernate.hql.internal.QueryTranslatorFactoryInitiator initiateService
INFO: HHH000397: Using ASTQueryTranslatorFactory
out 22, 2025 7:04:39 PM org.hibernate.engine.jdbc.connections.internal.DriverManagerConnectionProviderImpl stop
INFO: HHH10001008: Cleaning up connection pool [jdbc:h2:mem:vendasonline_test;MODE=PostgreSQL;DB_CLOSE_DELAY=0;DATABASE_TO_UPPER=false]
]]></system-err>
  </testcase>
  <testcase name="excluirCliente" classname="dev.fabiuscaesar.vendasonline.dao.ClienteDAOTest" time="0.47">
    <system-out><![CDATA[Hibernate: 
    
    drop table tb_cliente if exists
Hibernate: 
    
    drop table tb_estoque if exists
Hibernate: 
    
    drop table tb_produto if exists
Hibernate: 
    
    drop table tb_produto_quantidade if exists
Hibernate: 
    
    drop table tb_venda if exists
Hibernate: 
    
    drop sequence if exists sq_cliente
Hibernate: 
    
    drop sequence if exists sq_estoque
Hibernate: 
    
    drop sequence if exists sq_prod_qtd
Hibernate: 
    
    drop sequence if exists sq_produto
Hibernate: 
    
    drop sequence if exists sq_venda
Hibernate: create sequence sq_cliente start with 1 increment by 1
Hibernate: create sequence sq_estoque start with 1 increment by 1
Hibernate: create sequence sq_prod_qtd start with 1 increment by 1
Hibernate: create sequence sq_produto start with 1 increment by 1
Hibernate: create sequence sq_venda start with 1 increment by 1
Hibernate: 
    
    create table tb_cliente (
       id bigint not null,
        cep varchar(9) not null,
        cidade varchar(50) not null,
        cpf bigint not null,
        endereco varchar(50) not null,
        estado varchar(50) not null,
        nome varchar(50) not null,
        numero bigint not null,
        tel bigint not null,
        primary key (id)
    )
Hibernate: 
    
    create table tb_estoque (
       id bigint not null,
        quantidade integer not null,
        updated_at timestamp,
        id_produto bigint not null,
        primary key (id)
    )
Hibernate: 
    
    create table tb_produto (
       id bigint not null,
        codigo varchar(10) not null,
        descricao varchar(100) not null,
        modelo varchar(50) not null,
        nome varchar(50) not null,
        valor decimal(10,2) not null,
        primary key (id)
    )
Hibernate: 
    
    create table tb_produto_quantidade (
       id bigint not null,
        quantidade integer not null,
        valor_total decimal(19,2) not null,
        id_produto bigint not null,
        id_venda bigint not null,
        primary key (id)
    )
Hibernate: 
    
    create table tb_venda (
       id bigint not null,
        codigo varchar(20) not null,
        data_venda timestamp not null,
        status varchar(20) not null,
        valor_total decimal(19,2) not null,
        id_cliente bigint not null,
        primary key (id)
    )
Hibernate: 
    
    alter table tb_cliente 
       add constraint uk_cliente_cpf unique (cpf)
Hibernate: 
    
    alter table tb_estoque 
       add constraint uk_estoque_produto unique (id_produto)
Hibernate: 
    
    alter table tb_produto 
       add constraint uk_produto_codigo unique (codigo)
Hibernate: 
    
    alter table tb_produto_quantidade 
       add constraint uk_prod_qtd_venda_prod unique (id_venda, id_produto)
Hibernate: 
    
    alter table tb_venda 
       add constraint uk_venda_codigo unique (codigo)
Hibernate: 
    
    alter table tb_estoque 
       add constraint fk_estoque_produto 
       foreign key (id_produto) 
       references tb_produto
Hibernate: 
    
    alter table tb_produto_quantidade 
       add constraint fk_prod_qtd_prod 
       foreign key (id_produto) 
       references tb_produto
Hibernate: 
    
    alter table tb_produto_quantidade 
       add constraint fk_prod_qtd_venda 
       foreign key (id_venda) 
       references tb_venda
Hibernate: 
    
    alter table tb_venda 
       add constraint fk_venda_cliente 
       foreign key (id_cliente) 
       references tb_cliente
Hibernate: 
    call next value for sq_cliente
Hibernate: 
    insert 
    into
        tb_cliente
        (cep, cidade, cpf, endereco, estado, nome, numero, tel, id) 
    values
        (?, ?, ?, ?, ?, ?, ?, ?, ?)
Hibernate: 
    select
        cliente0_.id as id1_0_,
        cliente0_.cep as cep2_0_,
        cliente0_.cidade as cidade3_0_,
        cliente0_.cpf as cpf4_0_,
        cliente0_.endereco as endereco5_0_,
        cliente0_.estado as estado6_0_,
        cliente0_.nome as nome7_0_,
        cliente0_.numero as numero8_0_,
        cliente0_.tel as tel9_0_ 
    from
        tb_cliente cliente0_ 
    where
        cliente0_.cpf=?
Hibernate: 
    delete 
    from
        tb_cliente 
    where
        id=?
Hibernate: 
    select
        cliente0_.id as id1_0_,
        cliente0_.cep as cep2_0_,
        cliente0_.cidade as cidade3_0_,
        cliente0_.cpf as cpf4_0_,
        cliente0_.endereco as endereco5_0_,
        cliente0_.estado as estado6_0_,
        cliente0_.nome as nome7_0_,
        cliente0_.numero as numero8_0_,
        cliente0_.tel as tel9_0_ 
    from
        tb_cliente cliente0_ 
    where
        cliente0_.cpf=?
Hibernate: 
    select
        cliente0_.id as id1_0_,
        cliente0_.cep as cep2_0_,
        cliente0_.cidade as cidade3_0_,
        cliente0_.cpf as cpf4_0_,
        cliente0_.endereco as endereco5_0_,
        cliente0_.estado as estado6_0_,
        cliente0_.nome as nome7_0_,
        cliente0_.numero as numero8_0_,
        cliente0_.tel as tel9_0_ 
    from
        tb_cliente cliente0_
]]></system-out>
    <system-err><![CDATA[out 22, 2025 7:04:39 PM org.hibernate.jpa.internal.util.LogHelper logPersistenceUnitInformation
INFO: HHH000204: Processing PersistenceUnitInfo [
	name: test
	...]
out 22, 2025 7:04:39 PM org.hibernate.engine.jdbc.connections.internal.DriverManagerConnectionProviderImpl configure
WARN: HHH10001002: Using Hibernate built-in connection pool (not for production use!)
out 22, 2025 7:04:39 PM org.hibernate.engine.jdbc.connections.internal.DriverManagerConnectionProviderImpl buildCreator
INFO: HHH10001005: using driver [org.h2.Driver] at URL [jdbc:h2:mem:vendasonline_test;MODE=PostgreSQL;DB_CLOSE_DELAY=0;DATABASE_TO_UPPER=false]
out 22, 2025 7:04:39 PM org.hibernate.engine.jdbc.connections.internal.DriverManagerConnectionProviderImpl buildCreator
INFO: HHH10001001: Connection properties: {password=****, user=sa}
out 22, 2025 7:04:39 PM org.hibernate.engine.jdbc.connections.internal.DriverManagerConnectionProviderImpl buildCreator
INFO: HHH10001003: Autocommit mode: false
out 22, 2025 7:04:39 PM org.hibernate.engine.jdbc.connections.internal.DriverManagerConnectionProviderImpl$PooledConnections <init>
INFO: HHH000115: Hibernate connection pool size: 20 (min=1)
out 22, 2025 7:04:39 PM org.hibernate.dialect.Dialect <init>
INFO: HHH000400: Using dialect: org.hibernate.dialect.H2Dialect
out 22, 2025 7:04:39 PM org.hibernate.resource.beans.spi.ManagedBeanRegistryInitiator resoveBeanContainer
INFO: HHH10005002: No explicit CDI BeanManager reference was passed to Hibernate, but CDI is available on the Hibernate ClassLoader.
out 22, 2025 7:04:39 PM org.hibernate.resource.transaction.backend.jdbc.internal.DdlTransactionIsolatorNonJtaImpl getIsolatedConnection
INFO: HHH10001501: Connection obtained from JdbcConnectionAccess [org.hibernate.engine.jdbc.env.internal.JdbcEnvironmentInitiator$ConnectionProviderJdbcConnectionAccess@634f58d2] for (non-JTA) DDL execution was not in auto-commit mode; the Connection 'local transaction' will be committed and the Connection will be set into auto-commit mode.
out 22, 2025 7:04:39 PM org.hibernate.tool.schema.internal.ExceptionHandlerLoggedImpl handleException
WARN: GenerationTarget encountered exception accepting command : Error executing DDL "
    drop table tb_cliente if exists" via JDBC Statement
org.hibernate.tool.schema.spi.CommandAcceptanceException: Error executing DDL "
    drop table tb_cliente if exists" via JDBC Statement
	at org.hibernate.tool.schema.internal.exec.GenerationTargetToDatabase.accept(GenerationTargetToDatabase.java:67)
	at org.hibernate.tool.schema.internal.SchemaDropperImpl.applySqlString(SchemaDropperImpl.java:375)
	at org.hibernate.tool.schema.internal.SchemaDropperImpl.applySqlStrings(SchemaDropperImpl.java:359)
	at org.hibernate.tool.schema.internal.SchemaDropperImpl.dropFromMetadata(SchemaDropperImpl.java:241)
	at org.hibernate.tool.schema.internal.SchemaDropperImpl.performDrop(SchemaDropperImpl.java:154)
	at org.hibernate.tool.schema.internal.SchemaDropperImpl.doDrop(SchemaDropperImpl.java:126)
	at org.hibernate.tool.schema.internal.SchemaDropperImpl.doDrop(SchemaDropperImpl.java:112)
	at org.hibernate.tool.schema.spi.SchemaManagementToolCoordinator.performDatabaseAction(SchemaManagementToolCoordinator.java:144)
	at org.hibernate.tool.schema.spi.SchemaManagementToolCoordinator.process(SchemaManagementToolCoordinator.java:72)
	at org.hibernate.internal.SessionFactoryImpl.<init>(SessionFactoryImpl.java:310)
	at org.hibernate.boot.internal.SessionFactoryBuilderImpl.build(SessionFactoryBuilderImpl.java:467)
	at org.hibernate.jpa.boot.internal.EntityManagerFactoryBuilderImpl.build(EntityManagerFactoryBuilderImpl.java:1250)
	at org.hibernate.jpa.HibernatePersistenceProvider.createEntityManagerFactory(HibernatePersistenceProvider.java:56)
	at javax.persistence.Persistence.createEntityManagerFactory(Persistence.java:79)
	at javax.persistence.Persistence.createEntityManagerFactory(Persistence.java:54)
	at dev.fabiuscaesar.vendasonline.dao.ClienteDAOTest.setUp(ClienteDAOTest.java:41)
	at java.base/jdk.internal.reflect.NativeMethodAccessorImpl.invoke0(Native Method)
	at java.base/jdk.internal.reflect.NativeMethodAccessorImpl.invoke(NativeMethodAccessorImpl.java:62)
	at java.base/jdk.internal.reflect.DelegatingMethodAccessorImpl.invoke(DelegatingMethodAccessorImpl.java:43)
	at java.base/java.lang.reflect.Method.invoke(Method.java:566)
	at org.junit.runners.model.FrameworkMethod$1.runReflectiveCall(FrameworkMethod.java:59)
	at org.junit.internal.runners.model.ReflectiveCallable.run(ReflectiveCallable.java:12)
	at org.junit.runners.model.FrameworkMethod.invokeExplosively(FrameworkMethod.java:56)
	at org.junit.internal.runners.statements.RunBefores.invokeMethod(RunBefores.java:33)
	at org.junit.internal.runners.statements.RunBefores.evaluate(RunBefores.java:24)
	at org.junit.internal.runners.statements.RunAfters.evaluate(RunAfters.java:27)
	at org.junit.runners.ParentRunner$3.evaluate(ParentRunner.java:306)
	at org.junit.runners.BlockJUnit4ClassRunner$1.evaluate(BlockJUnit4ClassRunner.java:100)
	at org.junit.runners.ParentRunner.runLeaf(ParentRunner.java:366)
	at org.junit.runners.BlockJUnit4ClassRunner.runChild(BlockJUnit4ClassRunner.java:103)
	at org.junit.runners.BlockJUnit4ClassRunner.runChild(BlockJUnit4ClassRunner.java:63)
	at org.junit.runners.ParentRunner$4.run(ParentRunner.java:331)
	at org.junit.runners.ParentRunner$1.schedule(ParentRunner.java:79)
	at org.junit.runners.ParentRunner.runChildren(ParentRunner.java:329)
	at org.junit.runners.ParentRunner.access$100(ParentRunner.java:66)
	at org.junit.runners.ParentRunner$2.evaluate(ParentRunner.java:293)
	at org.junit.internal.runners.statements.RunBefores.evaluate(RunBefores.java:26)
	at org.junit.internal.runners.statements.RunAfters.evaluate(RunAfters.java:27)
	at org.junit.runners.ParentRunner$3.evaluate(ParentRunner.java:306)
	at org.junit.runners.ParentRunner.run(ParentRunner.java:413)
	at org.junit.runners.Suite.runChild(Suite.java:128)
	at org.junit.runners.Suite.runChild(Suite.java:27)
	at org.junit.runners.ParentRunner$4.run(ParentRunner.java:331)
	at org.junit.runners.ParentRunner$1.schedule(ParentRunner.java:79)
	at org.junit.runners.ParentRunner.runChildren(ParentRunner.java:329)
	at org.junit.runners.ParentRunner.access$100(ParentRunner.java:66)
	at org.junit.runners.ParentRunner$2.evaluate(ParentRunner.java:293)
	at org.junit.runners.ParentRunner$3.evaluate(ParentRunner.java:306)
	at org.junit.runners.ParentRunner.run(ParentRunner.java:413)
	at org.apache.maven.surefire.junit4.JUnit4Provider.execute(JUnit4Provider.java:316)
	at org.apache.maven.surefire.junit4.JUnit4Provider.executeWithRerun(JUnit4Provider.java:240)
	at org.apache.maven.surefire.junit4.JUnit4Provider.executeTestSet(JUnit4Provider.java:214)
	at org.apache.maven.surefire.junit4.JUnit4Provider.invoke(JUnit4Provider.java:155)
	at org.apache.maven.surefire.booter.ForkedBooter.runSuitesInProcess(ForkedBooter.java:385)
	at org.apache.maven.surefire.booter.ForkedBooter.execute(ForkedBooter.java:162)
	at org.apache.maven.surefire.booter.ForkedBooter.run(ForkedBooter.java:507)
	at org.apache.maven.surefire.booter.ForkedBooter.main(ForkedBooter.java:495)
Caused by: org.h2.jdbc.JdbcSQLSyntaxErrorException: Cannot drop "tb_cliente" because "fk_venda_cliente" depends on it; SQL statement:

    drop table tb_cliente if  [90107-224]
	at org.h2.message.DbException.getJdbcSQLException(DbException.java:644)
	at org.h2.message.DbException.getJdbcSQLException(DbException.java:489)
	at org.h2.message.DbException.get(DbException.java:223)
	at org.h2.command.ddl.DropTable.prepareDrop(DropTable.java:108)
	at org.h2.command.ddl.DropTable.update(DropTable.java:133)
	at org.h2.command.CommandContainer.update(CommandContainer.java:169)
	at org.h2.command.Command.executeUpdate(Command.java:256)
	at org.h2.jdbc.JdbcStatement.executeInternal(JdbcStatement.java:262)
	at org.h2.jdbc.JdbcStatement.execute(JdbcStatement.java:231)
	at org.hibernate.tool.schema.internal.exec.GenerationTargetToDatabase.accept(GenerationTargetToDatabase.java:54)
	... 56 more

out 22, 2025 7:04:39 PM org.hibernate.tool.schema.internal.ExceptionHandlerLoggedImpl handleException
WARN: GenerationTarget encountered exception accepting command : Error executing DDL "
    drop table tb_produto if exists" via JDBC Statement
org.hibernate.tool.schema.spi.CommandAcceptanceException: Error executing DDL "
    drop table tb_produto if exists" via JDBC Statement
	at org.hibernate.tool.schema.internal.exec.GenerationTargetToDatabase.accept(GenerationTargetToDatabase.java:67)
	at org.hibernate.tool.schema.internal.SchemaDropperImpl.applySqlString(SchemaDropperImpl.java:375)
	at org.hibernate.tool.schema.internal.SchemaDropperImpl.applySqlStrings(SchemaDropperImpl.java:359)
	at org.hibernate.tool.schema.internal.SchemaDropperImpl.dropFromMetadata(SchemaDropperImpl.java:241)
	at org.hibernate.tool.schema.internal.SchemaDropperImpl.performDrop(SchemaDropperImpl.java:154)
	at org.hibernate.tool.schema.internal.SchemaDropperImpl.doDrop(SchemaDropperImpl.java:126)
	at org.hibernate.tool.schema.internal.SchemaDropperImpl.doDrop(SchemaDropperImpl.java:112)
	at org.hibernate.tool.schema.spi.SchemaManagementToolCoordinator.performDatabaseAction(SchemaManagementToolCoordinator.java:144)
	at org.hibernate.tool.schema.spi.SchemaManagementToolCoordinator.process(SchemaManagementToolCoordinator.java:72)
	at org.hibernate.internal.SessionFactoryImpl.<init>(SessionFactoryImpl.java:310)
	at org.hibernate.boot.internal.SessionFactoryBuilderImpl.build(SessionFactoryBuilderImpl.java:467)
	at org.hibernate.jpa.boot.internal.EntityManagerFactoryBuilderImpl.build(EntityManagerFactoryBuilderImpl.java:1250)
	at org.hibernate.jpa.HibernatePersistenceProvider.createEntityManagerFactory(HibernatePersistenceProvider.java:56)
	at javax.persistence.Persistence.createEntityManagerFactory(Persistence.java:79)
	at javax.persistence.Persistence.createEntityManagerFactory(Persistence.java:54)
	at dev.fabiuscaesar.vendasonline.dao.ClienteDAOTest.setUp(ClienteDAOTest.java:41)
	at java.base/jdk.internal.reflect.NativeMethodAccessorImpl.invoke0(Native Method)
	at java.base/jdk.internal.reflect.NativeMethodAccessorImpl.invoke(NativeMethodAccessorImpl.java:62)
	at java.base/jdk.internal.reflect.DelegatingMethodAccessorImpl.invoke(DelegatingMethodAccessorImpl.java:43)
	at java.base/java.lang.reflect.Method.invoke(Method.java:566)
	at org.junit.runners.model.FrameworkMethod$1.runReflectiveCall(FrameworkMethod.java:59)
	at org.junit.internal.runners.model.ReflectiveCallable.run(ReflectiveCallable.java:12)
	at org.junit.runners.model.FrameworkMethod.invokeExplosively(FrameworkMethod.java:56)
	at org.junit.internal.runners.statements.RunBefores.invokeMethod(RunBefores.java:33)
	at org.junit.internal.runners.statements.RunBefores.evaluate(RunBefores.java:24)
	at org.junit.internal.runners.statements.RunAfters.evaluate(RunAfters.java:27)
	at org.junit.runners.ParentRunner$3.evaluate(ParentRunner.java:306)
	at org.junit.runners.BlockJUnit4ClassRunner$1.evaluate(BlockJUnit4ClassRunner.java:100)
	at org.junit.runners.ParentRunner.runLeaf(ParentRunner.java:366)
	at org.junit.runners.BlockJUnit4ClassRunner.runChild(BlockJUnit4ClassRunner.java:103)
	at org.junit.runners.BlockJUnit4ClassRunner.runChild(BlockJUnit4ClassRunner.java:63)
	at org.junit.runners.ParentRunner$4.run(ParentRunner.java:331)
	at org.junit.runners.ParentRunner$1.schedule(ParentRunner.java:79)
	at org.junit.runners.ParentRunner.runChildren(ParentRunner.java:329)
	at org.junit.runners.ParentRunner.access$100(ParentRunner.java:66)
	at org.junit.runners.ParentRunner$2.evaluate(ParentRunner.java:293)
	at org.junit.internal.runners.statements.RunBefores.evaluate(RunBefores.java:26)
	at org.junit.internal.runners.statements.RunAfters.evaluate(RunAfters.java:27)
	at org.junit.runners.ParentRunner$3.evaluate(ParentRunner.java:306)
	at org.junit.runners.ParentRunner.run(ParentRunner.java:413)
	at org.junit.runners.Suite.runChild(Suite.java:128)
	at org.junit.runners.Suite.runChild(Suite.java:27)
	at org.junit.runners.ParentRunner$4.run(ParentRunner.java:331)
	at org.junit.runners.ParentRunner$1.schedule(ParentRunner.java:79)
	at org.junit.runners.ParentRunner.runChildren(ParentRunner.java:329)
	at org.junit.runners.ParentRunner.access$100(ParentRunner.java:66)
	at org.junit.runners.ParentRunner$2.evaluate(ParentRunner.java:293)
	at org.junit.runners.ParentRunner$3.evaluate(ParentRunner.java:306)
	at org.junit.runners.ParentRunner.run(ParentRunner.java:413)
	at org.apache.maven.surefire.junit4.JUnit4Provider.execute(JUnit4Provider.java:316)
	at org.apache.maven.surefire.junit4.JUnit4Provider.executeWithRerun(JUnit4Provider.java:240)
	at org.apache.maven.surefire.junit4.JUnit4Provider.executeTestSet(JUnit4Provider.java:214)
	at org.apache.maven.surefire.junit4.JUnit4Provider.invoke(JUnit4Provider.java:155)
	at org.apache.maven.surefire.booter.ForkedBooter.runSuitesInProcess(ForkedBooter.java:385)
	at org.apache.maven.surefire.booter.ForkedBooter.execute(ForkedBooter.java:162)
	at org.apache.maven.surefire.booter.ForkedBooter.run(ForkedBooter.java:507)
	at org.apache.maven.surefire.booter.ForkedBooter.main(ForkedBooter.java:495)
Caused by: org.h2.jdbc.JdbcSQLSyntaxErrorException: Cannot drop "tb_produto" because "fk_prod_qtd_prod" depends on it; SQL statement:

    drop table tb_produto if  [90107-224]
	at org.h2.message.DbException.getJdbcSQLException(DbException.java:644)
	at org.h2.message.DbException.getJdbcSQLException(DbException.java:489)
	at org.h2.message.DbException.get(DbException.java:223)
	at org.h2.command.ddl.DropTable.prepareDrop(DropTable.java:108)
	at org.h2.command.ddl.DropTable.update(DropTable.java:133)
	at org.h2.command.CommandContainer.update(CommandContainer.java:169)
	at org.h2.command.Command.executeUpdate(Command.java:256)
	at org.h2.jdbc.JdbcStatement.executeInternal(JdbcStatement.java:262)
	at org.h2.jdbc.JdbcStatement.execute(JdbcStatement.java:231)
	at org.hibernate.tool.schema.internal.exec.GenerationTargetToDatabase.accept(GenerationTargetToDatabase.java:54)
	... 56 more

out 22, 2025 7:04:39 PM org.hibernate.resource.transaction.backend.jdbc.internal.DdlTransactionIsolatorNonJtaImpl getIsolatedConnection
INFO: HHH10001501: Connection obtained from JdbcConnectionAccess [org.hibernate.engine.jdbc.env.internal.JdbcEnvironmentInitiator$ConnectionProviderJdbcConnectionAccess@1cd2143b] for (non-JTA) DDL execution was not in auto-commit mode; the Connection 'local transaction' will be committed and the Connection will be set into auto-commit mode.
out 22, 2025 7:04:39 PM org.hibernate.tool.schema.internal.ExceptionHandlerLoggedImpl handleException
WARN: GenerationTarget encountered exception accepting command : Error executing DDL "
    create table tb_cliente (
       id bigint not null,
        cep varchar(9) not null,
        cidade varchar(50) not null,
        cpf bigint not null,
        endereco varchar(50) not null,
        estado varchar(50) not null,
        nome varchar(50) not null,
        numero bigint not null,
        tel bigint not null,
        primary key (id)
    )" via JDBC Statement
org.hibernate.tool.schema.spi.CommandAcceptanceException: Error executing DDL "
    create table tb_cliente (
       id bigint not null,
        cep varchar(9) not null,
        cidade varchar(50) not null,
        cpf bigint not null,
        endereco varchar(50) not null,
        estado varchar(50) not null,
        nome varchar(50) not null,
        numero bigint not null,
        tel bigint not null,
        primary key (id)
    )" via JDBC Statement
	at org.hibernate.tool.schema.internal.exec.GenerationTargetToDatabase.accept(GenerationTargetToDatabase.java:67)
	at org.hibernate.tool.schema.internal.SchemaCreatorImpl.applySqlString(SchemaCreatorImpl.java:440)
	at org.hibernate.tool.schema.internal.SchemaCreatorImpl.applySqlStrings(SchemaCreatorImpl.java:424)
	at org.hibernate.tool.schema.internal.SchemaCreatorImpl.createFromMetadata(SchemaCreatorImpl.java:315)
	at org.hibernate.tool.schema.internal.SchemaCreatorImpl.performCreation(SchemaCreatorImpl.java:166)
	at org.hibernate.tool.schema.internal.SchemaCreatorImpl.doCreation(SchemaCreatorImpl.java:135)
	at org.hibernate.tool.schema.internal.SchemaCreatorImpl.doCreation(SchemaCreatorImpl.java:121)
	at org.hibernate.tool.schema.spi.SchemaManagementToolCoordinator.performDatabaseAction(SchemaManagementToolCoordinator.java:155)
	at org.hibernate.tool.schema.spi.SchemaManagementToolCoordinator.process(SchemaManagementToolCoordinator.java:72)
	at org.hibernate.internal.SessionFactoryImpl.<init>(SessionFactoryImpl.java:310)
	at org.hibernate.boot.internal.SessionFactoryBuilderImpl.build(SessionFactoryBuilderImpl.java:467)
	at org.hibernate.jpa.boot.internal.EntityManagerFactoryBuilderImpl.build(EntityManagerFactoryBuilderImpl.java:1250)
	at org.hibernate.jpa.HibernatePersistenceProvider.createEntityManagerFactory(HibernatePersistenceProvider.java:56)
	at javax.persistence.Persistence.createEntityManagerFactory(Persistence.java:79)
	at javax.persistence.Persistence.createEntityManagerFactory(Persistence.java:54)
	at dev.fabiuscaesar.vendasonline.dao.ClienteDAOTest.setUp(ClienteDAOTest.java:41)
	at java.base/jdk.internal.reflect.NativeMethodAccessorImpl.invoke0(Native Method)
	at java.base/jdk.internal.reflect.NativeMethodAccessorImpl.invoke(NativeMethodAccessorImpl.java:62)
	at java.base/jdk.internal.reflect.DelegatingMethodAccessorImpl.invoke(DelegatingMethodAccessorImpl.java:43)
	at java.base/java.lang.reflect.Method.invoke(Method.java:566)
	at org.junit.runners.model.FrameworkMethod$1.runReflectiveCall(FrameworkMethod.java:59)
	at org.junit.internal.runners.model.ReflectiveCallable.run(ReflectiveCallable.java:12)
	at org.junit.runners.model.FrameworkMethod.invokeExplosively(FrameworkMethod.java:56)
	at org.junit.internal.runners.statements.RunBefores.invokeMethod(RunBefores.java:33)
	at org.junit.internal.runners.statements.RunBefores.evaluate(RunBefores.java:24)
	at org.junit.internal.runners.statements.RunAfters.evaluate(RunAfters.java:27)
	at org.junit.runners.ParentRunner$3.evaluate(ParentRunner.java:306)
	at org.junit.runners.BlockJUnit4ClassRunner$1.evaluate(BlockJUnit4ClassRunner.java:100)
	at org.junit.runners.ParentRunner.runLeaf(ParentRunner.java:366)
	at org.junit.runners.BlockJUnit4ClassRunner.runChild(BlockJUnit4ClassRunner.java:103)
	at org.junit.runners.BlockJUnit4ClassRunner.runChild(BlockJUnit4ClassRunner.java:63)
	at org.junit.runners.ParentRunner$4.run(ParentRunner.java:331)
	at org.junit.runners.ParentRunner$1.schedule(ParentRunner.java:79)
	at org.junit.runners.ParentRunner.runChildren(ParentRunner.java:329)
	at org.junit.runners.ParentRunner.access$100(ParentRunner.java:66)
	at org.junit.runners.ParentRunner$2.evaluate(ParentRunner.java:293)
	at org.junit.internal.runners.statements.RunBefores.evaluate(RunBefores.java:26)
	at org.junit.internal.runners.statements.RunAfters.evaluate(RunAfters.java:27)
	at org.junit.runners.ParentRunner$3.evaluate(ParentRunner.java:306)
	at org.junit.runners.ParentRunner.run(ParentRunner.java:413)
	at org.junit.runners.Suite.runChild(Suite.java:128)
	at org.junit.runners.Suite.runChild(Suite.java:27)
	at org.junit.runners.ParentRunner$4.run(ParentRunner.java:331)
	at org.junit.runners.ParentRunner$1.schedule(ParentRunner.java:79)
	at org.junit.runners.ParentRunner.runChildren(ParentRunner.java:329)
	at org.junit.runners.ParentRunner.access$100(ParentRunner.java:66)
	at org.junit.runners.ParentRunner$2.evaluate(ParentRunner.java:293)
	at org.junit.runners.ParentRunner$3.evaluate(ParentRunner.java:306)
	at org.junit.runners.ParentRunner.run(ParentRunner.java:413)
	at org.apache.maven.surefire.junit4.JUnit4Provider.execute(JUnit4Provider.java:316)
	at org.apache.maven.surefire.junit4.JUnit4Provider.executeWithRerun(JUnit4Provider.java:240)
	at org.apache.maven.surefire.junit4.JUnit4Provider.executeTestSet(JUnit4Provider.java:214)
	at org.apache.maven.surefire.junit4.JUnit4Provider.invoke(JUnit4Provider.java:155)
[...]
        status varchar(20) not null,
        valor_total decimal(19,2) not null,
        id_cliente bigint not null,
        primary key (id)
    )
Hibernate: 
    
    alter table tb_cliente 
       add constraint uk_cliente_cpf unique (cpf)
Hibernate: 
    
    alter table tb_estoque 
       add constraint uk_estoque_produto unique (id_produto)
Hibernate: 
    
    alter table tb_produto 
       add constraint uk_produto_codigo unique (codigo)
Hibernate: 
    
    alter table tb_produto_quantidade 
       add constraint uk_prod_qtd_venda_prod unique (id_venda, id_produto)
Hibernate: 
    
    alter table tb_venda 
       add constraint uk_venda_codigo unique (codigo)
Hibernate: 
    
    alter table tb_estoque 
       add constraint fk_estoque_produto 
       foreign key (id_produto) 
       references tb_produto
Hibernate: 
    
    alter table tb_produto_quantidade 
       add constraint fk_prod_qtd_prod 
       foreign key (id_produto) 
       references tb_produto
Hibernate: 
    
    alter table tb_produto_quantidade 
       add constraint fk_prod_qtd_venda 
       foreign key (id_venda) 
       references tb_venda
Hibernate: 
    
    alter table tb_venda 
       add constraint fk_venda_cliente 
       foreign key (id_cliente) 
       references tb_cliente
Hibernate: 
    delete 
    from
        tb_produto_quantidade
Hibernate: 
    delete 
    from
        tb_venda
Hibernate: 
    delete 
    from
        tb_estoque
Hibernate: 
    delete 
    from
        tb_produto
Hibernate: 
    delete 
    from
        tb_cliente
Hibernate: 
    call next value for sq_cliente
Hibernate: 
    insert 
    into
        tb_cliente
        (cep, cidade, cpf, endereco, estado, nome, numero, tel, id) 
    values
        (?, ?, ?, ?, ?, ?, ?, ?, ?)
Hibernate: 
    select
        cliente0_.id as id1_0_,
        cliente0_.cep as cep2_0_,
        cliente0_.cidade as cidade3_0_,
        cliente0_.cpf as cpf4_0_,
        cliente0_.endereco as endereco5_0_,
        cliente0_.estado as estado6_0_,
        cliente0_.nome as nome7_0_,
        cliente0_.numero as numero8_0_,
        cliente0_.tel as tel9_0_ 
    from
        tb_cliente cliente0_ 
    where
        cliente0_.cpf=?
Hibernate: 
    call next value for sq_produto
Hibernate: 
    insert 
    into
        tb_produto
        (codigo, descricao, modelo, nome, valor, id) 
    values
        (?, ?, ?, ?, ?, ?)
Hibernate: 
    select
        estoque0_.id as id1_1_,
        estoque0_.id_produto as id_produ4_1_,
        estoque0_.quantidade as quantida2_1_,
        estoque0_.updated_at as updated_3_1_ 
    from
        tb_estoque estoque0_ 
    where
        estoque0_.id_produto=?
Hibernate: 
    call next value for sq_estoque
Hibernate: 
    insert 
    into
        tb_estoque
        (id_produto, quantidade, updated_at, id) 
    values
        (?, ?, ?, ?)
Hibernate: 
    update
        tb_estoque 
    set
        quantidade=quantidade+?,
        updated_at=? 
    where
        id_produto=?
Hibernate: 
    call next value for sq_venda
Hibernate: 
    call next value for sq_prod_qtd
Hibernate: 
    insert 
    into
        tb_venda
        (id_cliente, codigo, data_venda, status, valor_total, id) 
    values
        (?, ?, ?, ?, ?, ?)
Hibernate: 
    insert 
    into
        tb_produto_quantidade
        (id_produto, quantidade, valor_total, id_venda, id) 
    values
        (?, ?, ?, ?, ?)
Hibernate: 
    select
        venda0_.id as id1_4_,
        venda0_.id_cliente as id_clien6_4_,
        venda0_.codigo as codigo2_4_,
        venda0_.data_venda as data_ven3_4_,
        venda0_.status as status4_4_,
        venda0_.valor_total as valor_to5_4_ 
    from
        tb_venda venda0_ 
    where
        venda0_.codigo=?
Hibernate: 
    select
        distinct venda0_.id as id1_4_0_,
        cliente1_.id as id1_0_1_,
        produtos2_.id as id1_3_2_,
        produto3_.id as id1_2_3_,
        venda0_.id_cliente as id_clien6_4_0_,
        venda0_.codigo as codigo2_4_0_,
        venda0_.data_venda as data_ven3_4_0_,
        venda0_.status as status4_4_0_,
        venda0_.valor_total as valor_to5_4_0_,
        cliente1_.cep as cep2_0_1_,
        cliente1_.cidade as cidade3_0_1_,
        cliente1_.cpf as cpf4_0_1_,
        cliente1_.endereco as endereco5_0_1_,
        cliente1_.estado as estado6_0_1_,
        cliente1_.nome as nome7_0_1_,
        cliente1_.numero as numero8_0_1_,
        cliente1_.tel as tel9_0_1_,
        produtos2_.id_produto as id_produ4_3_2_,
        produtos2_.quantidade as quantida2_3_2_,
        produtos2_.valor_total as valor_to3_3_2_,
        produtos2_.id_venda as id_venda5_3_2_,
        produtos2_.id_venda as id_venda5_3_0__,
        produtos2_.id as id1_3_0__,
        produto3_.codigo as codigo2_2_3_,
        produto3_.descricao as descrica3_2_3_,
        produto3_.modelo as modelo4_2_3_,
        produto3_.nome as nome5_2_3_,
        produto3_.valor as valor6_2_3_ 
    from
        tb_venda venda0_ 
    inner join
        tb_cliente cliente1_ 
            on venda0_.id_cliente=cliente1_.id 
    left outer join
        tb_produto_quantidade produtos2_ 
            on venda0_.id=produtos2_.id_venda 
    left outer join
        tb_produto produto3_ 
            on produtos2_.id_produto=produto3_.id 
    where
        venda0_.codigo=?
Hibernate: 
    update
        tb_estoque 
    set
        quantidade=quantidade-?,
        updated_at=? 
    where
        id_produto=? 
        and quantidade>=?
Hibernate: 
    select
        venda0_.id as id1_4_0_,
        venda0_.id_cliente as id_clien6_4_0_,
        venda0_.codigo as codigo2_4_0_,
        venda0_.data_venda as data_ven3_4_0_,
        venda0_.status as status4_4_0_,
        venda0_.valor_total as valor_to5_4_0_,
        cliente1_.id as id1_0_1_,
        cliente1_.cep as cep2_0_1_,
        cliente1_.cidade as cidade3_0_1_,
        cliente1_.cpf as cpf4_0_1_,
        cliente1_.endereco as endereco5_0_1_,
        cliente1_.estado as estado6_0_1_,
        cliente1_.nome as nome7_0_1_,
        cliente1_.numero as numero8_0_1_,
        cliente1_.tel as tel9_0_1_ 
    from
        tb_venda venda0_ 
    inner join
        tb_cliente cliente1_ 
            on venda0_.id_cliente=cliente1_.id 
    where
        venda0_.id=?
Hibernate: 
    update
        tb_venda 
    set
        id_cliente=?,
        codigo=?,
        data_venda=?,
        status=?,
        valor_total=? 
    where
        id=?
Hibernate: 
    select
        venda0_.id as id1_4_,
        venda0_.id_cliente as id_clien6_4_,
        venda0_.codigo as codigo2_4_,
        venda0_.data_venda as data_ven3_4_,
        venda0_.status as status4_4_,
        venda0_.valor_total as valor_to5_4_ 
    from
        tb_venda venda0_ 
    where
        venda0_.codigo=?
Hibernate: 
    select
        estoque0_.id as id1_1_,
        estoque0_.id_produto as id_produ4_1_,
        estoque0_.quantidade as quantida2_1_,
        estoque0_.updated_at as updated_3_1_ 
    from
        tb_estoque estoque0_ 
    where
        estoque0_.id_produto=?
Hibernate: 
    delete 
    from
        tb_produto_quantidade
Hibernate: 
    delete 
    from
        tb_venda
Hibernate: 
    delete 
    from
        tb_estoque
Hibernate: 
    delete 
    from
        tb_produto
Hibernate: 
    delete 
    from
        tb_cliente
]]></system-out>
    <system-err><![CDATA[out 22, 2025 7:04:44 PM org.hibernate.engine.jdbc.connections.internal.DriverManagerConnectionProviderImpl stop
INFO: HHH10001008: Cleaning up connection pool [jdbc:h2:mem:vendasonline_test;MODE=PostgreSQL;DB_CLOSE_DELAY=0;DATABASE_TO_UPPER=false]
out 22, 2025 7:04:44 PM org.hibernate.jpa.internal.util.LogHelper logPersistenceUnitInformation
INFO: HHH000204: Processing PersistenceUnitInfo [
	name: test
	...]
out 22, 2025 7:04:44 PM org.hibernate.engine.jdbc.connections.internal.DriverManagerConnectionProviderImpl configure
WARN: HHH10001002: Using Hibernate built-in connection pool (not for production use!)
out 22, 2025 7:04:44 PM org.hibernate.engine.jdbc.connections.internal.DriverManagerConnectionProviderImpl buildCreator
INFO: HHH10001005: using driver [org.h2.Driver] at URL [jdbc:h2:mem:vendasonline_test;MODE=PostgreSQL;DB_CLOSE_DELAY=0;DATABASE_TO_UPPER=false]
out 22, 2025 7:04:44 PM org.hibernate.engine.jdbc.connections.internal.DriverManagerConnectionProviderImpl buildCreator
INFO: HHH10001001: Connection properties: {password=****, user=sa}
out 22, 2025 7:04:44 PM org.hibernate.engine.jdbc.connections.internal.DriverManagerConnectionProviderImpl buildCreator
INFO: HHH10001003: Autocommit mode: false
out 22, 2025 7:04:44 PM org.hibernate.engine.jdbc.connections.internal.DriverManagerConnectionProviderImpl$PooledConnections <init>
INFO: HHH000115: Hibernate connection pool size: 20 (min=1)
out 22, 2025 7:04:44 PM org.hibernate.dialect.Dialect <init>
INFO: HHH000400: Using dialect: org.hibernate.dialect.H2Dialect
out 22, 2025 7:04:44 PM org.hibernate.resource.beans.spi.ManagedBeanRegistryInitiator resoveBeanContainer
INFO: HHH10005002: No explicit CDI BeanManager reference was passed to Hibernate, but CDI is available on the Hibernate ClassLoader.
out 22, 2025 7:04:44 PM org.hibernate.resource.transaction.backend.jdbc.internal.DdlTransactionIsolatorNonJtaImpl getIsolatedConnection
INFO: HHH10001501: Connection obtained from JdbcConnectionAccess [org.hibernate.engine.jdbc.env.internal.JdbcEnvironmentInitiator$ConnectionProviderJdbcConnectionAccess@7282f7b1] for (non-JTA) DDL execution was not in auto-commit mode; the Connection 'local transaction' will be committed and the Connection will be set into auto-commit mode.
out 22, 2025 7:04:44 PM org.hibernate.resource.transaction.backend.jdbc.internal.DdlTransactionIsolatorNonJtaImpl getIsolatedConnection
INFO: HHH10001501: Connection obtained from JdbcConnectionAccess [org.hibernate.engine.jdbc.env.internal.JdbcEnvironmentInitiator$ConnectionProviderJdbcConnectionAccess@7263b0c4] for (non-JTA) DDL execution was not in auto-commit mode; the Connection 'local transaction' will be committed and the Connection will be set into auto-commit mode.
out 22, 2025 7:04:44 PM org.hibernate.tool.schema.internal.SchemaCreatorImpl applyImportSources
INFO: HHH000476: Executing import script 'org.hibernate.tool.schema.internal.exec.ScriptSourceInputNonExistentImpl@1e84f3c8'
out 22, 2025 7:04:45 PM org.hibernate.hql.internal.QueryTranslatorFactoryInitiator initiateService
INFO: HHH000397: Using ASTQueryTranslatorFactory
]]></system-err>
  </testcase>
  <testcase name="deveCancelarVendaFinalizadaEDevolverEstoque" classname="dev.fabiuscaesar.vendasonline.service.VendaServiceTest" time="0.053">
    <system-out><![CDATA[Hibernate: 
    delete 
    from
        tb_produto_quantidade
Hibernate: 
    delete 
    from
        tb_venda
Hibernate: 
    delete 
    from
        tb_estoque
Hibernate: 
    delete 
    from
        tb_produto
Hibernate: 
    delete 
    from
        tb_cliente
Hibernate: 
    call next value for sq_cliente
Hibernate: 
    insert 
    into
        tb_cliente
        (cep, cidade, cpf, endereco, estado, nome, numero, tel, id) 
    values
        (?, ?, ?, ?, ?, ?, ?, ?, ?)
Hibernate: 
    select
        cliente0_.id as id1_0_,
        cliente0_.cep as cep2_0_,
        cliente0_.cidade as cidade3_0_,
        cliente0_.cpf as cpf4_0_,
        cliente0_.endereco as endereco5_0_,
        cliente0_.estado as estado6_0_,
        cliente0_.nome as nome7_0_,
        cliente0_.numero as numero8_0_,
        cliente0_.tel as tel9_0_ 
    from
        tb_cliente cliente0_ 
    where
        cliente0_.cpf=?
Hibernate: 
    call next value for sq_produto
Hibernate: 
    insert 
    into
        tb_produto
        (codigo, descricao, modelo, nome, valor, id) 
    values
        (?, ?, ?, ?, ?, ?)
Hibernate: 
    select
        estoque0_.id as id1_1_,
        estoque0_.id_produto as id_produ4_1_,
        estoque0_.quantidade as quantida2_1_,
        estoque0_.updated_at as updated_3_1_ 
    from
        tb_estoque estoque0_ 
    where
        estoque0_.id_produto=?
Hibernate: 
    call next value for sq_estoque
Hibernate: 
    insert 
    into
        tb_estoque
        (id_produto, quantidade, updated_at, id) 
    values
        (?, ?, ?, ?)
Hibernate: 
    update
        tb_estoque 
    set
        quantidade=quantidade+?,
        updated_at=? 
    where
        id_produto=?
Hibernate: 
    call next value for sq_venda
Hibernate: 
    call next value for sq_prod_qtd
Hibernate: 
    insert 
    into
        tb_venda
        (id_cliente, codigo, data_venda, status, valor_total, id) 
    values
        (?, ?, ?, ?, ?, ?)
Hibernate: 
    insert 
    into
        tb_produto_quantidade
        (id_produto, quantidade, valor_total, id_venda, id) 
    values
        (?, ?, ?, ?, ?)
Hibernate: 
    select
        venda0_.id as id1_4_,
        venda0_.id_cliente as id_clien6_4_,
        venda0_.codigo as codigo2_4_,
        venda0_.data_venda as data_ven3_4_,
        venda0_.status as status4_4_,
        venda0_.valor_total as valor_to5_4_ 
    from
        tb_venda venda0_ 
    where
        venda0_.codigo=?
Hibernate: 
    select
        distinct venda0_.id as id1_4_0_,
        cliente1_.id as id1_0_1_,
        produtos2_.id as id1_3_2_,
        produto3_.id as id1_2_3_,
        venda0_.id_cliente as id_clien6_4_0_,
        venda0_.codigo as codigo2_4_0_,
        venda0_.data_venda as data_ven3_4_0_,
        venda0_.status as status4_4_0_,
        venda0_.valor_total as valor_to5_4_0_,
        cliente1_.cep as cep2_0_1_,
        cliente1_.cidade as cidade3_0_1_,
        cliente1_.cpf as cpf4_0_1_,
        cliente1_.endereco as endereco5_0_1_,
        cliente1_.estado as estado6_0_1_,
        cliente1_.nome as nome7_0_1_,
        cliente1_.numero as numero8_0_1_,
        cliente1_.tel as tel9_0_1_,
        produtos2_.id_produto as id_produ4_3_2_,
        produtos2_.quantidade as quantida2_3_2_,
        produtos2_.valor_total as valor_to3_3_2_,
        produtos2_.id_venda as id_venda5_3_2_,
        produtos2_.id_venda as id_venda5_3_0__,
        produtos2_.id as id1_3_0__,
        produto3_.codigo as codigo2_2_3_,
        produto3_.descricao as descrica3_2_3_,
        produto3_.modelo as modelo4_2_3_,
        produto3_.nome as nome5_2_3_,
        produto3_.valor as valor6_2_3_ 
    from
        tb_venda venda0_ 
    inner join
        tb_cliente cliente1_ 
            on venda0_.id_cliente=cliente1_.id 
    left outer join
        tb_produto_quantidade produtos2_ 
            on venda0_.id=produtos2_.id_venda 
    left outer join
        tb_produto produto3_ 
            on produtos2_.id_produto=produto3_.id 
    where
        venda0_.codigo=?
Hibernate: 
    update
        tb_estoque 
    set
        quantidade=quantidade-?,
        updated_at=? 
    where
        id_produto=? 
        and quantidade>=?
Hibernate: 
    select
        venda0_.id as id1_4_0_,
        venda0_.id_cliente as id_clien6_4_0_,
        venda0_.codigo as codigo2_4_0_,
        venda0_.data_venda as data_ven3_4_0_,
        venda0_.status as status4_4_0_,
        venda0_.valor_total as valor_to5_4_0_,
        cliente1_.id as id1_0_1_,
        cliente1_.cep as cep2_0_1_,
        cliente1_.cidade as cidade3_0_1_,
        cliente1_.cpf as cpf4_0_1_,
        cliente1_.endereco as endereco5_0_1_,
        cliente1_.estado as estado6_0_1_,
        cliente1_.nome as nome7_0_1_,
        cliente1_.numero as numero8_0_1_,
        cliente1_.tel as tel9_0_1_ 
    from
        tb_venda venda0_ 
    inner join
        tb_cliente cliente1_ 
            on venda0_.id_cliente=cliente1_.id 
    where
        venda0_.id=?
Hibernate: 
    update
        tb_venda 
    set
        id_cliente=?,
        codigo=?,
        data_venda=?,
        status=?,
        valor_total=? 
    where
        id=?
Hibernate: 
    select
        distinct venda0_.id as id1_4_0_,
        cliente1_.id as id1_0_1_,
        produtos2_.id as id1_3_2_,
        produto3_.id as id1_2_3_,
        venda0_.id_cliente as id_clien6_4_0_,
        venda0_.codigo as codigo2_4_0_,
        venda0_.data_venda as data_ven3_4_0_,
        venda0_.status as status4_4_0_,
        venda0_.valor_total as valor_to5_4_0_,
        cliente1_.cep as cep2_0_1_,
        cliente1_.cidade as cidade3_0_1_,
        cliente1_.cpf as cpf4_0_1_,
        cliente1_.endereco as endereco5_0_1_,
        cliente1_.estado as estado6_0_1_,
        cliente1_.nome as nome7_0_1_,
        cliente1_.numero as numero8_0_1_,
        cliente1_.tel as tel9_0_1_,
        produtos2_.id_produto as id_produ4_3_2_,
        produtos2_.quantidade as quantida2_3_2_,
        produtos2_.valor_total as valor_to3_3_2_,
        produtos2_.id_venda as id_venda5_3_2_,
        produtos2_.id_venda as id_venda5_3_0__,
        produtos2_.id as id1_3_0__,
        produto3_.codigo as codigo2_2_3_,
        produto3_.descricao as descrica3_2_3_,
        produto3_.modelo as modelo4_2_3_,
        produto3_.nome as nome5_2_3_,
        produto3_.valor as valor6_2_3_ 
    from
        tb_venda venda0_ 
    inner join
        tb_cliente cliente1_ 
            on venda0_.id_cliente=cliente1_.id 
    left outer join
        tb_produto_quantidade produtos2_ 
            on venda0_.id=produtos2_.id_venda 
    left outer join
        tb_produto produto3_ 
            on produtos2_.id_produto=produto3_.id 
    where
        venda0_.codigo=?
Hibernate: 
    update
        tb_estoque 
    set
        quantidade=quantidade+?,
        updated_at=? 
    where
        id_produto=?
Hibernate: 
    select
        venda0_.id as id1_4_0_,
        venda0_.id_cliente as id_clien6_4_0_,
        venda0_.codigo as codigo2_4_0_,
        venda0_.data_venda as data_ven3_4_0_,
        venda0_.status as status4_4_0_,
        venda0_.valor_total as valor_to5_4_0_,
        cliente1_.id as id1_0_1_,
        cliente1_.cep as cep2_0_1_,
        cliente1_.cidade as cidade3_0_1_,
        cliente1_.cpf as cpf4_0_1_,
        cliente1_.endereco as endereco5_0_1_,
        cliente1_.estado as estado6_0_1_,
        cliente1_.nome as nome7_0_1_,
        cliente1_.numero as numero8_0_1_,
        cliente1_.tel as tel9_0_1_ 
    from
        tb_venda venda0_ 
    inner join
        tb_cliente cliente1_ 
            on venda0_.id_cliente=cliente1_.id 
    where
        venda0_.id=?
Hibernate: 
    update
        tb_venda 
    set
        id_cliente=?,
        codigo=?,
        data_venda=?,
        status=?,
        valor_total=? 
    where
        id=?
Hibernate: 
    select
        estoque0_.id as id1_1_,
        estoque0_.id_produto as id_produ4_1_,
        estoque0_.quantidade as quantida2_1_,
        estoque0_.updated_at as updated_3_1_ 
    from
        tb_estoque estoque0_ 
    where
        estoque0_.id_produto=?
Hibernate: 
    select
        venda0_.id as id1_4_,
        venda0_.id_cliente as id_clien6_4_,
        venda0_.codigo as codigo2_4_,
        venda0_.data_venda as data_ven3_4_,
        venda0_.status as status4_4_,
        venda0_.valor_total as valor_to5_4_ 
    from
        tb_venda venda0_ 
    where
        venda0_.codigo=?
Hibernate: 
    delete 
    from
        tb_produto_quantidade
Hibernate: 
    delete 
    from
        tb_venda
Hibernate: 
    delete 
    from
        tb_estoque
Hibernate: 
    delete 
    from
        tb_produto
Hibernate: 
    delete 
    from
        tb_cliente
]]></system-out>
  </testcase>
</testsuite>