<?xml version="1.0" encoding="UTF-8"?>
<testsuite xmlns:xsi="http://www.w3.org/2001/XMLSchema-instance" xsi:noNamespaceSchemaLocation="https://maven.apache.org/surefire/maven-surefire-plugin/xsd/surefire-test-report-3.0.xsd" version="3.0" name="dev.fabiuscaesar.vendasonline.dao.EstoqueDAOTest" time="0.243" tests="6" errors="0" skipped="0" failures="0">
  <properties>
[...]
</properties>
  <testcase name="deveFalharSeSaldoInsuficiente" classname="dev.fabiuscaesar.vendasonline.dao.EstoqueDAOTest" time="0.021">
    <system-out><![CDATA[Hibernate: 
    
    drop table tb_cliente if exists
Hibernate: 
    
    drop table tb_estoque if exists
Hibernate: 
    
    drop table tb_produto if exists
Hibernate: 
    
    drop table tb_produto_quantidade if exists
Hibernate: 
    
    drop table tb_venda if exists
Hibernate: 
    
    drop sequence if exists sq_cliente
Hibernate: 
    
    drop sequence if exists sq_estoque
Hibernate: 
    
    drop sequence if exists sq_prod_qtd
Hibernate: 
    
    drop sequence if exists sq_produto
Hibernate: 
    
    drop sequence if exists sq_venda
Hibernate: create sequence sq_cliente start with 1 increment by 1
Hibernate: create sequence sq_estoque start with 1 increment by 1
Hibernate: create sequence sq_prod_qtd start with 1 increment by 1
Hibernate: create sequence sq_produto start with 1 increment by 1
Hibernate: create sequence sq_venda start with 1 increment by 1
Hibernate: 
    
    create table tb_cliente (
       id bigint not null,
        cep varchar(9) not null,
        cidade varchar(50) not null,
        cpf bigint not null,
        endereco varchar(50) not null,
        estado varchar(50) not null,
        nome varchar(50) not null,
        numero bigint not null,
        tel bigint not null,
        primary key (id)
    )
Hibernate: 
    
    create table tb_estoque (
       id bigint not null,
        quantidade integer not null,
        updated_at timestamp,
        id_produto bigint not null,
        primary key (id)
    )
Hibernate: 
    
    create table tb_produto (
       id bigint not null,
        codigo varchar(10) not null,
        descricao varchar(100) not null,
        modelo varchar(50) not null,
        nome varchar(50) not null,
        valor decimal(10,2) not null,
        primary key (id)
    )
Hibernate: 
    
    create table tb_produto_quantidade (
       id bigint not null,
        quantidade integer not null,
        valor_total decimal(19,2) not null,
        id_produto bigint not null,
        id_venda bigint not null,
        primary key (id)
    )
Hibernate: 
    
    create table tb_venda (
       id bigint not null,
        codigo varchar(20) not null,
        data_venda timestamp not null,
        status varchar(20) not null,
        valor_total decimal(19,2) not null,
        id_cliente bigint not null,
        primary key (id)
    )
Hibernate: 
    
    alter table tb_cliente 
       add constraint uk_cliente_cpf unique (cpf)
Hibernate: 
    
    alter table tb_estoque 
       add constraint uk_estoque_produto unique (id_produto)
Hibernate: 
    
    alter table tb_produto 
       add constraint uk_produto_codigo unique (codigo)
Hibernate: 
    
    alter table tb_produto_quantidade 
       add constraint uk_prod_qtd_venda_prod unique (id_venda, id_produto)
Hibernate: 
    
    alter table tb_venda 
       add constraint uk_venda_codigo unique (codigo)
Hibernate: 
    
    alter table tb_estoque 
       add constraint fk_estoque_produto 
       foreign key (id_produto) 
       references tb_produto
Hibernate: 
    
    alter table tb_produto_quantidade 
       add constraint fk_prod_qtd_prod 
       foreign key (id_produto) 
       references tb_produto
Hibernate: 
    
    alter table tb_produto_quantidade 
       add constraint fk_prod_qtd_venda 
       foreign key (id_venda) 
       references tb_venda
Hibernate: 
    
    alter table tb_venda 
       add constraint fk_venda_cliente 
       foreign key (id_cliente) 
       references tb_cliente
Hibernate: 
    delete 
    from
        tb_estoque
Hibernate: 
    delete 
    from
        tb_produto
Hibernate: 
    call next value for sq_produto
Hibernate: 
    insert 
    into
        tb_produto
        (codigo, descricao, modelo, nome, valor, id) 
    values
        (?, ?, ?, ?, ?, ?)
Hibernate: 
    call next value for sq_estoque
Hibernate: 
    insert 
    into
        tb_estoque
        (id_produto, quantidade, updated_at, id) 
    values
        (?, ?, ?, ?)
Hibernate: 
    select
        estoque0_.id as id1_1_,
        estoque0_.id_produto as id_produ4_1_,
        estoque0_.quantidade as quantida2_1_,
        estoque0_.updated_at as updated_3_1_ 
    from
        tb_estoque estoque0_ 
    where
        estoque0_.id_produto=?
Hibernate: 
    update
        tb_estoque 
    set
        quantidade=quantidade-?,
        updated_at=? 
    where
        id_produto=? 
        and quantidade>=?
Hibernate: 
    select
        estoque0_.id as id1_1_,
        estoque0_.id_produto as id_produ4_1_,
        estoque0_.quantidade as quantida2_1_,
        estoque0_.updated_at as updated_3_1_ 
    from
        tb_estoque estoque0_ 
    where
        estoque0_.id_produto=?
Hibernate: 
    delete 
    from
        tb_estoque
Hibernate: 
    delete 
    from
        tb_produto
]]></system-out>
    <system-err><![CDATA[out 22, 2025 12:10:49 PM org.hibernate.jpa.internal.util.LogHelper logPersistenceUnitInformation
INFO: HHH000204: Processing PersistenceUnitInfo [
	name: test
	...]
out 22, 2025 12:10:49 PM org.hibernate.engine.jdbc.connections.internal.DriverManagerConnectionProviderImpl configure
WARN: HHH10001002: Using Hibernate built-in connection pool (not for production use!)
out 22, 2025 12:10:49 PM org.hibernate.engine.jdbc.connections.internal.DriverManagerConnectionProviderImpl buildCreator
INFO: HHH10001005: using driver [org.h2.Driver] at URL [jdbc:h2:mem:vendasonline_test;MODE=PostgreSQL;DB_CLOSE_DELAY=0;DATABASE_TO_UPPER=false]
out 22, 2025 12:10:49 PM org.hibernate.engine.jdbc.connections.internal.DriverManagerConnectionProviderImpl buildCreator
INFO: HHH10001001: Connection properties: {password=****, user=sa}
out 22, 2025 12:10:49 PM org.hibernate.engine.jdbc.connections.internal.DriverManagerConnectionProviderImpl buildCreator
INFO: HHH10001003: Autocommit mode: false
out 22, 2025 12:10:49 PM org.hibernate.engine.jdbc.connections.internal.DriverManagerConnectionProviderImpl$PooledConnections <init>
INFO: HHH000115: Hibernate connection pool size: 20 (min=1)
out 22, 2025 12:10:49 PM org.hibernate.dialect.Dialect <init>
INFO: HHH000400: Using dialect: org.hibernate.dialect.H2Dialect
out 22, 2025 12:10:50 PM org.hibernate.resource.beans.spi.ManagedBeanRegistryInitiator resoveBeanContainer
INFO: HHH10005002: No explicit CDI BeanManager reference was passed to Hibernate, but CDI is available on the Hibernate ClassLoader.
out 22, 2025 12:10:50 PM org.hibernate.resource.transaction.backend.jdbc.internal.DdlTransactionIsolatorNonJtaImpl getIsolatedConnection
INFO: HHH10001501: Connection obtained from JdbcConnectionAccess [org.hibernate.engine.jdbc.env.internal.JdbcEnvironmentInitiator$ConnectionProviderJdbcConnectionAccess@5f510929] for (non-JTA) DDL execution was not in auto-commit mode; the Connection 'local transaction' will be committed and the Connection will be set into auto-commit mode.
out 22, 2025 12:10:50 PM org.hibernate.resource.transaction.backend.jdbc.internal.DdlTransactionIsolatorNonJtaImpl getIsolatedConnection
INFO: HHH10001501: Connection obtained from JdbcConnectionAccess [org.hibernate.engine.jdbc.env.internal.JdbcEnvironmentInitiator$ConnectionProviderJdbcConnectionAccess@55a2ca5e] for (non-JTA) DDL execution was not in auto-commit mode; the Connection 'local transaction' will be committed and the Connection will be set into auto-commit mode.
out 22, 2025 12:10:50 PM org.hibernate.tool.schema.internal.SchemaCreatorImpl applyImportSources
INFO: HHH000476: Executing import script 'org.hibernate.tool.schema.internal.exec.ScriptSourceInputNonExistentImpl@1e84f3c8'
out 22, 2025 12:10:50 PM org.hibernate.hql.internal.QueryTranslatorFactoryInitiator initiateService
INFO: HHH000397: Using ASTQueryTranslatorFactory
]]></system-err>
  </testcase>
  <testcase name="incrementarNaoAlteraQuandoQtdNaoPositiva" classname="dev.fabiuscaesar.vendasonline.dao.EstoqueDAOTest" time="0.008">
    <system-out><![CDATA[Hibernate: 
    delete 
    from
        tb_estoque
Hibernate: 
    delete 
    from
        tb_produto
Hibernate: 
    call next value for sq_produto
Hibernate: 
    insert 
    into
        tb_produto
        (codigo, descricao, modelo, nome, valor, id) 
    values
        (?, ?, ?, ?, ?, ?)
Hibernate: 
    call next value for sq_estoque
Hibernate: 
    insert 
    into
        tb_estoque
        (id_produto, quantidade, updated_at, id) 
    values
        (?, ?, ?, ?)
Hibernate: 
    select
        estoque0_.id as id1_1_,
        estoque0_.id_produto as id_produ4_1_,
        estoque0_.quantidade as quantida2_1_,
        estoque0_.updated_at as updated_3_1_ 
    from
        tb_estoque estoque0_ 
    where
        estoque0_.id_produto=?
Hibernate: 
    select
        estoque0_.id as id1_1_,
        estoque0_.id_produto as id_produ4_1_,
        estoque0_.quantidade as quantida2_1_,
        estoque0_.updated_at as updated_3_1_ 
    from
        tb_estoque estoque0_ 
    where
        estoque0_.id_produto=?
Hibernate: 
    delete 
    from
        tb_estoque
Hibernate: 
    delete 
    from
        tb_produto
]]></system-out>
  </testcase>
  <testcase name="deveIncrementar" classname="dev.fabiuscaesar.vendasonline.dao.EstoqueDAOTest" time="0.016">
    <system-out><![CDATA[Hibernate: 
    delete 
    from
        tb_estoque
Hibernate: 
    delete 
    from
        tb_produto
Hibernate: 
    call next value for sq_produto
Hibernate: 
    insert 
    into
        tb_produto
        (codigo, descricao, modelo, nome, valor, id) 
    values
        (?, ?, ?, ?, ?, ?)
Hibernate: 
    call next value for sq_estoque
Hibernate: 
    insert 
    into
        tb_estoque
        (id_produto, quantidade, updated_at, id) 
    values
        (?, ?, ?, ?)
Hibernate: 
    select
        estoque0_.id as id1_1_,
        estoque0_.id_produto as id_produ4_1_,
        estoque0_.quantidade as quantida2_1_,
        estoque0_.updated_at as updated_3_1_ 
    from
        tb_estoque estoque0_ 
    where
        estoque0_.id_produto=?
Hibernate: 
    update
        tb_estoque 
    set
        quantidade=quantidade+?,
        updated_at=? 
    where
        id_produto=?
Hibernate: 
    select
        estoque0_.id as id1_1_,
        estoque0_.id_produto as id_produ4_1_,
        estoque0_.quantidade as quantida2_1_,
        estoque0_.updated_at as updated_3_1_ 
    from
        tb_estoque estoque0_ 
    where
        estoque0_.id_produto=?
Hibernate: 
    delete 
    from
        tb_estoque
Hibernate: 
    delete 
    from
        tb_produto
]]></system-out>
  </testcase>
  <testcase name="decrementarFalhaSeNaoExisteEstoque" classname="dev.fabiuscaesar.vendasonline.dao.EstoqueDAOTest" time="0.009">
    <system-out><![CDATA[Hibernate: 
    delete 
    from
        tb_estoque
Hibernate: 
    delete 
    from
        tb_produto
Hibernate: 
    call next value for sq_produto
Hibernate: 
    insert 
    into
        tb_produto
        (codigo, descricao, modelo, nome, valor, id) 
    values
        (?, ?, ?, ?, ?, ?)
Hibernate: 
    select
        estoque0_.id as id1_1_,
        estoque0_.id_produto as id_produ4_1_,
        estoque0_.quantidade as quantida2_1_,
        estoque0_.updated_at as updated_3_1_ 
    from
        tb_estoque estoque0_ 
    where
        estoque0_.id_produto=?
Hibernate: 
    update
        tb_estoque 
    set
        quantidade=quantidade-?,
        updated_at=? 
    where
        id_produto=? 
        and quantidade>=?
Hibernate: 
    select
        estoque0_.id as id1_1_,
        estoque0_.id_produto as id_produ4_1_,
        estoque0_.quantidade as quantida2_1_,
        estoque0_.updated_at as updated_3_1_ 
    from
        tb_estoque estoque0_ 
    where
        estoque0_.id_produto=?
Hibernate: 
    delete 
    from
        tb_estoque
Hibernate: 
    delete 
    from
        tb_produto
]]></system-out>
  </testcase>
  <testcase name="decrementarNaoAlteraQuandoQtdNaoPositiva" classname="dev.fabiuscaesar.vendasonline.dao.EstoqueDAOTest" time="0.018">
    <system-out><![CDATA[Hibernate: 
    delete 
    from
        tb_estoque
Hibernate: 
    delete 
    from
        tb_produto
Hibernate: 
    call next value for sq_produto
Hibernate: 
    insert 
    into
        tb_produto
        (codigo, descricao, modelo, nome, valor, id) 
    values
        (?, ?, ?, ?, ?, ?)
Hibernate: 
    call next value for sq_estoque
Hibernate: 
    insert 
    into
        tb_estoque
        (id_produto, quantidade, updated_at, id) 
    values
        (?, ?, ?, ?)
Hibernate: 
    select
        estoque0_.id as id1_1_,
        estoque0_.id_produto as id_produ4_1_,
        estoque0_.quantidade as quantida2_1_,
        estoque0_.updated_at as updated_3_1_ 
    from
        tb_estoque estoque0_ 
    where
        estoque0_.id_produto=?
Hibernate: 
    select
        estoque0_.id as id1_1_,
        estoque0_.id_produto as id_produ4_1_,
        estoque0_.quantidade as quantida2_1_,
        estoque0_.updated_at as updated_3_1_ 
    from
        tb_estoque estoque0_ 
    where
        estoque0_.id_produto=?
Hibernate: 
    delete 
    from
        tb_estoque
Hibernate: 
    delete 
    from
        tb_produto
]]></system-out>
  </testcase>
  <testcase name="deveDecrementarComSaldoSuficiente" classname="dev.fabiuscaesar.vendasonline.dao.EstoqueDAOTest" time="0.017">
    <system-out><![CDATA[Hibernate: 
    delete 
    from
        tb_estoque
Hibernate: 
    delete 
    from
        tb_produto
Hibernate: 
    call next value for sq_produto
Hibernate: 
    insert 
    into
        tb_produto
        (codigo, descricao, modelo, nome, valor, id) 
    values
        (?, ?, ?, ?, ?, ?)
Hibernate: 
    call next value for sq_estoque
Hibernate: 
    insert 
    into
        tb_estoque
        (id_produto, quantidade, updated_at, id) 
    values
        (?, ?, ?, ?)
Hibernate: 
    select
        estoque0_.id as id1_1_,
        estoque0_.id_produto as id_produ4_1_,
        estoque0_.quantidade as quantida2_1_,
        estoque0_.updated_at as updated_3_1_ 
    from
        tb_estoque estoque0_ 
    where
        estoque0_.id_produto=?
Hibernate: 
    update
        tb_estoque 
    set
        quantidade=quantidade-?,
        updated_at=? 
    where
        id_produto=? 
        and quantidade>=?
Hibernate: 
    select
        estoque0_.id as id1_1_,
        estoque0_.id_produto as id_produ4_1_,
        estoque0_.quantidade as quantida2_1_,
        estoque0_.updated_at as updated_3_1_ 
    from
        tb_estoque estoque0_ 
    where
        estoque0_.id_produto=?
Hibernate: 
    delete 
    from
        tb_estoque
Hibernate: 
    delete 
    from
        tb_produto
]]></system-out>
  </testcase>
</testsuite>